ARM GAS  C:\Users\embedded\AppData\Local\Temp\ccmKFuWN.s 			page 1


   1              		.cpu arm7tdmi
   2              		.eabi_attribute 20, 1
   3              		.eabi_attribute 21, 1
   4              		.eabi_attribute 23, 3
   5              		.eabi_attribute 24, 1
   6              		.eabi_attribute 25, 1
   7              		.eabi_attribute 26, 1
   8              		.eabi_attribute 30, 6
   9              		.eabi_attribute 34, 0
  10              		.eabi_attribute 18, 4
  11              		.file	"additional.c"
  12              		.text
  13              	.Ltext0:
  14              		.cfi_sections	.debug_frame
  15              		.align	1
  16              		.global	udelay
  17              		.syntax unified
  18              		.code	16
  19              		.thumb_func
  20              		.fpu softvfp
  21              		.type	udelay, %function
  22              	udelay:
  23              	.LFB0:
  24              		.file 1 "additional.c"
   1:additional.c  **** /*
   2:additional.c  ****     Plik, zawierający kod źródłowy funkcji
   3:additional.c  ****     pomocniczych.
   4:additional.c  **** */
   5:additional.c  **** 
   6:additional.c  **** #include "additional.h"
   7:additional.c  **** 
   8:additional.c  **** 
   9:additional.c  **** void udelay(tU32 delayInUs ) //bigdemo
  10:additional.c  **** {
  25              		.loc 1 10 0
  26              		.cfi_startproc
  27              		@ Function supports interworking.
  28              		@ args = 0, pretend = 0, frame = 8
  29              		@ frame_needed = 1, uses_anonymous_args = 0
  30 0000 80B5     		push	{r7, lr}
  31              	.LCFI0:
  32              		.cfi_def_cfa_offset 8
  33              		.cfi_offset 7, -8
  34              		.cfi_offset 14, -4
  35 0002 82B0     		sub	sp, sp, #8
  36              	.LCFI1:
  37              		.cfi_def_cfa_offset 16
  38 0004 00AF     		add	r7, sp, #0
  39              	.LCFI2:
  40              		.cfi_def_cfa_register 7
  41 0006 7860     		str	r0, [r7, #4]
  11:additional.c  ****   /*
  12:additional.c  ****    * setup timer #1 for delay
  13:additional.c  ****    */
  14:additional.c  ****   T1TCR = 0x02;          //stop and reset timer
  42              		.loc 1 14 0
  43 0008 0E4B     		ldr	r3, .L3
ARM GAS  C:\Users\embedded\AppData\Local\Temp\ccmKFuWN.s 			page 2


  44 000a 0222     		movs	r2, #2
  45 000c 1A60     		str	r2, [r3]
  15:additional.c  ****   T1PR  = (CORE_FREQ / PBSD / 1000000) -1;          //set prescaler to zero
  46              		.loc 1 15 0
  47 000e 0E4B     		ldr	r3, .L3+4
  48 0010 3922     		movs	r2, #57
  49 0012 1A60     		str	r2, [r3]
  16:additional.c  ****   T1MR0 = delayInUs;
  50              		.loc 1 16 0
  51 0014 0D4B     		ldr	r3, .L3+8
  52 0016 7A68     		ldr	r2, [r7, #4]
  53 0018 1A60     		str	r2, [r3]
  17:additional.c  ****   T1IR  = 0xff;          //reset all interrrupt flags
  54              		.loc 1 17 0
  55 001a 0D4B     		ldr	r3, .L3+12
  56 001c FF22     		movs	r2, #255
  57 001e 1A60     		str	r2, [r3]
  18:additional.c  ****   T1MCR = 0x04;          //stop timer on match
  58              		.loc 1 18 0
  59 0020 0C4B     		ldr	r3, .L3+16
  60 0022 0422     		movs	r2, #4
  61 0024 1A60     		str	r2, [r3]
  19:additional.c  ****   T1TCR = 0x01;          //start timer
  62              		.loc 1 19 0
  63 0026 074B     		ldr	r3, .L3
  64 0028 0122     		movs	r2, #1
  65 002a 1A60     		str	r2, [r3]
  20:additional.c  ****   
  21:additional.c  ****   //wait until delay time has elapsed
  22:additional.c  ****   while (T1TCR & 0x01)
  66              		.loc 1 22 0
  67 002c C046     		nop
  68              	.L2:
  69              		.loc 1 22 0 is_stmt 0 discriminator 1
  70 002e 054B     		ldr	r3, .L3
  71 0030 1B68     		ldr	r3, [r3]
  72 0032 0122     		movs	r2, #1
  73 0034 1340     		ands	r3, r2
  74 0036 FAD1     		bne	.L2
  23:additional.c  ****     ;
  24:additional.c  **** }
  75              		.loc 1 24 0 is_stmt 1
  76 0038 C046     		nop
  77 003a BD46     		mov	sp, r7
  78 003c 02B0     		add	sp, sp, #8
  79              		@ sp needed
  80 003e 80BC     		pop	{r7}
  81 0040 01BC     		pop	{r0}
  82 0042 0047     		bx	r0
  83              	.L4:
  84              		.align	2
  85              	.L3:
  86 0044 048000E0 		.word	-536838140
  87 0048 0C8000E0 		.word	-536838132
  88 004c 188000E0 		.word	-536838120
  89 0050 008000E0 		.word	-536838144
  90 0054 148000E0 		.word	-536838124
ARM GAS  C:\Users\embedded\AppData\Local\Temp\ccmKFuWN.s 			page 3


  91              		.cfi_endproc
  92              	.LFE0:
  93              		.size	udelay, .-udelay
  94              		.align	1
  95              		.global	mdelay
  96              		.syntax unified
  97              		.code	16
  98              		.thumb_func
  99              		.fpu softvfp
 100              		.type	mdelay, %function
 101              	mdelay:
 102              	.LFB1:
  25:additional.c  **** /******************************************************************************
  26:additional.c  **** ** Function name:		mdelay
  27:additional.c  **** **
  28:additional.c  **** ** Descriptions:
  29:additional.c  **** **
  30:additional.c  **** ** parameters:			delay length
  31:additional.c  **** ** Returned value:		None
  32:additional.c  **** **
  33:additional.c  **** ******************************************************************************/
  34:additional.c  **** 
  35:additional.c  **** void mdelay(tU32 delayInMs)
  36:additional.c  **** {
 103              		.loc 1 36 0
 104              		.cfi_startproc
 105              		@ Function supports interworking.
 106              		@ args = 0, pretend = 0, frame = 8
 107              		@ frame_needed = 1, uses_anonymous_args = 0
 108 0058 80B5     		push	{r7, lr}
 109              	.LCFI3:
 110              		.cfi_def_cfa_offset 8
 111              		.cfi_offset 7, -8
 112              		.cfi_offset 14, -4
 113 005a 82B0     		sub	sp, sp, #8
 114              	.LCFI4:
 115              		.cfi_def_cfa_offset 16
 116 005c 00AF     		add	r7, sp, #0
 117              	.LCFI5:
 118              		.cfi_def_cfa_register 7
 119 005e 7860     		str	r0, [r7, #4]
  37:additional.c  **** 
  38:additional.c  ****   T1TCR = 0x02;                            
 120              		.loc 1 38 0
 121 0060 104B     		ldr	r3, .L7
 122 0062 0222     		movs	r2, #2
 123 0064 1A60     		str	r2, [r3]
  39:additional.c  ****   T1PR  = (PERIPHERAL_CLOCK / 1000) - 1;   
 124              		.loc 1 39 0
 125 0066 104B     		ldr	r3, .L7+4
 126 0068 104A     		ldr	r2, .L7+8
 127 006a 1A60     		str	r2, [r3]
  40:additional.c  ****   T1MR0 = delayInMs;
 128              		.loc 1 40 0
 129 006c 104B     		ldr	r3, .L7+12
 130 006e 7A68     		ldr	r2, [r7, #4]
 131 0070 1A60     		str	r2, [r3]
ARM GAS  C:\Users\embedded\AppData\Local\Temp\ccmKFuWN.s 			page 4


  41:additional.c  ****   T1IR  = 0xFF;          
 132              		.loc 1 41 0
 133 0072 104B     		ldr	r3, .L7+16
 134 0074 FF22     		movs	r2, #255
 135 0076 1A60     		str	r2, [r3]
  42:additional.c  ****   T1MCR = 0x04;          
 136              		.loc 1 42 0
 137 0078 0F4B     		ldr	r3, .L7+20
 138 007a 0422     		movs	r2, #4
 139 007c 1A60     		str	r2, [r3]
  43:additional.c  ****   T1TCR = 0x01;          
 140              		.loc 1 43 0
 141 007e 094B     		ldr	r3, .L7
 142 0080 0122     		movs	r2, #1
 143 0082 1A60     		str	r2, [r3]
  44:additional.c  ****   while ((T1TCR & 0x01) == 1)
 144              		.loc 1 44 0
 145 0084 C046     		nop
 146              	.L6:
 147              		.loc 1 44 0 is_stmt 0 discriminator 1
 148 0086 074B     		ldr	r3, .L7
 149 0088 1B68     		ldr	r3, [r3]
 150 008a 0122     		movs	r2, #1
 151 008c 1340     		ands	r3, r2
 152 008e 012B     		cmp	r3, #1
 153 0090 F9D0     		beq	.L6
  45:additional.c  ****   {
  46:additional.c  ****     ;
  47:additional.c  ****   }
  48:additional.c  ****   T1TCR = 0x00;         
 154              		.loc 1 48 0 is_stmt 1
 155 0092 044B     		ldr	r3, .L7
 156 0094 0022     		movs	r2, #0
 157 0096 1A60     		str	r2, [r3]
  49:additional.c  **** }
 158              		.loc 1 49 0
 159 0098 C046     		nop
 160 009a BD46     		mov	sp, r7
 161 009c 02B0     		add	sp, sp, #8
 162              		@ sp needed
 163 009e 80BC     		pop	{r7}
 164 00a0 01BC     		pop	{r0}
 165 00a2 0047     		bx	r0
 166              	.L8:
 167              		.align	2
 168              	.L7:
 169 00a4 048000E0 		.word	-536838140
 170 00a8 0C8000E0 		.word	-536838132
 171 00ac 65E60000 		.word	58981
 172 00b0 188000E0 		.word	-536838120
 173 00b4 008000E0 		.word	-536838144
 174 00b8 148000E0 		.word	-536838124
 175              		.cfi_endproc
 176              	.LFE1:
 177              		.size	mdelay, .-mdelay
 178              		.align	1
 179              		.global	sdelay
ARM GAS  C:\Users\embedded\AppData\Local\Temp\ccmKFuWN.s 			page 5


 180              		.syntax unified
 181              		.code	16
 182              		.thumb_func
 183              		.fpu softvfp
 184              		.type	sdelay, %function
 185              	sdelay:
 186              	.LFB2:
  50:additional.c  **** 
  51:additional.c  **** void sdelay(unsigned int delayInS)
  52:additional.c  **** {
 187              		.loc 1 52 0
 188              		.cfi_startproc
 189              		@ Function supports interworking.
 190              		@ args = 0, pretend = 0, frame = 8
 191              		@ frame_needed = 1, uses_anonymous_args = 0
 192 00bc 80B5     		push	{r7, lr}
 193              	.LCFI6:
 194              		.cfi_def_cfa_offset 8
 195              		.cfi_offset 7, -8
 196              		.cfi_offset 14, -4
 197 00be 82B0     		sub	sp, sp, #8
 198              	.LCFI7:
 199              		.cfi_def_cfa_offset 16
 200 00c0 00AF     		add	r7, sp, #0
 201              	.LCFI8:
 202              		.cfi_def_cfa_register 7
 203 00c2 7860     		str	r0, [r7, #4]
  53:additional.c  ****   /*
  54:additional.c  ****    * setup timer #1 for delay
  55:additional.c  ****    */
  56:additional.c  ****   T1TCR = 0x02; // stop and reset timer
 204              		.loc 1 56 0
 205 00c4 124B     		ldr	r3, .L11
 206 00c6 0222     		movs	r2, #2
 207 00c8 1A60     		str	r2, [r3]
  57:additional.c  ****   T1PR = 0x00;  // set prescaler to zero
 208              		.loc 1 57 0
 209 00ca 124B     		ldr	r3, .L11+4
 210 00cc 0022     		movs	r2, #0
 211 00ce 1A60     		str	r2, [r3]
  58:additional.c  ****   T1MR0 = (((long)delayInS) * (long)CORE_FREQ);
 212              		.loc 1 58 0
 213 00d0 7A68     		ldr	r2, [r7, #4]
 214 00d2 1300     		movs	r3, r2
 215 00d4 1B01     		lsls	r3, r3, #4
 216 00d6 9B1A     		subs	r3, r3, r2
 217 00d8 1A01     		lsls	r2, r3, #4
 218 00da D21A     		subs	r2, r2, r3
 219 00dc 9304     		lsls	r3, r2, #18
 220 00de 1A00     		movs	r2, r3
 221 00e0 0D4B     		ldr	r3, .L11+8
 222 00e2 1A60     		str	r2, [r3]
  59:additional.c  ****   T1IR = 0xff;  // reset all interrrupt flags
 223              		.loc 1 59 0
 224 00e4 0D4B     		ldr	r3, .L11+12
 225 00e6 FF22     		movs	r2, #255
 226 00e8 1A60     		str	r2, [r3]
ARM GAS  C:\Users\embedded\AppData\Local\Temp\ccmKFuWN.s 			page 6


  60:additional.c  ****   T1MCR = 0x04; // stop timer on match
 227              		.loc 1 60 0
 228 00ea 0D4B     		ldr	r3, .L11+16
 229 00ec 0422     		movs	r2, #4
 230 00ee 1A60     		str	r2, [r3]
  61:additional.c  ****   T1TCR = 0x01; // start timer
 231              		.loc 1 61 0
 232 00f0 074B     		ldr	r3, .L11
 233 00f2 0122     		movs	r2, #1
 234 00f4 1A60     		str	r2, [r3]
  62:additional.c  **** 
  63:additional.c  ****   // wait until delay time has elapsed
  64:additional.c  ****   while ((T1TCR & 0x01) != 0)
 235              		.loc 1 64 0
 236 00f6 C046     		nop
 237              	.L10:
 238              		.loc 1 64 0 is_stmt 0 discriminator 1
 239 00f8 054B     		ldr	r3, .L11
 240 00fa 1B68     		ldr	r3, [r3]
 241 00fc 0122     		movs	r2, #1
 242 00fe 1340     		ands	r3, r2
 243 0100 FAD1     		bne	.L10
  65:additional.c  ****   {
  66:additional.c  ****     ;
  67:additional.c  ****   }
  68:additional.c  **** }
 244              		.loc 1 68 0 is_stmt 1
 245 0102 C046     		nop
 246 0104 BD46     		mov	sp, r7
 247 0106 02B0     		add	sp, sp, #8
 248              		@ sp needed
 249 0108 80BC     		pop	{r7}
 250 010a 01BC     		pop	{r0}
 251 010c 0047     		bx	r0
 252              	.L12:
 253 010e C046     		.align	2
 254              	.L11:
 255 0110 048000E0 		.word	-536838140
 256 0114 0C8000E0 		.word	-536838132
 257 0118 188000E0 		.word	-536838120
 258 011c 008000E0 		.word	-536838144
 259 0120 148000E0 		.word	-536838124
 260              		.cfi_endproc
 261              	.LFE2:
 262              		.size	sdelay, .-sdelay
 263              	.Letext0:
 264              		.file 2 "general.h"
 265              		.section	.debug_info,"",%progbits
 266              	.Ldebug_info0:
 267 0000 DC000000 		.4byte	0xdc
 268 0004 0200     		.2byte	0x2
 269 0006 00000000 		.4byte	.Ldebug_abbrev0
 270 000a 04       		.byte	0x4
 271 000b 01       		.uleb128 0x1
 272 000c 78000000 		.4byte	.LASF12
 273 0010 0C       		.byte	0xc
 274 0011 64000000 		.4byte	.LASF13
ARM GAS  C:\Users\embedded\AppData\Local\Temp\ccmKFuWN.s 			page 7


 275 0015 F8000000 		.4byte	.LASF14
 276 0019 00000000 		.4byte	.Ltext0
 277 001d 24010000 		.4byte	.Letext0
 278 0021 00000000 		.4byte	.Ldebug_line0
 279 0025 02       		.uleb128 0x2
 280 0026 01       		.byte	0x1
 281 0027 08       		.byte	0x8
 282 0028 4C000000 		.4byte	.LASF0
 283 002c 02       		.uleb128 0x2
 284 002d 02       		.byte	0x2
 285 002e 07       		.byte	0x7
 286 002f 16010000 		.4byte	.LASF1
 287 0033 03       		.uleb128 0x3
 288 0034 46010000 		.4byte	.LASF15
 289 0038 02       		.byte	0x2
 290 0039 1A       		.byte	0x1a
 291 003a 3E000000 		.4byte	0x3e
 292 003e 02       		.uleb128 0x2
 293 003f 04       		.byte	0x4
 294 0040 07       		.byte	0x7
 295 0041 17000000 		.4byte	.LASF2
 296 0045 02       		.uleb128 0x2
 297 0046 08       		.byte	0x8
 298 0047 07       		.byte	0x7
 299 0048 35000000 		.4byte	.LASF3
 300 004c 02       		.uleb128 0x2
 301 004d 01       		.byte	0x1
 302 004e 06       		.byte	0x6
 303 004f 29010000 		.4byte	.LASF4
 304 0053 02       		.uleb128 0x2
 305 0054 02       		.byte	0x2
 306 0055 05       		.byte	0x5
 307 0056 35010000 		.4byte	.LASF5
 308 005a 04       		.uleb128 0x4
 309 005b 04       		.byte	0x4
 310 005c 05       		.byte	0x5
 311 005d 696E7400 		.ascii	"int\000"
 312 0061 02       		.uleb128 0x2
 313 0062 08       		.byte	0x8
 314 0063 05       		.byte	0x5
 315 0064 00000000 		.4byte	.LASF6
 316 0068 05       		.uleb128 0x5
 317 0069 01       		.byte	0x1
 318 006a 71000000 		.4byte	.LASF7
 319 006e 01       		.byte	0x1
 320 006f 33       		.byte	0x33
 321 0070 01       		.byte	0x1
 322 0071 BC000000 		.4byte	.LFB2
 323 0075 24010000 		.4byte	.LFE2
 324 0079 00000000 		.4byte	.LLST2
 325 007d 01       		.byte	0x1
 326 007e 91000000 		.4byte	0x91
 327 0082 06       		.uleb128 0x6
 328 0083 0E000000 		.4byte	.LASF9
 329 0087 01       		.byte	0x1
 330 0088 33       		.byte	0x33
 331 0089 3E000000 		.4byte	0x3e
ARM GAS  C:\Users\embedded\AppData\Local\Temp\ccmKFuWN.s 			page 8


 332 008d 02       		.byte	0x2
 333 008e 91       		.byte	0x91
 334 008f 74       		.sleb128 -12
 335 0090 00       		.byte	0
 336 0091 05       		.uleb128 0x5
 337 0092 01       		.byte	0x1
 338 0093 3F010000 		.4byte	.LASF8
 339 0097 01       		.byte	0x1
 340 0098 23       		.byte	0x23
 341 0099 01       		.byte	0x1
 342 009a 58000000 		.4byte	.LFB1
 343 009e BC000000 		.4byte	.LFE1
 344 00a2 38000000 		.4byte	.LLST1
 345 00a6 01       		.byte	0x1
 346 00a7 BA000000 		.4byte	0xba
 347 00ab 06       		.uleb128 0x6
 348 00ac 5A000000 		.4byte	.LASF10
 349 00b0 01       		.byte	0x1
 350 00b1 23       		.byte	0x23
 351 00b2 33000000 		.4byte	0x33
 352 00b6 02       		.byte	0x2
 353 00b7 91       		.byte	0x91
 354 00b8 74       		.sleb128 -12
 355 00b9 00       		.byte	0
 356 00ba 07       		.uleb128 0x7
 357 00bb 01       		.byte	0x1
 358 00bc 24000000 		.4byte	.LASF16
 359 00c0 01       		.byte	0x1
 360 00c1 09       		.byte	0x9
 361 00c2 01       		.byte	0x1
 362 00c3 00000000 		.4byte	.LFB0
 363 00c7 58000000 		.4byte	.LFE0
 364 00cb 70000000 		.4byte	.LLST0
 365 00cf 01       		.byte	0x1
 366 00d0 06       		.uleb128 0x6
 367 00d1 2B000000 		.4byte	.LASF11
 368 00d5 01       		.byte	0x1
 369 00d6 09       		.byte	0x9
 370 00d7 33000000 		.4byte	0x33
 371 00db 02       		.byte	0x2
 372 00dc 91       		.byte	0x91
 373 00dd 74       		.sleb128 -12
 374 00de 00       		.byte	0
 375 00df 00       		.byte	0
 376              		.section	.debug_abbrev,"",%progbits
 377              	.Ldebug_abbrev0:
 378 0000 01       		.uleb128 0x1
 379 0001 11       		.uleb128 0x11
 380 0002 01       		.byte	0x1
 381 0003 25       		.uleb128 0x25
 382 0004 0E       		.uleb128 0xe
 383 0005 13       		.uleb128 0x13
 384 0006 0B       		.uleb128 0xb
 385 0007 03       		.uleb128 0x3
 386 0008 0E       		.uleb128 0xe
 387 0009 1B       		.uleb128 0x1b
 388 000a 0E       		.uleb128 0xe
ARM GAS  C:\Users\embedded\AppData\Local\Temp\ccmKFuWN.s 			page 9


 389 000b 11       		.uleb128 0x11
 390 000c 01       		.uleb128 0x1
 391 000d 12       		.uleb128 0x12
 392 000e 01       		.uleb128 0x1
 393 000f 10       		.uleb128 0x10
 394 0010 06       		.uleb128 0x6
 395 0011 00       		.byte	0
 396 0012 00       		.byte	0
 397 0013 02       		.uleb128 0x2
 398 0014 24       		.uleb128 0x24
 399 0015 00       		.byte	0
 400 0016 0B       		.uleb128 0xb
 401 0017 0B       		.uleb128 0xb
 402 0018 3E       		.uleb128 0x3e
 403 0019 0B       		.uleb128 0xb
 404 001a 03       		.uleb128 0x3
 405 001b 0E       		.uleb128 0xe
 406 001c 00       		.byte	0
 407 001d 00       		.byte	0
 408 001e 03       		.uleb128 0x3
 409 001f 16       		.uleb128 0x16
 410 0020 00       		.byte	0
 411 0021 03       		.uleb128 0x3
 412 0022 0E       		.uleb128 0xe
 413 0023 3A       		.uleb128 0x3a
 414 0024 0B       		.uleb128 0xb
 415 0025 3B       		.uleb128 0x3b
 416 0026 0B       		.uleb128 0xb
 417 0027 49       		.uleb128 0x49
 418 0028 13       		.uleb128 0x13
 419 0029 00       		.byte	0
 420 002a 00       		.byte	0
 421 002b 04       		.uleb128 0x4
 422 002c 24       		.uleb128 0x24
 423 002d 00       		.byte	0
 424 002e 0B       		.uleb128 0xb
 425 002f 0B       		.uleb128 0xb
 426 0030 3E       		.uleb128 0x3e
 427 0031 0B       		.uleb128 0xb
 428 0032 03       		.uleb128 0x3
 429 0033 08       		.uleb128 0x8
 430 0034 00       		.byte	0
 431 0035 00       		.byte	0
 432 0036 05       		.uleb128 0x5
 433 0037 2E       		.uleb128 0x2e
 434 0038 01       		.byte	0x1
 435 0039 3F       		.uleb128 0x3f
 436 003a 0C       		.uleb128 0xc
 437 003b 03       		.uleb128 0x3
 438 003c 0E       		.uleb128 0xe
 439 003d 3A       		.uleb128 0x3a
 440 003e 0B       		.uleb128 0xb
 441 003f 3B       		.uleb128 0x3b
 442 0040 0B       		.uleb128 0xb
 443 0041 27       		.uleb128 0x27
 444 0042 0C       		.uleb128 0xc
 445 0043 11       		.uleb128 0x11
ARM GAS  C:\Users\embedded\AppData\Local\Temp\ccmKFuWN.s 			page 10


 446 0044 01       		.uleb128 0x1
 447 0045 12       		.uleb128 0x12
 448 0046 01       		.uleb128 0x1
 449 0047 40       		.uleb128 0x40
 450 0048 06       		.uleb128 0x6
 451 0049 9742     		.uleb128 0x2117
 452 004b 0C       		.uleb128 0xc
 453 004c 01       		.uleb128 0x1
 454 004d 13       		.uleb128 0x13
 455 004e 00       		.byte	0
 456 004f 00       		.byte	0
 457 0050 06       		.uleb128 0x6
 458 0051 05       		.uleb128 0x5
 459 0052 00       		.byte	0
 460 0053 03       		.uleb128 0x3
 461 0054 0E       		.uleb128 0xe
 462 0055 3A       		.uleb128 0x3a
 463 0056 0B       		.uleb128 0xb
 464 0057 3B       		.uleb128 0x3b
 465 0058 0B       		.uleb128 0xb
 466 0059 49       		.uleb128 0x49
 467 005a 13       		.uleb128 0x13
 468 005b 02       		.uleb128 0x2
 469 005c 0A       		.uleb128 0xa
 470 005d 00       		.byte	0
 471 005e 00       		.byte	0
 472 005f 07       		.uleb128 0x7
 473 0060 2E       		.uleb128 0x2e
 474 0061 01       		.byte	0x1
 475 0062 3F       		.uleb128 0x3f
 476 0063 0C       		.uleb128 0xc
 477 0064 03       		.uleb128 0x3
 478 0065 0E       		.uleb128 0xe
 479 0066 3A       		.uleb128 0x3a
 480 0067 0B       		.uleb128 0xb
 481 0068 3B       		.uleb128 0x3b
 482 0069 0B       		.uleb128 0xb
 483 006a 27       		.uleb128 0x27
 484 006b 0C       		.uleb128 0xc
 485 006c 11       		.uleb128 0x11
 486 006d 01       		.uleb128 0x1
 487 006e 12       		.uleb128 0x12
 488 006f 01       		.uleb128 0x1
 489 0070 40       		.uleb128 0x40
 490 0071 06       		.uleb128 0x6
 491 0072 9742     		.uleb128 0x2117
 492 0074 0C       		.uleb128 0xc
 493 0075 00       		.byte	0
 494 0076 00       		.byte	0
 495 0077 00       		.byte	0
 496              		.section	.debug_loc,"",%progbits
 497              	.Ldebug_loc0:
 498              	.LLST2:
 499 0000 BC000000 		.4byte	.LFB2-.Ltext0
 500 0004 BE000000 		.4byte	.LCFI6-.Ltext0
 501 0008 0200     		.2byte	0x2
 502 000a 7D       		.byte	0x7d
ARM GAS  C:\Users\embedded\AppData\Local\Temp\ccmKFuWN.s 			page 11


 503 000b 00       		.sleb128 0
 504 000c BE000000 		.4byte	.LCFI6-.Ltext0
 505 0010 C0000000 		.4byte	.LCFI7-.Ltext0
 506 0014 0200     		.2byte	0x2
 507 0016 7D       		.byte	0x7d
 508 0017 08       		.sleb128 8
 509 0018 C0000000 		.4byte	.LCFI7-.Ltext0
 510 001c C2000000 		.4byte	.LCFI8-.Ltext0
 511 0020 0200     		.2byte	0x2
 512 0022 7D       		.byte	0x7d
 513 0023 10       		.sleb128 16
 514 0024 C2000000 		.4byte	.LCFI8-.Ltext0
 515 0028 24010000 		.4byte	.LFE2-.Ltext0
 516 002c 0200     		.2byte	0x2
 517 002e 77       		.byte	0x77
 518 002f 10       		.sleb128 16
 519 0030 00000000 		.4byte	0
 520 0034 00000000 		.4byte	0
 521              	.LLST1:
 522 0038 58000000 		.4byte	.LFB1-.Ltext0
 523 003c 5A000000 		.4byte	.LCFI3-.Ltext0
 524 0040 0200     		.2byte	0x2
 525 0042 7D       		.byte	0x7d
 526 0043 00       		.sleb128 0
 527 0044 5A000000 		.4byte	.LCFI3-.Ltext0
 528 0048 5C000000 		.4byte	.LCFI4-.Ltext0
 529 004c 0200     		.2byte	0x2
 530 004e 7D       		.byte	0x7d
 531 004f 08       		.sleb128 8
 532 0050 5C000000 		.4byte	.LCFI4-.Ltext0
 533 0054 5E000000 		.4byte	.LCFI5-.Ltext0
 534 0058 0200     		.2byte	0x2
 535 005a 7D       		.byte	0x7d
 536 005b 10       		.sleb128 16
 537 005c 5E000000 		.4byte	.LCFI5-.Ltext0
 538 0060 BC000000 		.4byte	.LFE1-.Ltext0
 539 0064 0200     		.2byte	0x2
 540 0066 77       		.byte	0x77
 541 0067 10       		.sleb128 16
 542 0068 00000000 		.4byte	0
 543 006c 00000000 		.4byte	0
 544              	.LLST0:
 545 0070 00000000 		.4byte	.LFB0-.Ltext0
 546 0074 02000000 		.4byte	.LCFI0-.Ltext0
 547 0078 0200     		.2byte	0x2
 548 007a 7D       		.byte	0x7d
 549 007b 00       		.sleb128 0
 550 007c 02000000 		.4byte	.LCFI0-.Ltext0
 551 0080 04000000 		.4byte	.LCFI1-.Ltext0
 552 0084 0200     		.2byte	0x2
 553 0086 7D       		.byte	0x7d
 554 0087 08       		.sleb128 8
 555 0088 04000000 		.4byte	.LCFI1-.Ltext0
 556 008c 06000000 		.4byte	.LCFI2-.Ltext0
 557 0090 0200     		.2byte	0x2
 558 0092 7D       		.byte	0x7d
 559 0093 10       		.sleb128 16
ARM GAS  C:\Users\embedded\AppData\Local\Temp\ccmKFuWN.s 			page 12


 560 0094 06000000 		.4byte	.LCFI2-.Ltext0
 561 0098 58000000 		.4byte	.LFE0-.Ltext0
 562 009c 0200     		.2byte	0x2
 563 009e 77       		.byte	0x77
 564 009f 10       		.sleb128 16
 565 00a0 00000000 		.4byte	0
 566 00a4 00000000 		.4byte	0
 567              		.section	.debug_aranges,"",%progbits
 568 0000 1C000000 		.4byte	0x1c
 569 0004 0200     		.2byte	0x2
 570 0006 00000000 		.4byte	.Ldebug_info0
 571 000a 04       		.byte	0x4
 572 000b 00       		.byte	0
 573 000c 0000     		.2byte	0
 574 000e 0000     		.2byte	0
 575 0010 00000000 		.4byte	.Ltext0
 576 0014 24010000 		.4byte	.Letext0-.Ltext0
 577 0018 00000000 		.4byte	0
 578 001c 00000000 		.4byte	0
 579              		.section	.debug_line,"",%progbits
 580              	.Ldebug_line0:
 581 0000 77000000 		.section	.debug_str,"MS",%progbits,1
 581      02003000 
 581      00000201 
 581      FB0E0D00 
 581      01010101 
 582              	.LASF6:
 583 0000 6C6F6E67 		.ascii	"long long int\000"
 583      206C6F6E 
 583      6720696E 
 583      7400
 584              	.LASF9:
 585 000e 64656C61 		.ascii	"delayInS\000"
 585      79496E53 
 585      00
 586              	.LASF2:
 587 0017 756E7369 		.ascii	"unsigned int\000"
 587      676E6564 
 587      20696E74 
 587      00
 588              	.LASF16:
 589 0024 7564656C 		.ascii	"udelay\000"
 589      617900
 590              	.LASF11:
 591 002b 64656C61 		.ascii	"delayInUs\000"
 591      79496E55 
 591      7300
 592              	.LASF3:
 593 0035 6C6F6E67 		.ascii	"long long unsigned int\000"
 593      206C6F6E 
 593      6720756E 
 593      7369676E 
 593      65642069 
 594              	.LASF0:
 595 004c 756E7369 		.ascii	"unsigned char\000"
 595      676E6564 
 595      20636861 
ARM GAS  C:\Users\embedded\AppData\Local\Temp\ccmKFuWN.s 			page 13


 595      7200
 596              	.LASF10:
 597 005a 64656C61 		.ascii	"delayInMs\000"
 597      79496E4D 
 597      7300
 598              	.LASF13:
 599 0064 61646469 		.ascii	"additional.c\000"
 599      74696F6E 
 599      616C2E63 
 599      00
 600              	.LASF7:
 601 0071 7364656C 		.ascii	"sdelay\000"
 601      617900
 602              	.LASF12:
 603 0078 474E5520 		.ascii	"GNU C11 7.3.1 20180622 (release) [ARM/embedded-7-br"
 603      43313120 
 603      372E332E 
 603      31203230 
 603      31383036 
 604 00ab 616E6368 		.ascii	"anch revision 261907] -mcpu=arm7tdmi -mthumb -mthum"
 604      20726576 
 604      6973696F 
 604      6E203236 
 604      31393037 
 605 00de 622D696E 		.ascii	"b-interwork -gdwarf-2 -O0\000"
 605      74657277 
 605      6F726B20 
 605      2D676477 
 605      6172662D 
 606              	.LASF14:
 607 00f8 433A5C45 		.ascii	"C:\\Embedded\\2138MiniDemo\\2138\000"
 607      6D626564 
 607      6465645C 
 607      32313338 
 607      4D696E69 
 608              	.LASF1:
 609 0116 73686F72 		.ascii	"short unsigned int\000"
 609      7420756E 
 609      7369676E 
 609      65642069 
 609      6E7400
 610              	.LASF4:
 611 0129 7369676E 		.ascii	"signed char\000"
 611      65642063 
 611      68617200 
 612              	.LASF5:
 613 0135 73686F72 		.ascii	"short int\000"
 613      7420696E 
 613      7400
 614              	.LASF8:
 615 013f 6D64656C 		.ascii	"mdelay\000"
 615      617900
 616              	.LASF15:
 617 0146 74553332 		.ascii	"tU32\000"
 617      00
 618              		.ident	"GCC: (GNU Tools for Arm Embedded Processors 7-2018-q2-update) 7.3.1 20180622 (release) [AR
ARM GAS  C:\Users\embedded\AppData\Local\Temp\ccmKFuWN.s 			page 14


DEFINED SYMBOLS
                            *ABS*:00000000 additional.c
C:\Users\embedded\AppData\Local\Temp\ccmKFuWN.s:22     .text:00000000 udelay
C:\Users\embedded\AppData\Local\Temp\ccmKFuWN.s:30     .text:00000000 $t
C:\Users\embedded\AppData\Local\Temp\ccmKFuWN.s:86     .text:00000044 $d
C:\Users\embedded\AppData\Local\Temp\ccmKFuWN.s:94     .text:00000058 $t
C:\Users\embedded\AppData\Local\Temp\ccmKFuWN.s:101    .text:00000058 mdelay
C:\Users\embedded\AppData\Local\Temp\ccmKFuWN.s:169    .text:000000a4 $d
C:\Users\embedded\AppData\Local\Temp\ccmKFuWN.s:178    .text:000000bc $t
C:\Users\embedded\AppData\Local\Temp\ccmKFuWN.s:185    .text:000000bc sdelay
C:\Users\embedded\AppData\Local\Temp\ccmKFuWN.s:255    .text:00000110 $d

NO UNDEFINED SYMBOLS
