ARM GAS  /cygdrive/c/Users/Anders/AppData/Local/Temp/ccGQPF7d.s 			page 1


   1              		.code	16
   2              		.file	"lcd_hw.c"
   3              		.section	.debug_abbrev,"",%progbits
   4              	.Ldebug_abbrev0:
   5              		.section	.debug_info,"",%progbits
   6              	.Ldebug_info0:
   7              		.section	.debug_line,"",%progbits
   8              	.Ldebug_line0:
   9 0000 95000000 		.text
   9      02005300 
   9      00000201 
   9      FB0E0D00 
   9      01010101 
  10              	.Ltext0:
  11              		.align	2
  12              		.global	sendToLCD
  13              		.code 16
  14              		.thumb_func
  15              		.type	sendToLCD, %function
  16              	sendToLCD:
  17              	.LFB2:
  18              		.file 1 "lcd_hw.c"
   1:lcd_hw.c      **** /******************************************************************************
   2:lcd_hw.c      ****  *
   3:lcd_hw.c      ****  * Copyright:
   4:lcd_hw.c      ****  *    (C) 2006 Embedded Artists AB
   5:lcd_hw.c      ****  *
   6:lcd_hw.c      ****  * File:
   7:lcd_hw.c      ****  *    pca9532.c
   8:lcd_hw.c      ****  *
   9:lcd_hw.c      ****  * Description:
  10:lcd_hw.c      ****  *    Implements hardware specific routines
  11:lcd_hw.c      ****  *
  12:lcd_hw.c      ****  *****************************************************************************/
  13:lcd_hw.c      **** 
  14:lcd_hw.c      **** /******************************************************************************
  15:lcd_hw.c      ****  * Includes
  16:lcd_hw.c      ****  *****************************************************************************/
  17:lcd_hw.c      **** #include "../pre_emptive_os/api/osapi.h"
  18:lcd_hw.c      **** #include "../pre_emptive_os/api/general.h"
  19:lcd_hw.c      **** #include <lpc2xxx.h>
  20:lcd_hw.c      **** #include "lcd_hw.h"
  21:lcd_hw.c      **** 
  22:lcd_hw.c      **** /******************************************************************************
  23:lcd_hw.c      ****  * Typedefs and defines
  24:lcd_hw.c      ****  *****************************************************************************/
  25:lcd_hw.c      **** 
  26:lcd_hw.c      **** 
  27:lcd_hw.c      **** /*****************************************************************************
  28:lcd_hw.c      ****  * Global variables
  29:lcd_hw.c      ****  ****************************************************************************/
  30:lcd_hw.c      **** 
  31:lcd_hw.c      **** /*****************************************************************************
  32:lcd_hw.c      ****  * Local variables
  33:lcd_hw.c      ****  ****************************************************************************/
  34:lcd_hw.c      **** 
  35:lcd_hw.c      **** /*****************************************************************************
ARM GAS  /cygdrive/c/Users/Anders/AppData/Local/Temp/ccGQPF7d.s 			page 2


  36:lcd_hw.c      ****  * Local prototypes
  37:lcd_hw.c      ****  ****************************************************************************/
  38:lcd_hw.c      **** 
  39:lcd_hw.c      **** 
  40:lcd_hw.c      **** /*****************************************************************************
  41:lcd_hw.c      ****  *
  42:lcd_hw.c      ****  * Description:
  43:lcd_hw.c      ****  *    Send 9-bit data to LCD controller
  44:lcd_hw.c      ****  *
  45:lcd_hw.c      ****  ****************************************************************************/
  46:lcd_hw.c      **** void
  47:lcd_hw.c      **** sendToLCD(tU8 firstBit, tU8 data)
  48:lcd_hw.c      **** {
  19              		.loc 1 48 0
  20 0000 30B5     		push	{r4, r5, lr}
  21              	.LCFI0:
  22              	.LVL0:
  49:lcd_hw.c      ****   //disable SPI
  50:lcd_hw.c      ****   IOCLR = LCD_CLK;
  23              		.loc 1 50 0
  24 0002 174C     		ldr	r4, .L10
  25              		.loc 1 48 0
  26 0004 0906     		lsl	r1, r1, #24
  27              	.LVL1:
  28              		.loc 1 50 0
  29 0006 1023     		mov	r3, #16
  30 0008 2360     		str	r3, [r4]
  31              		.loc 1 48 0
  32 000a 0D0E     		lsr	r5, r1, #24
  33              	.LVL2:
  51:lcd_hw.c      ****   PINSEL0 &= 0xffffc0ff;
  34              		.loc 1 51 0
  35 000c 1549     		ldr	r1, .L10+4
  36 000e 164A     		ldr	r2, .L10+8
  37 0010 0B68     		ldr	r3, [r1]
  38              		.loc 1 48 0
  39 0012 0006     		lsl	r0, r0, #24
  40              	.LVL3:
  41              		.loc 1 51 0
  42 0014 1340     		and	r3, r3, r2
  43              		.loc 1 48 0
  44 0016 000E     		lsr	r0, r0, #24
  45              	.LVL4:
  46              		.loc 1 51 0
  47 0018 0B60     		str	r3, [r1]
  52:lcd_hw.c      ****   
  53:lcd_hw.c      ****   if (1 == firstBit)
  48              		.loc 1 53 0
  49 001a 0128     		cmp	r0, #1
  50 001c 03D1     		bne	.L2
  54:lcd_hw.c      ****     IOSET = LCD_MOSI;   //set MOSI
  51              		.loc 1 54 0
  52 001e 134B     		ldr	r3, .L10+12
  53 0020 4022     		mov	r2, #64
  54 0022 1A60     		str	r2, [r3]
  55 0024 01E0     		b	.L4
  56              	.L2:
ARM GAS  /cygdrive/c/Users/Anders/AppData/Local/Temp/ccGQPF7d.s 			page 3


  55:lcd_hw.c      ****   else
  56:lcd_hw.c      ****     IOCLR = LCD_MOSI;   //reset MOSI
  57              		.loc 1 56 0
  58 0026 4023     		mov	r3, #64
  59 0028 2360     		str	r3, [r4]
  60              	.L4:
  57:lcd_hw.c      ****   
  58:lcd_hw.c      ****   //Set clock high
  59:lcd_hw.c      ****   IOSET = LCD_CLK;
  61              		.loc 1 59 0
  62 002a 104B     		ldr	r3, .L10+12
  63 002c 1022     		mov	r2, #16
  64 002e 1A60     		str	r2, [r3]
  60:lcd_hw.c      ****   
  61:lcd_hw.c      ****   //Set clock low
  62:lcd_hw.c      ****   IOCLR = LCD_CLK;
  65              		.loc 1 62 0
  66 0030 0833     		add	r3, r3, #8
  67 0032 1A60     		str	r2, [r3]
  63:lcd_hw.c      ****   
  64:lcd_hw.c      ****   /*
  65:lcd_hw.c      ****    * Enable SPI again
  66:lcd_hw.c      ****    */
  67:lcd_hw.c      ****   //initialize SPI interface
  68:lcd_hw.c      ****   SPI_SPCCR = 0x08;    
  68              		.loc 1 68 0
  69 0034 0E4B     		ldr	r3, .L10+16
  70 0036 0822     		mov	r2, #8
  71 0038 1A60     		str	r2, [r3]
  69:lcd_hw.c      ****   SPI_SPCR  = 0x20;
  72              		.loc 1 69 0
  73 003a 2022     		mov	r2, #32
  74 003c 0C3B     		sub	r3, r3, #12
  75 003e 1A60     		str	r2, [r3]
  70:lcd_hw.c      **** 
  71:lcd_hw.c      ****   //connect SPI bus to IO-pins
  72:lcd_hw.c      ****   PINSEL0 |= 0x00001500;
  76              		.loc 1 72 0
  77 0040 0849     		ldr	r1, .L10+4
  78 0042 A823     		mov	r3, #168
  79 0044 0A68     		ldr	r2, [r1]
  80 0046 5B01     		lsl	r3, r3, #5
  81 0048 1A43     		orr	r2, r2, r3
  73:lcd_hw.c      ****   
  74:lcd_hw.c      ****   //send byte
  75:lcd_hw.c      ****   SPI_SPDR = data;
  82              		.loc 1 75 0
  83 004a 0A4B     		ldr	r3, .L10+20
  84              		.loc 1 72 0
  85 004c 0A60     		str	r2, [r1]
  86              		.loc 1 75 0
  87 004e 1D60     		str	r5, [r3]
  88              	.L5:
  76:lcd_hw.c      ****   while((SPI_SPSR & 0x80) == 0)
  89              		.loc 1 76 0
  90 0050 094B     		ldr	r3, .L10+24
  91 0052 1B68     		ldr	r3, [r3]
ARM GAS  /cygdrive/c/Users/Anders/AppData/Local/Temp/ccGQPF7d.s 			page 4


  92 0054 1A06     		lsl	r2, r3, #24
  93 0056 FBD5     		bpl	.L5
  77:lcd_hw.c      ****     ;
  78:lcd_hw.c      **** }
  94              		.loc 1 78 0
  95              		@ sp needed for prologue
  96              	.LVL5:
  97 0058 30BC     		pop	{r4, r5}
  98 005a 01BC     		pop	{r0}
  99 005c 0047     		bx	r0
 100              	.L11:
 101 005e C046     		.align	2
 102              	.L10:
 103 0060 0C8002E0 		.word	-536707060
 104 0064 00C002E0 		.word	-536690688
 105 0068 FFC0FFFF 		.word	-16129
 106 006c 048002E0 		.word	-536707068
 107 0070 0C0002E0 		.word	-536739828
 108 0074 080002E0 		.word	-536739832
 109 0078 040002E0 		.word	-536739836
 110              	.LFE2:
 111              		.size	sendToLCD, .-sendToLCD
 112              		.align	2
 113              		.global	selectLCD
 114              		.code 16
 115              		.thumb_func
 116              		.type	selectLCD, %function
 117              	selectLCD:
 118              	.LFB4:
  79:lcd_hw.c      **** 
  80:lcd_hw.c      **** 
  81:lcd_hw.c      **** /*****************************************************************************
  82:lcd_hw.c      ****  *
  83:lcd_hw.c      ****  * Description:
  84:lcd_hw.c      ****  *    Initialize the SPI interface for the LCD controller
  85:lcd_hw.c      ****  *
  86:lcd_hw.c      ****  ****************************************************************************/
  87:lcd_hw.c      **** void
  88:lcd_hw.c      **** initSpiForLcd(void)
  89:lcd_hw.c      **** {
  90:lcd_hw.c      ****   //make SPI slave chip select an output and set signal high
  91:lcd_hw.c      ****   IODIR |= (LCD_CS | LCD_CLK | LCD_MOSI);
  92:lcd_hw.c      ****   
  93:lcd_hw.c      ****   //deselect controller
  94:lcd_hw.c      ****   selectLCD(FALSE);
  95:lcd_hw.c      **** 
  96:lcd_hw.c      ****   //connect SPI bus to IO-pins
  97:lcd_hw.c      ****   PINSEL0 |= 0x00001500;
  98:lcd_hw.c      ****   
  99:lcd_hw.c      ****   //initialize SPI interface
 100:lcd_hw.c      ****   SPI_SPCCR = 0x08;    
 101:lcd_hw.c      ****   SPI_SPCR  = 0x20;
 102:lcd_hw.c      **** }
 103:lcd_hw.c      **** 
 104:lcd_hw.c      **** /*****************************************************************************
 105:lcd_hw.c      ****  *
 106:lcd_hw.c      ****  * Description:
ARM GAS  /cygdrive/c/Users/Anders/AppData/Local/Temp/ccGQPF7d.s 			page 5


 107:lcd_hw.c      ****  *    Select/deselect LCD controller (by controlling chip select signal)
 108:lcd_hw.c      ****  *
 109:lcd_hw.c      ****  ****************************************************************************/
 110:lcd_hw.c      **** void
 111:lcd_hw.c      **** selectLCD(tBool select)
 112:lcd_hw.c      **** {
 119              		.loc 1 112 0
 120              	.LVL6:
 121 007c 0006     		lsl	r0, r0, #24
 122              	.LVL7:
 123 007e 000E     		lsr	r0, r0, #24
 124              	.LVL8:
 125              		@ lr needed for prologue
 113:lcd_hw.c      ****   if (TRUE == select)
 126              		.loc 1 113 0
 127 0080 0128     		cmp	r0, #1
 128 0082 02D1     		bne	.L13
 114:lcd_hw.c      ****     IOCLR = LCD_CS;
 129              		.loc 1 114 0
 130 0084 034B     		ldr	r3, .L18
 131 0086 8022     		mov	r2, #128
 132 0088 01E0     		b	.L17
 133              	.L13:
 115:lcd_hw.c      ****   else
 116:lcd_hw.c      ****     IOSET = LCD_CS;
 134              		.loc 1 116 0
 135 008a 034B     		ldr	r3, .L18+4
 136 008c 8022     		mov	r2, #128
 137              	.L17:
 138 008e 1A60     		str	r2, [r3]
 117:lcd_hw.c      **** }...
 139              		.loc 1 117 0
 140              		@ sp needed for prologue
 141 0090 7047     		bx	lr
 142              	.L19:
 143 0092 C046     		.align	2
 144              	.L18:
 145 0094 0C8002E0 		.word	-536707060
 146 0098 048002E0 		.word	-536707068
 147              	.LFE4:
 148              		.size	selectLCD, .-selectLCD
 149              		.align	2
 150              		.global	initSpiForLcd
 151              		.code 16
 152              		.thumb_func
 153              		.type	initSpiForLcd, %function
 154              	initSpiForLcd:
 155              	.LFB3:
 156              		.loc 1 89 0
 157              		.loc 1 91 0
 158 009c 0A49     		ldr	r1, .L22
 159 009e 0B68     		ldr	r3, [r1]
 160 00a0 D022     		mov	r2, #208
 161 00a2 1343     		orr	r3, r3, r2
 162 00a4 0B60     		str	r3, [r1]
 163              	.LBB4:
 164              	.LBB5:
ARM GAS  /cygdrive/c/Users/Anders/AppData/Local/Temp/ccGQPF7d.s 			page 6


 165              		.loc 1 116 0
 166 00a6 094B     		ldr	r3, .L22+4
 167 00a8 8022     		mov	r2, #128
 168 00aa 1A60     		str	r2, [r3]
 169              	.LBE5:
 170              	.LBE4:
 171              		.loc 1 97 0
 172 00ac 0849     		ldr	r1, .L22+8
 173 00ae A823     		mov	r3, #168
 174 00b0 0A68     		ldr	r2, [r1]
 175 00b2 5B01     		lsl	r3, r3, #5
 176 00b4 1A43     		orr	r2, r2, r3
 177              		.loc 1 100 0
 178 00b6 074B     		ldr	r3, .L22+12
 179              		.loc 1 97 0
 180 00b8 0A60     		str	r2, [r1]
 181              		.loc 1 100 0
 182 00ba 0822     		mov	r2, #8
 183 00bc 1A60     		str	r2, [r3]
 184              		.loc 1 101 0
 185 00be 2022     		mov	r2, #32
 186 00c0 0C3B     		sub	r3, r3, #12
 187              		.loc 1 89 0
 188              		@ lr needed for prologue
 189              		.loc 1 101 0
 190 00c2 1A60     		str	r2, [r3]
 191              		.loc 1 102 0
 192              		@ sp needed for prologue
 193 00c4 7047     		bx	lr
 194              	.L23:
 195 00c6 C046     		.align	2
 196              	.L22:
 197 00c8 088002E0 		.word	-536707064
 198 00cc 048002E0 		.word	-536707068
 199 00d0 00C002E0 		.word	-536690688
 200 00d4 0C0002E0 		.word	-536739828
 201              	.LFE3:
 202              		.size	initSpiForLcd, .-initSpiForLcd
 203              		.section	.debug_frame,"",%progbits
 204              	.Lframe0:
 205 0000 0C000000 		.4byte	.LECIE0-.LSCIE0
 206              	.LSCIE0:
 207 0004 FFFFFFFF 		.4byte	0xffffffff
 208 0008 01       		.byte	0x1
 209 0009 00       		.ascii	"\000"
 210 000a 01       		.uleb128 0x1
 211 000b 7C       		.sleb128 -4
 212 000c 0E       		.byte	0xe
 213 000d 0C       		.byte	0xc
 214 000e 0D       		.uleb128 0xd
 215 000f 00       		.uleb128 0x0
 216              		.align	2
 217              	.LECIE0:
 218              	.LSFDE0:
 219 0010 18000000 		.4byte	.LEFDE0-.LASFDE0
 220              	.LASFDE0:
 221 0014 00000000 		.4byte	.Lframe0
ARM GAS  /cygdrive/c/Users/Anders/AppData/Local/Temp/ccGQPF7d.s 			page 7


 222 0018 00000000 		.4byte	.LFB2
 223 001c 7C000000 		.4byte	.LFE2-.LFB2
 224 0020 42       		.byte	0x4
 225              		.4byte	.LCFI0-.LFB2
 226 0021 0E       		.byte	0xe
 227 0022 0C       		.uleb128 0xc
 228 0023 84       		.byte	0x84
 229 0024 03       		.uleb128 0x3
 230 0025 85       		.byte	0x85
 231 0026 02       		.uleb128 0x2
 232 0027 8E       		.byte	0x8e
 233 0028 01       		.uleb128 0x1
 234 0029 000000   		.align	2
 235              	.LEFDE0:
 236              	.LSFDE2:
 237 002c 0C000000 		.4byte	.LEFDE2-.LASFDE2
 238              	.LASFDE2:
 239 0030 00000000 		.4byte	.Lframe0
 240 0034 7C000000 		.4byte	.LFB4
 241 0038 20000000 		.4byte	.LFE4-.LFB4
 242              		.align	2
 243              	.LEFDE2:
 244              	.LSFDE4:
 245 003c 0C000000 		.4byte	.LEFDE4-.LASFDE4
 246              	.LASFDE4:
 247 0040 00000000 		.4byte	.Lframe0
 248 0044 9C000000 		.4byte	.LFB3
 249 0048 3C000000 		.4byte	.LFE3-.LFB3
 250              		.align	2
 251              	.LEFDE4:
 252              		.text
 253              	.Letext0:
 254              		.section	.debug_loc,"",%progbits
 255              	.Ldebug_loc0:
 256              	.LLST0:
 257 0000 00000000 		.4byte	.LFB2-.Ltext0
 258 0004 02000000 		.4byte	.LCFI0-.Ltext0
 259 0008 0100     		.2byte	0x1
 260 000a 5D       		.byte	0x5d
 261 000b 02000000 		.4byte	.LCFI0-.Ltext0
 262 000f 7C000000 		.4byte	.LFE2-.Ltext0
 263 0013 0200     		.2byte	0x2
 264 0015 7D       		.byte	0x7d
 265 0016 0C       		.sleb128 12
 266 0017 00000000 		.4byte	0x0
 267 001b 00000000 		.4byte	0x0
 268              	.LLST1:
 269 001f 02000000 		.4byte	.LVL0-.Ltext0
 270 0023 14000000 		.4byte	.LVL3-.Ltext0
 271 0027 0100     		.2byte	0x1
 272 0029 50       		.byte	0x50
 273 002a 18000000 		.4byte	.LVL4-.Ltext0
 274 002e 7C000000 		.4byte	.LFE2-.Ltext0
 275 0032 0100     		.2byte	0x1
 276 0034 50       		.byte	0x50
 277 0035 00000000 		.4byte	0x0
 278 0039 00000000 		.4byte	0x0
ARM GAS  /cygdrive/c/Users/Anders/AppData/Local/Temp/ccGQPF7d.s 			page 8


 279              	.LLST2:
 280 003d 02000000 		.4byte	.LVL0-.Ltext0
 281 0041 06000000 		.4byte	.LVL1-.Ltext0
 282 0045 0100     		.2byte	0x1
 283 0047 51       		.byte	0x51
 284 0048 0C000000 		.4byte	.LVL2-.Ltext0
 285 004c 58000000 		.4byte	.LVL5-.Ltext0
 286 0050 0100     		.2byte	0x1
 287 0052 55       		.byte	0x55
 288 0053 00000000 		.4byte	0x0
 289 0057 00000000 		.4byte	0x0
 290              	.LLST4:
 291 005b 7C000000 		.4byte	.LVL6-.Ltext0
 292 005f 7E000000 		.4byte	.LVL7-.Ltext0
 293 0063 0100     		.2byte	0x1
 294 0065 50       		.byte	0x50
 295 0066 80000000 		.4byte	.LVL8-.Ltext0
 296 006a 9C000000 		.4byte	.LFE4-.Ltext0
 297 006e 0100     		.2byte	0x1
 298 0070 50       		.byte	0x50
 299 0071 00000000 		.4byte	0x0
 300 0075 00000000 		.4byte	0x0
 301              		.file 2 "./startup/../pre_emptive_os/api/../api/general.h"
 302              		.section	.debug_info
 303 0000 FD000000 		.4byte	0xfd
 304 0004 0200     		.2byte	0x2
 305 0006 00000000 		.4byte	.Ldebug_abbrev0
 306 000a 04       		.byte	0x4
 307 000b 01       		.uleb128 0x1
 308 000c 09000000 		.4byte	.LASF8
 309 0010 01       		.byte	0x1
 310 0011 00000000 		.4byte	.LASF9
 311 0015 15000000 		.4byte	.LASF10
 312 0019 00000000 		.4byte	.Ltext0
 313 001d D8000000 		.4byte	.Letext0
 314 0021 00000000 		.4byte	.Ldebug_line0
 315 0025 02       		.uleb128 0x2
 316 0026 74553800 		.ascii	"tU8\000"
 317 002a 02       		.byte	0x2
 318 002b 47       		.byte	0x47
 319 002c 30000000 		.4byte	0x30
 320 0030 03       		.uleb128 0x3
 321 0031 01       		.byte	0x1
 322 0032 08       		.byte	0x8
 323 0033 BB000000 		.4byte	.LASF0
 324 0037 03       		.uleb128 0x3
 325 0038 02       		.byte	0x2
 326 0039 07       		.byte	0x7
 327 003a C9000000 		.4byte	.LASF1
 328 003e 03       		.uleb128 0x3
 329 003f 04       		.byte	0x4
 330 0040 07       		.byte	0x7
 331 0041 E5000000 		.4byte	.LASF2
 332 0045 03       		.uleb128 0x3
 333 0046 01       		.byte	0x1
 334 0047 06       		.byte	0x6
 335 0048 10010000 		.4byte	.LASF3
ARM GAS  /cygdrive/c/Users/Anders/AppData/Local/Temp/ccGQPF7d.s 			page 9


 336 004c 03       		.uleb128 0x3
 337 004d 02       		.byte	0x2
 338 004e 05       		.byte	0x5
 339 004f 06010000 		.4byte	.LASF4
 340 0053 04       		.uleb128 0x4
 341 0054 04       		.byte	0x4
 342 0055 05       		.byte	0x5
 343 0056 696E7400 		.ascii	"int\000"
 344 005a 05       		.uleb128 0x5
 345 005b 1C010000 		.4byte	.LASF5
 346 005f 02       		.byte	0x2
 347 0060 4D       		.byte	0x4d
 348 0061 30000000 		.4byte	0x30
 349 0065 06       		.uleb128 0x6
 350 0066 04       		.byte	0x4
 351 0067 07       		.byte	0x7
 352 0068 07       		.uleb128 0x7
 353 0069 01       		.byte	0x1
 354 006a FC000000 		.4byte	.LASF11
 355 006e 01       		.byte	0x1
 356 006f 30       		.byte	0x30
 357 0070 01       		.byte	0x1
 358 0071 00000000 		.4byte	.LFB2
 359 0075 7C000000 		.4byte	.LFE2
 360 0079 00000000 		.4byte	.LLST0
 361 007d A0000000 		.4byte	0xa0
 362 0081 08       		.uleb128 0x8
 363 0082 DC000000 		.4byte	.LASF6
 364 0086 01       		.byte	0x1
 365 0087 2F       		.byte	0x2f
 366 0088 25000000 		.4byte	0x25
 367 008c 1F000000 		.4byte	.LLST1
 368 0090 08       		.uleb128 0x8
 369 0091 B6000000 		.4byte	.LASF7
 370 0095 01       		.byte	0x1
 371 0096 2F       		.byte	0x2f
 372 0097 25000000 		.4byte	0x25
 373 009b 3D000000 		.4byte	.LLST2
 374 009f 00       		.byte	0x0
 375 00a0 09       		.uleb128 0x9
 376 00a1 01       		.byte	0x1
 377 00a2 F2000000 		.4byte	.LASF12
 378 00a6 01       		.byte	0x1
 379 00a7 70       		.byte	0x70
 380 00a8 01       		.byte	0x1
 381 00a9 01       		.byte	0x1
 382 00aa BA000000 		.4byte	0xba
 383 00ae 0A       		.uleb128 0xa
 384 00af AF000000 		.4byte	.LASF13
 385 00b3 01       		.byte	0x1
 386 00b4 6F       		.byte	0x6f
 387 00b5 5A000000 		.4byte	0x5a
 388 00b9 00       		.byte	0x0
 389 00ba 0B       		.uleb128 0xb
 390 00bb A0000000 		.4byte	0xa0
 391 00bf 7C000000 		.4byte	.LFB4
 392 00c3 9C000000 		.4byte	.LFE4
ARM GAS  /cygdrive/c/Users/Anders/AppData/Local/Temp/ccGQPF7d.s 			page 10


 393 00c7 01       		.byte	0x1
 394 00c8 5D       		.byte	0x5d
 395 00c9 D7000000 		.4byte	0xd7
 396 00cd 0C       		.uleb128 0xc
 397 00ce AE000000 		.4byte	0xae
 398 00d2 5B000000 		.4byte	.LLST4
 399 00d6 00       		.byte	0x0
 400 00d7 0D       		.uleb128 0xd
 401 00d8 01       		.byte	0x1
 402 00d9 A1000000 		.4byte	.LASF14
 403 00dd 01       		.byte	0x1
 404 00de 59       		.byte	0x59
 405 00df 01       		.byte	0x1
 406 00e0 9C000000 		.4byte	.LFB3
 407 00e4 D8000000 		.4byte	.LFE3
 408 00e8 01       		.byte	0x1
 409 00e9 5D       		.byte	0x5d
 410 00ea 0E       		.uleb128 0xe
 411 00eb A0000000 		.4byte	0xa0
 412 00ef A6000000 		.4byte	.LBB4
 413 00f3 AC000000 		.4byte	.LBE4
 414 00f7 01       		.byte	0x1
 415 00f8 5E       		.byte	0x5e
 416 00f9 0F       		.uleb128 0xf
 417 00fa CD000000 		.4byte	0xcd
 418 00fe 00       		.byte	0x0
 419 00ff 00       		.byte	0x0
 420 0100 00       		.byte	0x0
 421              		.section	.debug_abbrev
 422 0000 01       		.uleb128 0x1
 423 0001 11       		.uleb128 0x11
 424 0002 01       		.byte	0x1
 425 0003 25       		.uleb128 0x25
 426 0004 0E       		.uleb128 0xe
 427 0005 13       		.uleb128 0x13
 428 0006 0B       		.uleb128 0xb
 429 0007 03       		.uleb128 0x3
 430 0008 0E       		.uleb128 0xe
 431 0009 1B       		.uleb128 0x1b
 432 000a 0E       		.uleb128 0xe
 433 000b 11       		.uleb128 0x11
 434 000c 01       		.uleb128 0x1
 435 000d 12       		.uleb128 0x12
 436 000e 01       		.uleb128 0x1
 437 000f 10       		.uleb128 0x10
 438 0010 06       		.uleb128 0x6
 439 0011 00       		.byte	0x0
 440 0012 00       		.byte	0x0
 441 0013 02       		.uleb128 0x2
 442 0014 16       		.uleb128 0x16
 443 0015 00       		.byte	0x0
 444 0016 03       		.uleb128 0x3
 445 0017 08       		.uleb128 0x8
 446 0018 3A       		.uleb128 0x3a
 447 0019 0B       		.uleb128 0xb
 448 001a 3B       		.uleb128 0x3b
 449 001b 0B       		.uleb128 0xb
ARM GAS  /cygdrive/c/Users/Anders/AppData/Local/Temp/ccGQPF7d.s 			page 11


 450 001c 49       		.uleb128 0x49
 451 001d 13       		.uleb128 0x13
 452 001e 00       		.byte	0x0
 453 001f 00       		.byte	0x0
 454 0020 03       		.uleb128 0x3
 455 0021 24       		.uleb128 0x24
 456 0022 00       		.byte	0x0
 457 0023 0B       		.uleb128 0xb
 458 0024 0B       		.uleb128 0xb
 459 0025 3E       		.uleb128 0x3e
 460 0026 0B       		.uleb128 0xb
 461 0027 03       		.uleb128 0x3
 462 0028 0E       		.uleb128 0xe
 463 0029 00       		.byte	0x0
 464 002a 00       		.byte	0x0
 465 002b 04       		.uleb128 0x4
 466 002c 24       		.uleb128 0x24
 467 002d 00       		.byte	0x0
 468 002e 0B       		.uleb128 0xb
 469 002f 0B       		.uleb128 0xb
 470 0030 3E       		.uleb128 0x3e
 471 0031 0B       		.uleb128 0xb
 472 0032 03       		.uleb128 0x3
 473 0033 08       		.uleb128 0x8
 474 0034 00       		.byte	0x0
 475 0035 00       		.byte	0x0
 476 0036 05       		.uleb128 0x5
 477 0037 16       		.uleb128 0x16
 478 0038 00       		.byte	0x0
 479 0039 03       		.uleb128 0x3
 480 003a 0E       		.uleb128 0xe
 481 003b 3A       		.uleb128 0x3a
 482 003c 0B       		.uleb128 0xb
 483 003d 3B       		.uleb128 0x3b
 484 003e 0B       		.uleb128 0xb
 485 003f 49       		.uleb128 0x49
 486 0040 13       		.uleb128 0x13
 487 0041 00       		.byte	0x0
 488 0042 00       		.byte	0x0
 489 0043 06       		.uleb128 0x6
 490 0044 24       		.uleb128 0x24
 491 0045 00       		.byte	0x0
 492 0046 0B       		.uleb128 0xb
 493 0047 0B       		.uleb128 0xb
 494 0048 3E       		.uleb128 0x3e
 495 0049 0B       		.uleb128 0xb
 496 004a 00       		.byte	0x0
 497 004b 00       		.byte	0x0
 498 004c 07       		.uleb128 0x7
 499 004d 2E       		.uleb128 0x2e
 500 004e 01       		.byte	0x1
 501 004f 3F       		.uleb128 0x3f
 502 0050 0C       		.uleb128 0xc
 503 0051 03       		.uleb128 0x3
 504 0052 0E       		.uleb128 0xe
 505 0053 3A       		.uleb128 0x3a
 506 0054 0B       		.uleb128 0xb
ARM GAS  /cygdrive/c/Users/Anders/AppData/Local/Temp/ccGQPF7d.s 			page 12


 507 0055 3B       		.uleb128 0x3b
 508 0056 0B       		.uleb128 0xb
 509 0057 27       		.uleb128 0x27
 510 0058 0C       		.uleb128 0xc
 511 0059 11       		.uleb128 0x11
 512 005a 01       		.uleb128 0x1
 513 005b 12       		.uleb128 0x12
 514 005c 01       		.uleb128 0x1
 515 005d 40       		.uleb128 0x40
 516 005e 06       		.uleb128 0x6
 517 005f 01       		.uleb128 0x1
 518 0060 13       		.uleb128 0x13
 519 0061 00       		.byte	0x0
 520 0062 00       		.byte	0x0
 521 0063 08       		.uleb128 0x8
 522 0064 05       		.uleb128 0x5
 523 0065 00       		.byte	0x0
 524 0066 03       		.uleb128 0x3
 525 0067 0E       		.uleb128 0xe
 526 0068 3A       		.uleb128 0x3a
 527 0069 0B       		.uleb128 0xb
 528 006a 3B       		.uleb128 0x3b
 529 006b 0B       		.uleb128 0xb
 530 006c 49       		.uleb128 0x49
 531 006d 13       		.uleb128 0x13
 532 006e 02       		.uleb128 0x2
 533 006f 06       		.uleb128 0x6
 534 0070 00       		.byte	0x0
 535 0071 00       		.byte	0x0
 536 0072 09       		.uleb128 0x9
 537 0073 2E       		.uleb128 0x2e
 538 0074 01       		.byte	0x1
 539 0075 3F       		.uleb128 0x3f
 540 0076 0C       		.uleb128 0xc
 541 0077 03       		.uleb128 0x3
 542 0078 0E       		.uleb128 0xe
 543 0079 3A       		.uleb128 0x3a
 544 007a 0B       		.uleb128 0xb
 545 007b 3B       		.uleb128 0x3b
 546 007c 0B       		.uleb128 0xb
 547 007d 27       		.uleb128 0x27
 548 007e 0C       		.uleb128 0xc
 549 007f 20       		.uleb128 0x20
 550 0080 0B       		.uleb128 0xb
 551 0081 01       		.uleb128 0x1
 552 0082 13       		.uleb128 0x13
 553 0083 00       		.byte	0x0
 554 0084 00       		.byte	0x0
 555 0085 0A       		.uleb128 0xa
 556 0086 05       		.uleb128 0x5
 557 0087 00       		.byte	0x0
 558 0088 03       		.uleb128 0x3
 559 0089 0E       		.uleb128 0xe
 560 008a 3A       		.uleb128 0x3a
 561 008b 0B       		.uleb128 0xb
 562 008c 3B       		.uleb128 0x3b
 563 008d 0B       		.uleb128 0xb
ARM GAS  /cygdrive/c/Users/Anders/AppData/Local/Temp/ccGQPF7d.s 			page 13


 564 008e 49       		.uleb128 0x49
 565 008f 13       		.uleb128 0x13
 566 0090 00       		.byte	0x0
 567 0091 00       		.byte	0x0
 568 0092 0B       		.uleb128 0xb
 569 0093 2E       		.uleb128 0x2e
 570 0094 01       		.byte	0x1
 571 0095 31       		.uleb128 0x31
 572 0096 13       		.uleb128 0x13
 573 0097 11       		.uleb128 0x11
 574 0098 01       		.uleb128 0x1
 575 0099 12       		.uleb128 0x12
 576 009a 01       		.uleb128 0x1
 577 009b 40       		.uleb128 0x40
 578 009c 0A       		.uleb128 0xa
 579 009d 01       		.uleb128 0x1
 580 009e 13       		.uleb128 0x13
 581 009f 00       		.byte	0x0
 582 00a0 00       		.byte	0x0
 583 00a1 0C       		.uleb128 0xc
 584 00a2 05       		.uleb128 0x5
 585 00a3 00       		.byte	0x0
 586 00a4 31       		.uleb128 0x31
 587 00a5 13       		.uleb128 0x13
 588 00a6 02       		.uleb128 0x2
 589 00a7 06       		.uleb128 0x6
 590 00a8 00       		.byte	0x0
 591 00a9 00       		.byte	0x0
 592 00aa 0D       		.uleb128 0xd
 593 00ab 2E       		.uleb128 0x2e
 594 00ac 01       		.byte	0x1
 595 00ad 3F       		.uleb128 0x3f
 596 00ae 0C       		.uleb128 0xc
 597 00af 03       		.uleb128 0x3
 598 00b0 0E       		.uleb128 0xe
 599 00b1 3A       		.uleb128 0x3a
 600 00b2 0B       		.uleb128 0xb
 601 00b3 3B       		.uleb128 0x3b
 602 00b4 0B       		.uleb128 0xb
 603 00b5 27       		.uleb128 0x27
 604 00b6 0C       		.uleb128 0xc
 605 00b7 11       		.uleb128 0x11
 606 00b8 01       		.uleb128 0x1
 607 00b9 12       		.uleb128 0x12
 608 00ba 01       		.uleb128 0x1
 609 00bb 40       		.uleb128 0x40
 610 00bc 0A       		.uleb128 0xa
 611 00bd 00       		.byte	0x0
 612 00be 00       		.byte	0x0
 613 00bf 0E       		.uleb128 0xe
 614 00c0 1D       		.uleb128 0x1d
 615 00c1 01       		.byte	0x1
 616 00c2 31       		.uleb128 0x31
 617 00c3 13       		.uleb128 0x13
 618 00c4 11       		.uleb128 0x11
 619 00c5 01       		.uleb128 0x1
 620 00c6 12       		.uleb128 0x12
ARM GAS  /cygdrive/c/Users/Anders/AppData/Local/Temp/ccGQPF7d.s 			page 14


 621 00c7 01       		.uleb128 0x1
 622 00c8 58       		.uleb128 0x58
 623 00c9 0B       		.uleb128 0xb
 624 00ca 59       		.uleb128 0x59
 625 00cb 0B       		.uleb128 0xb
 626 00cc 00       		.byte	0x0
 627 00cd 00       		.byte	0x0
 628 00ce 0F       		.uleb128 0xf
 629 00cf 05       		.uleb128 0x5
 630 00d0 00       		.byte	0x0
 631 00d1 31       		.uleb128 0x31
 632 00d2 13       		.uleb128 0x13
 633 00d3 00       		.byte	0x0
 634 00d4 00       		.byte	0x0
 635 00d5 00       		.byte	0x0
 636              		.section	.debug_pubnames,"",%progbits
 637 0000 3C000000 		.4byte	0x3c
 638 0004 0200     		.2byte	0x2
 639 0006 00000000 		.4byte	.Ldebug_info0
 640 000a 01010000 		.4byte	0x101
 641 000e 68000000 		.4byte	0x68
 642 0012 73656E64 		.ascii	"sendToLCD\000"
 642      546F4C43 
 642      4400
 643 001c BA000000 		.4byte	0xba
 644 0020 73656C65 		.ascii	"selectLCD\000"
 644      63744C43 
 644      4400
 645 002a D7000000 		.4byte	0xd7
 646 002e 696E6974 		.ascii	"initSpiForLcd\000"
 646      53706946 
 646      6F724C63 
 646      6400
 647 003c 00000000 		.4byte	0x0
 648              		.section	.debug_aranges,"",%progbits
 649 0000 1C000000 		.4byte	0x1c
 650 0004 0200     		.2byte	0x2
 651 0006 00000000 		.4byte	.Ldebug_info0
 652 000a 04       		.byte	0x4
 653 000b 00       		.byte	0x0
 654 000c 0000     		.2byte	0x0
 655 000e 0000     		.2byte	0x0
 656 0010 00000000 		.4byte	.Ltext0
 657 0014 D8000000 		.4byte	.Letext0-.Ltext0
 658 0018 00000000 		.4byte	0x0
 659 001c 00000000 		.4byte	0x0
 660              		.section	.debug_str,"MS",%progbits,1
 661              	.LASF9:
 662 0000 6C63645F 		.ascii	"lcd_hw.c\000"
 662      68772E63 
 662      00
 663              	.LASF8:
 664 0009 474E5520 		.ascii	"GNU C 4.2.2\000"
 664      4320342E 
 664      322E3200 
 665              	.LASF10:
 666 0015 2F637967 		.ascii	"/cygdrive/c/Users/Anders/Fr\345n Gamla Datorn/Mina "
ARM GAS  /cygdrive/c/Users/Anders/AppData/Local/Temp/ccGQPF7d.s 			page 15


 666      64726976 
 666      652F632F 
 666      55736572 
 666      732F416E 
 667 0045 646F6B75 		.ascii	"dokument/Embedded Artists/Products/Education boards"
 667      6D656E74 
 667      2F456D62 
 667      65646465 
 667      64204172 
 668 0078 2F4C5043 		.ascii	"/LPC2138 EDU/testPrograms/productionTest\000"
 668      32313338 
 668      20454455 
 668      2F746573 
 668      7450726F 
 669              	.LASF14:
 670 00a1 696E6974 		.ascii	"initSpiForLcd\000"
 670      53706946 
 670      6F724C63 
 670      6400
 671              	.LASF13:
 672 00af 73656C65 		.ascii	"select\000"
 672      637400
 673              	.LASF7:
 674 00b6 64617461 		.ascii	"data\000"
 674      00
 675              	.LASF0:
 676 00bb 756E7369 		.ascii	"unsigned char\000"
 676      676E6564 
 676      20636861 
 676      7200
 677              	.LASF1:
 678 00c9 73686F72 		.ascii	"short unsigned int\000"
 678      7420756E 
 678      7369676E 
 678      65642069 
 678      6E7400
 679              	.LASF6:
 680 00dc 66697273 		.ascii	"firstBit\000"
 680      74426974 
 680      00
 681              	.LASF2:
 682 00e5 756E7369 		.ascii	"unsigned int\000"
 682      676E6564 
 682      20696E74 
 682      00
 683              	.LASF12:
 684 00f2 73656C65 		.ascii	"selectLCD\000"
 684      63744C43 
 684      4400
 685              	.LASF11:
 686 00fc 73656E64 		.ascii	"sendToLCD\000"
 686      546F4C43 
 686      4400
 687              	.LASF4:
 688 0106 73686F72 		.ascii	"short int\000"
 688      7420696E 
 688      7400
ARM GAS  /cygdrive/c/Users/Anders/AppData/Local/Temp/ccGQPF7d.s 			page 16


 689              	.LASF3:
 690 0110 7369676E 		.ascii	"signed char\000"
 690      65642063 
 690      68617200 
 691              	.LASF5:
 692 011c 74426F6F 		.ascii	"tBool\000"
 692      6C00
 693              		.ident	"GCC: (GNU) 4.2.2"
ARM GAS  /cygdrive/c/Users/Anders/AppData/Local/Temp/ccGQPF7d.s 			page 17


DEFINED SYMBOLS
                            *ABS*:00000000 lcd_hw.c
/cygdrive/c/Users/Anders/AppData/Local/Temp/ccGQPF7d.s:1      .text:00000000 $t
/cygdrive/c/Users/Anders/AppData/Local/Temp/ccGQPF7d.s:16     .text:00000000 sendToLCD
/cygdrive/c/Users/Anders/AppData/Local/Temp/ccGQPF7d.s:103    .text:00000060 $d
/cygdrive/c/Users/Anders/AppData/Local/Temp/ccGQPF7d.s:117    .text:0000007c selectLCD
/cygdrive/c/Users/Anders/AppData/Local/Temp/ccGQPF7d.s:114    .text:0000007c $t
/cygdrive/c/Users/Anders/AppData/Local/Temp/ccGQPF7d.s:145    .text:00000094 $d
/cygdrive/c/Users/Anders/AppData/Local/Temp/ccGQPF7d.s:154    .text:0000009c initSpiForLcd
/cygdrive/c/Users/Anders/AppData/Local/Temp/ccGQPF7d.s:151    .text:0000009c $t
/cygdrive/c/Users/Anders/AppData/Local/Temp/ccGQPF7d.s:197    .text:000000c8 $d

NO UNDEFINED SYMBOLS
