ARM GAS  C:\Users\embedded\AppData\Local\Temp\ccrmJJdW.s 			page 1


   1              		.cpu arm7tdmi
   2              		.eabi_attribute 20, 1
   3              		.eabi_attribute 21, 1
   4              		.eabi_attribute 23, 3
   5              		.eabi_attribute 24, 1
   6              		.eabi_attribute 25, 1
   7              		.eabi_attribute 26, 1
   8              		.eabi_attribute 30, 6
   9              		.eabi_attribute 34, 0
  10              		.eabi_attribute 18, 4
  11              		.file	"lm75.c"
  12              		.text
  13              	.Ltext0:
  14              		.cfi_sections	.debug_frame
  15              		.align	1
  16              		.global	measureTemperature
  17              		.syntax unified
  18              		.code	16
  19              		.thumb_func
  20              		.fpu softvfp
  21              		.type	measureTemperature, %function
  22              	measureTemperature:
  23              	.LFB0:
  24              		.file 1 "lm75.c"
   1:lm75.c        **** /*
   2:lm75.c        ****     Obsługa pomiaru temperatury przy pomocy temometru LM75.
   3:lm75.c        **** 
   4:lm75.c        ****     Plik z kodem źródłowym funkcji.
   5:lm75.c        **** */
   6:lm75.c        **** 
   7:lm75.c        **** #include "lm75.h"
   8:lm75.c        **** 
   9:lm75.c        **** tS8 measureTemperature(tU8 addr, tU8 *pBuf)
  10:lm75.c        **** {
  25              		.loc 1 10 0
  26              		.cfi_startproc
  27              		@ Function supports interworking.
  28              		@ args = 0, pretend = 0, frame = 8
  29              		@ frame_needed = 1, uses_anonymous_args = 0
  30 0000 80B5     		push	{r7, lr}
  31              	.LCFI0:
  32              		.cfi_def_cfa_offset 8
  33              		.cfi_offset 7, -8
  34              		.cfi_offset 14, -4
  35 0002 82B0     		sub	sp, sp, #8
  36              	.LCFI1:
  37              		.cfi_def_cfa_offset 16
  38 0004 00AF     		add	r7, sp, #0
  39              	.LCFI2:
  40              		.cfi_def_cfa_register 7
  41 0006 0200     		movs	r2, r0
  42 0008 3960     		str	r1, [r7]
  43 000a FB1D     		adds	r3, r7, #7
  44 000c 1A70     		strb	r2, [r3]
  11:lm75.c        ****     return i2cRead(addr, pBuf, 2);
  45              		.loc 1 11 0
  46 000e 3968     		ldr	r1, [r7]
ARM GAS  C:\Users\embedded\AppData\Local\Temp\ccrmJJdW.s 			page 2


  47 0010 FB1D     		adds	r3, r7, #7
  48 0012 1B78     		ldrb	r3, [r3]
  49 0014 0222     		movs	r2, #2
  50 0016 1800     		movs	r0, r3
  51 0018 FFF7FEFF 		bl	i2cRead
  52 001c 0300     		movs	r3, r0
  12:lm75.c        **** }
  53              		.loc 1 12 0
  54 001e 1800     		movs	r0, r3
  55 0020 BD46     		mov	sp, r7
  56 0022 02B0     		add	sp, sp, #8
  57              		@ sp needed
  58 0024 80BC     		pop	{r7}
  59 0026 02BC     		pop	{r1}
  60 0028 0847     		bx	r1
  61              		.cfi_endproc
  62              	.LFE0:
  63              		.size	measureTemperature, .-measureTemperature
  64              		.section	.rodata
  65              		.align	2
  66              	.LC0:
  67 0000 256400   		.ascii	"%d\000"
  68              		.text
  69              		.align	1
  70              		.global	calculateTemperatureValue
  71              		.syntax unified
  72              		.code	16
  73              		.thumb_func
  74              		.fpu softvfp
  75              		.type	calculateTemperatureValue, %function
  76              	calculateTemperatureValue:
  77              	.LFB1:
  13:lm75.c        **** 
  14:lm75.c        **** void calculateTemperatureValue(tU8 *byteArray)
  15:lm75.c        **** {
  78              		.loc 1 15 0
  79              		.cfi_startproc
  80              		@ Function supports interworking.
  81              		@ args = 0, pretend = 0, frame = 24
  82              		@ frame_needed = 1, uses_anonymous_args = 0
  83 002a 80B5     		push	{r7, lr}
  84              	.LCFI3:
  85              		.cfi_def_cfa_offset 8
  86              		.cfi_offset 7, -8
  87              		.cfi_offset 14, -4
  88 002c 86B0     		sub	sp, sp, #24
  89              	.LCFI4:
  90              		.cfi_def_cfa_offset 32
  91 002e 00AF     		add	r7, sp, #0
  92              	.LCFI5:
  93              		.cfi_def_cfa_register 7
  94 0030 7860     		str	r0, [r7, #4]
  16:lm75.c        ****     // Variable for holding result of sprintf
  17:lm75.c        ****     tU8 resultHolder;
  18:lm75.c        **** 
  19:lm75.c        ****     // Char array used for storing temperature to be shown to the user.
  20:lm75.c        ****     tU8 charArray[10] = {0};
ARM GAS  C:\Users\embedded\AppData\Local\Temp\ccrmJJdW.s 			page 3


  95              		.loc 1 20 0
  96 0032 0823     		movs	r3, #8
  97 0034 FB18     		adds	r3, r7, r3
  98 0036 1800     		movs	r0, r3
  99 0038 0A23     		movs	r3, #10
 100 003a 1A00     		movs	r2, r3
 101 003c 0021     		movs	r1, #0
 102 003e FFF7FEFF 		bl	memset
  21:lm75.c        **** 
  22:lm75.c        ****     // Variable for string integer part of the temperature
  23:lm75.c        ****     // Since the temperature can be negative (when the 8-th bit is up then this variable must be tS
  24:lm75.c        ****     tS8 calculatedValue = byteArray[0];
 103              		.loc 1 24 0
 104 0042 7B68     		ldr	r3, [r7, #4]
 105 0044 1A78     		ldrb	r2, [r3]
 106 0046 1621     		movs	r1, #22
 107 0048 7B18     		adds	r3, r7, r1
 108 004a 1A70     		strb	r2, [r3]
  25:lm75.c        **** 
  26:lm75.c        ****     // Flag indicating whether temperature value is below zero or not.
  27:lm75.c        ****     tU8 isNegative = 0;
 109              		.loc 1 27 0
 110 004c 1523     		movs	r3, #21
 111 004e FB18     		adds	r3, r7, r3
 112 0050 0022     		movs	r2, #0
 113 0052 1A70     		strb	r2, [r3]
  28:lm75.c        **** 
  29:lm75.c        ****     // Flag indicating whether it is required to add 0.5 Celsius degree to measured temperature.
  30:lm75.c        ****     tU8 appendHalf = 0;
 114              		.loc 1 30 0
 115 0054 1423     		movs	r3, #20
 116 0056 FB18     		adds	r3, r7, r3
 117 0058 0022     		movs	r2, #0
 118 005a 1A70     		strb	r2, [r3]
  31:lm75.c        **** 
  32:lm75.c        ****     if (calculatedValue < 0) {
 119              		.loc 1 32 0
 120 005c 7B18     		adds	r3, r7, r1
 121 005e 1B78     		ldrb	r3, [r3]
 122 0060 7F2B     		cmp	r3, #127
 123 0062 03D9     		bls	.L9
  33:lm75.c        ****     	// Case for negative temperature - if temperature is in fact below zero, then adding 0.5 degre
  34:lm75.c        ****         isNegative = 1;
 124              		.loc 1 34 0
 125 0064 1523     		movs	r3, #21
 126 0066 FB18     		adds	r3, r7, r3
 127 0068 0122     		movs	r2, #1
 128 006a 1A70     		strb	r2, [r3]
 129              	.L9:
  35:lm75.c        ****     }
  36:lm75.c        ****     if ((isNegative == (tU8)1) && ((byteArray[1] & (tU8)0x80) == (tU8)1)){
  37:lm75.c        ****         // Case for temperature that is negative and most significant bit in LSB (that is for 0.5 d
  38:lm75.c        ****         calculatedValue = calculatedValue + (tS8)1;
  39:lm75.c        ****     	appendHalf = 1;
  40:lm75.c        ****     } else if ((isNegative == (tU8)0) && ((byteArray[1] & (tU8)0x80) == (tU8)1)) {
  41:lm75.c        ****         // Case for temperature that is non negative and most significant bit in LSB (that is for 0
  42:lm75.c        ****     	appendHalf = 1;
ARM GAS  C:\Users\embedded\AppData\Local\Temp\ccrmJJdW.s 			page 4


  43:lm75.c        ****     } else {
  44:lm75.c        ****         ;
  45:lm75.c        ****     }
  46:lm75.c        **** 
  47:lm75.c        ****     // Variable used as iterator in a loop.
  48:lm75.c        **** 	tU8 i = 0;
 130              		.loc 1 48 0
 131 006c 1723     		movs	r3, #23
 132 006e FB18     		adds	r3, r7, r3
 133 0070 0022     		movs	r2, #0
 134 0072 1A70     		strb	r2, [r3]
  49:lm75.c        **** 
  50:lm75.c        ****     // Parsing calculatedValue into charArray to change it accroding to appendHalf flag value
  51:lm75.c        **** 	resultHolder = sprintf(charArray, "%d", calculatedValue);
 135              		.loc 1 51 0
 136 0074 1623     		movs	r3, #22
 137 0076 FB18     		adds	r3, r7, r3
 138 0078 0022     		movs	r2, #0
 139 007a 9A56     		ldrsb	r2, [r3, r2]
 140 007c 2049     		ldr	r1, .L10
 141 007e 0823     		movs	r3, #8
 142 0080 FB18     		adds	r3, r7, r3
 143 0082 1800     		movs	r0, r3
 144 0084 FFF7FEFF 		bl	sprintf
 145 0088 0200     		movs	r2, r0
 146 008a 1323     		movs	r3, #19
 147 008c FB18     		adds	r3, r7, r3
 148 008e 1A70     		strb	r2, [r3]
  52:lm75.c        **** 
  53:lm75.c        ****     while(charArray[i] != (tU8)0) {
 149              		.loc 1 53 0
 150 0090 05E0     		b	.L5
 151              	.L6:
  54:lm75.c        ****         i = i + (tU8)1;
 152              		.loc 1 54 0
 153 0092 1722     		movs	r2, #23
 154 0094 BB18     		adds	r3, r7, r2
 155 0096 BA18     		adds	r2, r7, r2
 156 0098 1278     		ldrb	r2, [r2]
 157 009a 0132     		adds	r2, r2, #1
 158 009c 1A70     		strb	r2, [r3]
 159              	.L5:
  53:lm75.c        ****         i = i + (tU8)1;
 160              		.loc 1 53 0
 161 009e 1723     		movs	r3, #23
 162 00a0 FB18     		adds	r3, r7, r3
 163 00a2 1B78     		ldrb	r3, [r3]
 164 00a4 0822     		movs	r2, #8
 165 00a6 BA18     		adds	r2, r7, r2
 166 00a8 D35C     		ldrb	r3, [r2, r3]
 167 00aa 002B     		cmp	r3, #0
 168 00ac F1D1     		bne	.L6
  55:lm75.c        ****     }
  56:lm75.c        **** 
  57:lm75.c        ****     charArray[i] = '.';
 169              		.loc 1 57 0
 170 00ae 1723     		movs	r3, #23
ARM GAS  C:\Users\embedded\AppData\Local\Temp\ccrmJJdW.s 			page 5


 171 00b0 FB18     		adds	r3, r7, r3
 172 00b2 1B78     		ldrb	r3, [r3]
 173 00b4 0822     		movs	r2, #8
 174 00b6 BA18     		adds	r2, r7, r2
 175 00b8 2E21     		movs	r1, #46
 176 00ba D154     		strb	r1, [r2, r3]
  58:lm75.c        ****     if (appendHalf == (tU8)1) {
 177              		.loc 1 58 0
 178 00bc 1423     		movs	r3, #20
 179 00be FB18     		adds	r3, r7, r3
 180 00c0 1B78     		ldrb	r3, [r3]
 181 00c2 012B     		cmp	r3, #1
 182 00c4 08D1     		bne	.L7
  59:lm75.c        ****         charArray[i + (tU8)1] = '5';
 183              		.loc 1 59 0
 184 00c6 1723     		movs	r3, #23
 185 00c8 FB18     		adds	r3, r7, r3
 186 00ca 1B78     		ldrb	r3, [r3]
 187 00cc 0133     		adds	r3, r3, #1
 188 00ce 0822     		movs	r2, #8
 189 00d0 BA18     		adds	r2, r7, r2
 190 00d2 3521     		movs	r1, #53
 191 00d4 D154     		strb	r1, [r2, r3]
 192 00d6 07E0     		b	.L8
 193              	.L7:
  60:lm75.c        ****     } else {
  61:lm75.c        ****         charArray[i + (tU8)1] = '0';
 194              		.loc 1 61 0
 195 00d8 1723     		movs	r3, #23
 196 00da FB18     		adds	r3, r7, r3
 197 00dc 1B78     		ldrb	r3, [r3]
 198 00de 0133     		adds	r3, r3, #1
 199 00e0 0822     		movs	r2, #8
 200 00e2 BA18     		adds	r2, r7, r2
 201 00e4 3021     		movs	r1, #48
 202 00e6 D154     		strb	r1, [r2, r3]
 203              	.L8:
  62:lm75.c        ****     }
  63:lm75.c        **** 
  64:lm75.c        ****     lcdPuts(charArray);
 204              		.loc 1 64 0
 205 00e8 0823     		movs	r3, #8
 206 00ea FB18     		adds	r3, r7, r3
 207 00ec 1800     		movs	r0, r3
 208 00ee FFF7FEFF 		bl	lcdPuts
  65:lm75.c        **** }
 209              		.loc 1 65 0
 210 00f2 C046     		nop
 211 00f4 BD46     		mov	sp, r7
 212 00f6 06B0     		add	sp, sp, #24
 213              		@ sp needed
 214 00f8 80BC     		pop	{r7}
 215 00fa 01BC     		pop	{r0}
 216 00fc 0047     		bx	r0
 217              	.L11:
 218 00fe C046     		.align	2
 219              	.L10:
ARM GAS  C:\Users\embedded\AppData\Local\Temp\ccrmJJdW.s 			page 6


 220 0100 00000000 		.word	.LC0
 221              		.cfi_endproc
 222              	.LFE1:
 223              		.size	calculateTemperatureValue, .-calculateTemperatureValue
 224              	.Letext0:
 225              		.file 2 "general.h"
 226              		.file 3 "<built-in>"
 227              		.section	.debug_info,"",%progbits
 228              	.Ldebug_info0:
 229 0000 6A010000 		.4byte	0x16a
 230 0004 0200     		.2byte	0x2
 231 0006 00000000 		.4byte	.Ldebug_abbrev0
 232 000a 04       		.byte	0x4
 233 000b 01       		.uleb128 0x1
 234 000c 8C000000 		.4byte	.LASF18
 235 0010 0C       		.byte	0xc
 236 0011 82010000 		.4byte	.LASF19
 237 0015 31010000 		.4byte	.LASF20
 238 0019 00000000 		.4byte	.Ltext0
 239 001d 04010000 		.4byte	.Letext0
 240 0021 00000000 		.4byte	.Ldebug_line0
 241 0025 02       		.uleb128 0x2
 242 0026 74553800 		.ascii	"tU8\000"
 243 002a 02       		.byte	0x2
 244 002b 18       		.byte	0x18
 245 002c 30000000 		.4byte	0x30
 246 0030 03       		.uleb128 0x3
 247 0031 01       		.byte	0x1
 248 0032 08       		.byte	0x8
 249 0033 79000000 		.4byte	.LASF0
 250 0037 03       		.uleb128 0x3
 251 0038 02       		.byte	0x2
 252 0039 07       		.byte	0x7
 253 003a 4F010000 		.4byte	.LASF1
 254 003e 03       		.uleb128 0x3
 255 003f 04       		.byte	0x4
 256 0040 07       		.byte	0x7
 257 0041 21000000 		.4byte	.LASF2
 258 0045 03       		.uleb128 0x3
 259 0046 08       		.byte	0x8
 260 0047 07       		.byte	0x7
 261 0048 41000000 		.4byte	.LASF3
 262 004c 02       		.uleb128 0x2
 263 004d 74533800 		.ascii	"tS8\000"
 264 0051 02       		.byte	0x2
 265 0052 1C       		.byte	0x1c
 266 0053 57000000 		.4byte	0x57
 267 0057 03       		.uleb128 0x3
 268 0058 01       		.byte	0x1
 269 0059 06       		.byte	0x6
 270 005a 62010000 		.4byte	.LASF4
 271 005e 03       		.uleb128 0x3
 272 005f 02       		.byte	0x2
 273 0060 05       		.byte	0x5
 274 0061 78010000 		.4byte	.LASF5
 275 0065 04       		.uleb128 0x4
 276 0066 04       		.byte	0x4
ARM GAS  C:\Users\embedded\AppData\Local\Temp\ccrmJJdW.s 			page 7


 277 0067 05       		.byte	0x5
 278 0068 696E7400 		.ascii	"int\000"
 279 006c 03       		.uleb128 0x3
 280 006d 08       		.byte	0x8
 281 006e 05       		.byte	0x5
 282 006f 00000000 		.4byte	.LASF6
 283 0073 05       		.uleb128 0x5
 284 0074 01       		.byte	0x1
 285 0075 0C010000 		.4byte	.LASF13
 286 0079 01       		.byte	0x1
 287 007a 0E       		.byte	0xe
 288 007b 01       		.byte	0x1
 289 007c 2A000000 		.4byte	.LFB1
 290 0080 04010000 		.4byte	.LFE1
 291 0084 00000000 		.4byte	.LLST1
 292 0088 01       		.byte	0x1
 293 0089 08010000 		.4byte	0x108
 294 008d 06       		.uleb128 0x6
 295 008e 5D000000 		.4byte	.LASF15
 296 0092 01       		.byte	0x1
 297 0093 0E       		.byte	0xe
 298 0094 08010000 		.4byte	0x108
 299 0098 02       		.byte	0x2
 300 0099 91       		.byte	0x91
 301 009a 64       		.sleb128 -28
 302 009b 07       		.uleb128 0x7
 303 009c 67000000 		.4byte	.LASF7
 304 00a0 01       		.byte	0x1
 305 00a1 11       		.byte	0x11
 306 00a2 25000000 		.4byte	0x25
 307 00a6 02       		.byte	0x2
 308 00a7 91       		.byte	0x91
 309 00a8 73       		.sleb128 -13
 310 00a9 07       		.uleb128 0x7
 311 00aa 6E010000 		.4byte	.LASF8
 312 00ae 01       		.byte	0x1
 313 00af 14       		.byte	0x14
 314 00b0 0E010000 		.4byte	0x10e
 315 00b4 02       		.byte	0x2
 316 00b5 91       		.byte	0x91
 317 00b6 68       		.sleb128 -24
 318 00b7 07       		.uleb128 0x7
 319 00b8 89010000 		.4byte	.LASF9
 320 00bc 01       		.byte	0x1
 321 00bd 18       		.byte	0x18
 322 00be 4C000000 		.4byte	0x4c
 323 00c2 02       		.byte	0x2
 324 00c3 91       		.byte	0x91
 325 00c4 76       		.sleb128 -10
 326 00c5 07       		.uleb128 0x7
 327 00c6 36000000 		.4byte	.LASF10
 328 00ca 01       		.byte	0x1
 329 00cb 1B       		.byte	0x1b
 330 00cc 25000000 		.4byte	0x25
 331 00d0 02       		.byte	0x2
 332 00d1 91       		.byte	0x91
 333 00d2 75       		.sleb128 -11
ARM GAS  C:\Users\embedded\AppData\Local\Temp\ccrmJJdW.s 			page 8


 334 00d3 07       		.uleb128 0x7
 335 00d4 26010000 		.4byte	.LASF11
 336 00d8 01       		.byte	0x1
 337 00d9 1E       		.byte	0x1e
 338 00da 25000000 		.4byte	0x25
 339 00de 02       		.byte	0x2
 340 00df 91       		.byte	0x91
 341 00e0 74       		.sleb128 -12
 342 00e1 08       		.uleb128 0x8
 343 00e2 6900     		.ascii	"i\000"
 344 00e4 01       		.byte	0x1
 345 00e5 30       		.byte	0x30
 346 00e6 25000000 		.4byte	0x25
 347 00ea 02       		.byte	0x2
 348 00eb 91       		.byte	0x91
 349 00ec 77       		.sleb128 -9
 350 00ed 09       		.uleb128 0x9
 351 00ee 01       		.byte	0x1
 352 00ef 2E000000 		.4byte	.LASF21
 353 00f3 03       		.byte	0x3
 354 00f4 00       		.byte	0
 355 00f5 01       		.byte	0x1
 356 00f6 65000000 		.4byte	0x65
 357 00fa 01       		.byte	0x1
 358 00fb 0A       		.uleb128 0xa
 359 00fc 1E010000 		.4byte	0x11e
 360 0100 0A       		.uleb128 0xa
 361 0101 30010000 		.4byte	0x130
 362 0105 0B       		.uleb128 0xb
 363 0106 00       		.byte	0
 364 0107 00       		.byte	0
 365 0108 0C       		.uleb128 0xc
 366 0109 04       		.byte	0x4
 367 010a 25000000 		.4byte	0x25
 368 010e 0D       		.uleb128 0xd
 369 010f 25000000 		.4byte	0x25
 370 0113 1E010000 		.4byte	0x11e
 371 0117 0E       		.uleb128 0xe
 372 0118 3E000000 		.4byte	0x3e
 373 011c 09       		.byte	0x9
 374 011d 00       		.byte	0
 375 011e 0C       		.uleb128 0xc
 376 011f 04       		.byte	0x4
 377 0120 24010000 		.4byte	0x124
 378 0124 03       		.uleb128 0x3
 379 0125 01       		.byte	0x1
 380 0126 08       		.byte	0x8
 381 0127 87000000 		.4byte	.LASF12
 382 012b 0F       		.uleb128 0xf
 383 012c 24010000 		.4byte	0x124
 384 0130 0C       		.uleb128 0xc
 385 0131 04       		.byte	0x4
 386 0132 2B010000 		.4byte	0x12b
 387 0136 10       		.uleb128 0x10
 388 0137 01       		.byte	0x1
 389 0138 0E000000 		.4byte	.LASF14
 390 013c 01       		.byte	0x1
ARM GAS  C:\Users\embedded\AppData\Local\Temp\ccrmJJdW.s 			page 9


 391 013d 09       		.byte	0x9
 392 013e 01       		.byte	0x1
 393 013f 4C000000 		.4byte	0x4c
 394 0143 00000000 		.4byte	.LFB0
 395 0147 2A000000 		.4byte	.LFE0
 396 014b 38000000 		.4byte	.LLST0
 397 014f 01       		.byte	0x1
 398 0150 06       		.uleb128 0x6
 399 0151 58000000 		.4byte	.LASF16
 400 0155 01       		.byte	0x1
 401 0156 09       		.byte	0x9
 402 0157 25000000 		.4byte	0x25
 403 015b 02       		.byte	0x2
 404 015c 91       		.byte	0x91
 405 015d 77       		.sleb128 -9
 406 015e 06       		.uleb128 0x6
 407 015f 74000000 		.4byte	.LASF17
 408 0163 01       		.byte	0x1
 409 0164 09       		.byte	0x9
 410 0165 08010000 		.4byte	0x108
 411 0169 02       		.byte	0x2
 412 016a 91       		.byte	0x91
 413 016b 70       		.sleb128 -16
 414 016c 00       		.byte	0
 415 016d 00       		.byte	0
 416              		.section	.debug_abbrev,"",%progbits
 417              	.Ldebug_abbrev0:
 418 0000 01       		.uleb128 0x1
 419 0001 11       		.uleb128 0x11
 420 0002 01       		.byte	0x1
 421 0003 25       		.uleb128 0x25
 422 0004 0E       		.uleb128 0xe
 423 0005 13       		.uleb128 0x13
 424 0006 0B       		.uleb128 0xb
 425 0007 03       		.uleb128 0x3
 426 0008 0E       		.uleb128 0xe
 427 0009 1B       		.uleb128 0x1b
 428 000a 0E       		.uleb128 0xe
 429 000b 11       		.uleb128 0x11
 430 000c 01       		.uleb128 0x1
 431 000d 12       		.uleb128 0x12
 432 000e 01       		.uleb128 0x1
 433 000f 10       		.uleb128 0x10
 434 0010 06       		.uleb128 0x6
 435 0011 00       		.byte	0
 436 0012 00       		.byte	0
 437 0013 02       		.uleb128 0x2
 438 0014 16       		.uleb128 0x16
 439 0015 00       		.byte	0
 440 0016 03       		.uleb128 0x3
 441 0017 08       		.uleb128 0x8
 442 0018 3A       		.uleb128 0x3a
 443 0019 0B       		.uleb128 0xb
 444 001a 3B       		.uleb128 0x3b
 445 001b 0B       		.uleb128 0xb
 446 001c 49       		.uleb128 0x49
 447 001d 13       		.uleb128 0x13
ARM GAS  C:\Users\embedded\AppData\Local\Temp\ccrmJJdW.s 			page 10


 448 001e 00       		.byte	0
 449 001f 00       		.byte	0
 450 0020 03       		.uleb128 0x3
 451 0021 24       		.uleb128 0x24
 452 0022 00       		.byte	0
 453 0023 0B       		.uleb128 0xb
 454 0024 0B       		.uleb128 0xb
 455 0025 3E       		.uleb128 0x3e
 456 0026 0B       		.uleb128 0xb
 457 0027 03       		.uleb128 0x3
 458 0028 0E       		.uleb128 0xe
 459 0029 00       		.byte	0
 460 002a 00       		.byte	0
 461 002b 04       		.uleb128 0x4
 462 002c 24       		.uleb128 0x24
 463 002d 00       		.byte	0
 464 002e 0B       		.uleb128 0xb
 465 002f 0B       		.uleb128 0xb
 466 0030 3E       		.uleb128 0x3e
 467 0031 0B       		.uleb128 0xb
 468 0032 03       		.uleb128 0x3
 469 0033 08       		.uleb128 0x8
 470 0034 00       		.byte	0
 471 0035 00       		.byte	0
 472 0036 05       		.uleb128 0x5
 473 0037 2E       		.uleb128 0x2e
 474 0038 01       		.byte	0x1
 475 0039 3F       		.uleb128 0x3f
 476 003a 0C       		.uleb128 0xc
 477 003b 03       		.uleb128 0x3
 478 003c 0E       		.uleb128 0xe
 479 003d 3A       		.uleb128 0x3a
 480 003e 0B       		.uleb128 0xb
 481 003f 3B       		.uleb128 0x3b
 482 0040 0B       		.uleb128 0xb
 483 0041 27       		.uleb128 0x27
 484 0042 0C       		.uleb128 0xc
 485 0043 11       		.uleb128 0x11
 486 0044 01       		.uleb128 0x1
 487 0045 12       		.uleb128 0x12
 488 0046 01       		.uleb128 0x1
 489 0047 40       		.uleb128 0x40
 490 0048 06       		.uleb128 0x6
 491 0049 9642     		.uleb128 0x2116
 492 004b 0C       		.uleb128 0xc
 493 004c 01       		.uleb128 0x1
 494 004d 13       		.uleb128 0x13
 495 004e 00       		.byte	0
 496 004f 00       		.byte	0
 497 0050 06       		.uleb128 0x6
 498 0051 05       		.uleb128 0x5
 499 0052 00       		.byte	0
 500 0053 03       		.uleb128 0x3
 501 0054 0E       		.uleb128 0xe
 502 0055 3A       		.uleb128 0x3a
 503 0056 0B       		.uleb128 0xb
 504 0057 3B       		.uleb128 0x3b
ARM GAS  C:\Users\embedded\AppData\Local\Temp\ccrmJJdW.s 			page 11


 505 0058 0B       		.uleb128 0xb
 506 0059 49       		.uleb128 0x49
 507 005a 13       		.uleb128 0x13
 508 005b 02       		.uleb128 0x2
 509 005c 0A       		.uleb128 0xa
 510 005d 00       		.byte	0
 511 005e 00       		.byte	0
 512 005f 07       		.uleb128 0x7
 513 0060 34       		.uleb128 0x34
 514 0061 00       		.byte	0
 515 0062 03       		.uleb128 0x3
 516 0063 0E       		.uleb128 0xe
 517 0064 3A       		.uleb128 0x3a
 518 0065 0B       		.uleb128 0xb
 519 0066 3B       		.uleb128 0x3b
 520 0067 0B       		.uleb128 0xb
 521 0068 49       		.uleb128 0x49
 522 0069 13       		.uleb128 0x13
 523 006a 02       		.uleb128 0x2
 524 006b 0A       		.uleb128 0xa
 525 006c 00       		.byte	0
 526 006d 00       		.byte	0
 527 006e 08       		.uleb128 0x8
 528 006f 34       		.uleb128 0x34
 529 0070 00       		.byte	0
 530 0071 03       		.uleb128 0x3
 531 0072 08       		.uleb128 0x8
 532 0073 3A       		.uleb128 0x3a
 533 0074 0B       		.uleb128 0xb
 534 0075 3B       		.uleb128 0x3b
 535 0076 0B       		.uleb128 0xb
 536 0077 49       		.uleb128 0x49
 537 0078 13       		.uleb128 0x13
 538 0079 02       		.uleb128 0x2
 539 007a 0A       		.uleb128 0xa
 540 007b 00       		.byte	0
 541 007c 00       		.byte	0
 542 007d 09       		.uleb128 0x9
 543 007e 2E       		.uleb128 0x2e
 544 007f 01       		.byte	0x1
 545 0080 3F       		.uleb128 0x3f
 546 0081 0C       		.uleb128 0xc
 547 0082 03       		.uleb128 0x3
 548 0083 0E       		.uleb128 0xe
 549 0084 3A       		.uleb128 0x3a
 550 0085 0B       		.uleb128 0xb
 551 0086 3B       		.uleb128 0x3b
 552 0087 0B       		.uleb128 0xb
 553 0088 27       		.uleb128 0x27
 554 0089 0C       		.uleb128 0xc
 555 008a 49       		.uleb128 0x49
 556 008b 13       		.uleb128 0x13
 557 008c 3C       		.uleb128 0x3c
 558 008d 0C       		.uleb128 0xc
 559 008e 00       		.byte	0
 560 008f 00       		.byte	0
 561 0090 0A       		.uleb128 0xa
ARM GAS  C:\Users\embedded\AppData\Local\Temp\ccrmJJdW.s 			page 12


 562 0091 05       		.uleb128 0x5
 563 0092 00       		.byte	0
 564 0093 49       		.uleb128 0x49
 565 0094 13       		.uleb128 0x13
 566 0095 00       		.byte	0
 567 0096 00       		.byte	0
 568 0097 0B       		.uleb128 0xb
 569 0098 18       		.uleb128 0x18
 570 0099 00       		.byte	0
 571 009a 00       		.byte	0
 572 009b 00       		.byte	0
 573 009c 0C       		.uleb128 0xc
 574 009d 0F       		.uleb128 0xf
 575 009e 00       		.byte	0
 576 009f 0B       		.uleb128 0xb
 577 00a0 0B       		.uleb128 0xb
 578 00a1 49       		.uleb128 0x49
 579 00a2 13       		.uleb128 0x13
 580 00a3 00       		.byte	0
 581 00a4 00       		.byte	0
 582 00a5 0D       		.uleb128 0xd
 583 00a6 01       		.uleb128 0x1
 584 00a7 01       		.byte	0x1
 585 00a8 49       		.uleb128 0x49
 586 00a9 13       		.uleb128 0x13
 587 00aa 01       		.uleb128 0x1
 588 00ab 13       		.uleb128 0x13
 589 00ac 00       		.byte	0
 590 00ad 00       		.byte	0
 591 00ae 0E       		.uleb128 0xe
 592 00af 21       		.uleb128 0x21
 593 00b0 00       		.byte	0
 594 00b1 49       		.uleb128 0x49
 595 00b2 13       		.uleb128 0x13
 596 00b3 2F       		.uleb128 0x2f
 597 00b4 0B       		.uleb128 0xb
 598 00b5 00       		.byte	0
 599 00b6 00       		.byte	0
 600 00b7 0F       		.uleb128 0xf
 601 00b8 26       		.uleb128 0x26
 602 00b9 00       		.byte	0
 603 00ba 49       		.uleb128 0x49
 604 00bb 13       		.uleb128 0x13
 605 00bc 00       		.byte	0
 606 00bd 00       		.byte	0
 607 00be 10       		.uleb128 0x10
 608 00bf 2E       		.uleb128 0x2e
 609 00c0 01       		.byte	0x1
 610 00c1 3F       		.uleb128 0x3f
 611 00c2 0C       		.uleb128 0xc
 612 00c3 03       		.uleb128 0x3
 613 00c4 0E       		.uleb128 0xe
 614 00c5 3A       		.uleb128 0x3a
 615 00c6 0B       		.uleb128 0xb
 616 00c7 3B       		.uleb128 0x3b
 617 00c8 0B       		.uleb128 0xb
 618 00c9 27       		.uleb128 0x27
ARM GAS  C:\Users\embedded\AppData\Local\Temp\ccrmJJdW.s 			page 13


 619 00ca 0C       		.uleb128 0xc
 620 00cb 49       		.uleb128 0x49
 621 00cc 13       		.uleb128 0x13
 622 00cd 11       		.uleb128 0x11
 623 00ce 01       		.uleb128 0x1
 624 00cf 12       		.uleb128 0x12
 625 00d0 01       		.uleb128 0x1
 626 00d1 40       		.uleb128 0x40
 627 00d2 06       		.uleb128 0x6
 628 00d3 9642     		.uleb128 0x2116
 629 00d5 0C       		.uleb128 0xc
 630 00d6 00       		.byte	0
 631 00d7 00       		.byte	0
 632 00d8 00       		.byte	0
 633              		.section	.debug_loc,"",%progbits
 634              	.Ldebug_loc0:
 635              	.LLST1:
 636 0000 2A000000 		.4byte	.LFB1-.Ltext0
 637 0004 2C000000 		.4byte	.LCFI3-.Ltext0
 638 0008 0200     		.2byte	0x2
 639 000a 7D       		.byte	0x7d
 640 000b 00       		.sleb128 0
 641 000c 2C000000 		.4byte	.LCFI3-.Ltext0
 642 0010 2E000000 		.4byte	.LCFI4-.Ltext0
 643 0014 0200     		.2byte	0x2
 644 0016 7D       		.byte	0x7d
 645 0017 08       		.sleb128 8
 646 0018 2E000000 		.4byte	.LCFI4-.Ltext0
 647 001c 30000000 		.4byte	.LCFI5-.Ltext0
 648 0020 0200     		.2byte	0x2
 649 0022 7D       		.byte	0x7d
 650 0023 20       		.sleb128 32
 651 0024 30000000 		.4byte	.LCFI5-.Ltext0
 652 0028 04010000 		.4byte	.LFE1-.Ltext0
 653 002c 0200     		.2byte	0x2
 654 002e 77       		.byte	0x77
 655 002f 20       		.sleb128 32
 656 0030 00000000 		.4byte	0
 657 0034 00000000 		.4byte	0
 658              	.LLST0:
 659 0038 00000000 		.4byte	.LFB0-.Ltext0
 660 003c 02000000 		.4byte	.LCFI0-.Ltext0
 661 0040 0200     		.2byte	0x2
 662 0042 7D       		.byte	0x7d
 663 0043 00       		.sleb128 0
 664 0044 02000000 		.4byte	.LCFI0-.Ltext0
 665 0048 04000000 		.4byte	.LCFI1-.Ltext0
 666 004c 0200     		.2byte	0x2
 667 004e 7D       		.byte	0x7d
 668 004f 08       		.sleb128 8
 669 0050 04000000 		.4byte	.LCFI1-.Ltext0
 670 0054 06000000 		.4byte	.LCFI2-.Ltext0
 671 0058 0200     		.2byte	0x2
 672 005a 7D       		.byte	0x7d
 673 005b 10       		.sleb128 16
 674 005c 06000000 		.4byte	.LCFI2-.Ltext0
 675 0060 2A000000 		.4byte	.LFE0-.Ltext0
ARM GAS  C:\Users\embedded\AppData\Local\Temp\ccrmJJdW.s 			page 14


 676 0064 0200     		.2byte	0x2
 677 0066 77       		.byte	0x77
 678 0067 10       		.sleb128 16
 679 0068 00000000 		.4byte	0
 680 006c 00000000 		.4byte	0
 681              		.section	.debug_aranges,"",%progbits
 682 0000 1C000000 		.4byte	0x1c
 683 0004 0200     		.2byte	0x2
 684 0006 00000000 		.4byte	.Ldebug_info0
 685 000a 04       		.byte	0x4
 686 000b 00       		.byte	0
 687 000c 0000     		.2byte	0
 688 000e 0000     		.2byte	0
 689 0010 00000000 		.4byte	.Ltext0
 690 0014 04010000 		.4byte	.Letext0-.Ltext0
 691 0018 00000000 		.4byte	0
 692 001c 00000000 		.4byte	0
 693              		.section	.debug_line,"",%progbits
 694              	.Ldebug_line0:
 695 0000 63000000 		.section	.debug_str,"MS",%progbits,1
 695      02003800 
 695      00000201 
 695      FB0E0D00 
 695      01010101 
 696              	.LASF6:
 697 0000 6C6F6E67 		.ascii	"long long int\000"
 697      206C6F6E 
 697      6720696E 
 697      7400
 698              	.LASF14:
 699 000e 6D656173 		.ascii	"measureTemperature\000"
 699      75726554 
 699      656D7065 
 699      72617475 
 699      726500
 700              	.LASF2:
 701 0021 756E7369 		.ascii	"unsigned int\000"
 701      676E6564 
 701      20696E74 
 701      00
 702              	.LASF21:
 703 002e 73707269 		.ascii	"sprintf\000"
 703      6E746600 
 704              	.LASF10:
 705 0036 69734E65 		.ascii	"isNegative\000"
 705      67617469 
 705      766500
 706              	.LASF3:
 707 0041 6C6F6E67 		.ascii	"long long unsigned int\000"
 707      206C6F6E 
 707      6720756E 
 707      7369676E 
 707      65642069 
 708              	.LASF16:
 709 0058 61646472 		.ascii	"addr\000"
 709      00
 710              	.LASF15:
ARM GAS  C:\Users\embedded\AppData\Local\Temp\ccrmJJdW.s 			page 15


 711 005d 62797465 		.ascii	"byteArray\000"
 711      41727261 
 711      7900
 712              	.LASF7:
 713 0067 72657375 		.ascii	"resultHolder\000"
 713      6C74486F 
 713      6C646572 
 713      00
 714              	.LASF17:
 715 0074 70427566 		.ascii	"pBuf\000"
 715      00
 716              	.LASF0:
 717 0079 756E7369 		.ascii	"unsigned char\000"
 717      676E6564 
 717      20636861 
 717      7200
 718              	.LASF12:
 719 0087 63686172 		.ascii	"char\000"
 719      00
 720              	.LASF18:
 721 008c 474E5520 		.ascii	"GNU C11 7.3.1 20180622 (release) [ARM/embedded-7-br"
 721      43313120 
 721      372E332E 
 721      31203230 
 721      31383036 
 722 00bf 616E6368 		.ascii	"anch revision 261907] -mcpu=arm7tdmi -mthumb -mthum"
 722      20726576 
 722      6973696F 
 722      6E203236 
 722      31393037 
 723 00f2 622D696E 		.ascii	"b-interwork -gdwarf-2 -O0\000"
 723      74657277 
 723      6F726B20 
 723      2D676477 
 723      6172662D 
 724              	.LASF13:
 725 010c 63616C63 		.ascii	"calculateTemperatureValue\000"
 725      756C6174 
 725      6554656D 
 725      70657261 
 725      74757265 
 726              	.LASF11:
 727 0126 61707065 		.ascii	"appendHalf\000"
 727      6E644861 
 727      6C6600
 728              	.LASF20:
 729 0131 433A5C45 		.ascii	"C:\\Embedded\\2138MiniDemo\\2138\000"
 729      6D626564 
 729      6465645C 
 729      32313338 
 729      4D696E69 
 730              	.LASF1:
 731 014f 73686F72 		.ascii	"short unsigned int\000"
 731      7420756E 
 731      7369676E 
 731      65642069 
 731      6E7400
ARM GAS  C:\Users\embedded\AppData\Local\Temp\ccrmJJdW.s 			page 16


 732              	.LASF4:
 733 0162 7369676E 		.ascii	"signed char\000"
 733      65642063 
 733      68617200 
 734              	.LASF8:
 735 016e 63686172 		.ascii	"charArray\000"
 735      41727261 
 735      7900
 736              	.LASF5:
 737 0178 73686F72 		.ascii	"short int\000"
 737      7420696E 
 737      7400
 738              	.LASF19:
 739 0182 6C6D3735 		.ascii	"lm75.c\000"
 739      2E6300
 740              	.LASF9:
 741 0189 63616C63 		.ascii	"calculatedValue\000"
 741      756C6174 
 741      65645661 
 741      6C756500 
 742              		.ident	"GCC: (GNU Tools for Arm Embedded Processors 7-2018-q2-update) 7.3.1 20180622 (release) [AR
ARM GAS  C:\Users\embedded\AppData\Local\Temp\ccrmJJdW.s 			page 17


DEFINED SYMBOLS
                            *ABS*:00000000 lm75.c
C:\Users\embedded\AppData\Local\Temp\ccrmJJdW.s:22     .text:00000000 measureTemperature
C:\Users\embedded\AppData\Local\Temp\ccrmJJdW.s:30     .text:00000000 $t
C:\Users\embedded\AppData\Local\Temp\ccrmJJdW.s:65     .rodata:00000000 $d
C:\Users\embedded\AppData\Local\Temp\ccrmJJdW.s:76     .text:0000002a calculateTemperatureValue
C:\Users\embedded\AppData\Local\Temp\ccrmJJdW.s:220    .text:00000100 $d

UNDEFINED SYMBOLS
i2cRead
memset
sprintf
lcdPuts
