ARM GAS  C:\Users\embedded\AppData\Local\Temp\ccTxkvwQ.s 			page 1


   1              		.cpu arm7tdmi
   2              		.eabi_attribute 20, 1
   3              		.eabi_attribute 21, 1
   4              		.eabi_attribute 23, 3
   5              		.eabi_attribute 24, 1
   6              		.eabi_attribute 25, 1
   7              		.eabi_attribute 26, 1
   8              		.eabi_attribute 30, 6
   9              		.eabi_attribute 34, 0
  10              		.eabi_attribute 18, 4
  11              		.file	"pca9532.c"
  12              		.text
  13              	.Ltext0:
  14              		.cfi_sections	.debug_frame
  15              		.section	.rodata
  16              		.align	2
  17              	.LC0:
  18 0000 12       		.byte	18
  19 0001 97       		.byte	-105
  20 0002 80       		.byte	-128
  21 0003 4B       		.byte	75
  22 0004 C0       		.byte	-64
  23 0005 00       		.byte	0
  24 0006 00       		.byte	0
  25 0007 00       		.byte	0
  26 0008 00       		.byte	0
  27              		.text
  28              		.align	1
  29              		.global	pca9532Init
  30              		.syntax unified
  31              		.code	16
  32              		.thumb_func
  33              		.fpu softvfp
  34              		.type	pca9532Init, %function
  35              	pca9532Init:
  36              	.LFB0:
  37              		.file 1 "pca9532.c"
   1:pca9532.c     **** /******************************************************************************
   2:pca9532.c     ****  *
   3:pca9532.c     ****  * Copyright:
   4:pca9532.c     ****  *    (C) 2006 Embedded Artists AB
   5:pca9532.c     ****  *
   6:pca9532.c     ****  * File:
   7:pca9532.c     ****  *    pca9532.c
   8:pca9532.c     ****  *
   9:pca9532.c     ****  * Description:
  10:pca9532.c     ****  *    Implements hardware specific routines
  11:pca9532.c     ****  *
  12:pca9532.c     ****  *****************************************************************************/
  13:pca9532.c     **** 
  14:pca9532.c     **** /******************************************************************************
  15:pca9532.c     ****  * Includes
  16:pca9532.c     ****  *****************************************************************************/
  17:pca9532.c     **** #include "general.h"
  18:pca9532.c     **** #include <lpc2xxx.h>
  19:pca9532.c     **** #include <printf_P.h>
  20:pca9532.c     **** #include "i2c.h"
ARM GAS  C:\Users\embedded\AppData\Local\Temp\ccTxkvwQ.s 			page 2


  21:pca9532.c     **** #include "pca9532.h"
  22:pca9532.c     **** #include "eeprom.h"
  23:pca9532.c     **** 
  24:pca9532.c     **** /******************************************************************************
  25:pca9532.c     ****  * Typedefs and defines
  26:pca9532.c     ****  *****************************************************************************/
  27:pca9532.c     **** 
  28:pca9532.c     **** 
  29:pca9532.c     **** /*****************************************************************************
  30:pca9532.c     ****  * Global variables
  31:pca9532.c     ****  ****************************************************************************/
  32:pca9532.c     **** 
  33:pca9532.c     **** /*****************************************************************************
  34:pca9532.c     ****  * Local variables
  35:pca9532.c     ****  ****************************************************************************/
  36:pca9532.c     **** 
  37:pca9532.c     **** /*****************************************************************************
  38:pca9532.c     ****  * Local prototypes
  39:pca9532.c     ****  ****************************************************************************/
  40:pca9532.c     **** 
  41:pca9532.c     **** 
  42:pca9532.c     **** /*****************************************************************************
  43:pca9532.c     ****  *
  44:pca9532.c     ****  * Description:
  45:pca9532.c     ****  *    Initialize the io-pins and find out if HW is ver 1.0 or ver 1.1
  46:pca9532.c     ****  *
  47:pca9532.c     ****  ****************************************************************************/
  48:pca9532.c     **** tBool
  49:pca9532.c     **** pca9532Init(void)
  50:pca9532.c     **** {
  38              		.loc 1 50 0
  39              		.cfi_startproc
  40              		@ Function supports interworking.
  41              		@ args = 0, pretend = 0, frame = 16
  42              		@ frame_needed = 1, uses_anonymous_args = 0
  43 0000 80B5     		push	{r7, lr}
  44              	.LCFI0:
  45              		.cfi_def_cfa_offset 8
  46              		.cfi_offset 7, -8
  47              		.cfi_offset 14, -4
  48 0002 84B0     		sub	sp, sp, #16
  49              	.LCFI1:
  50              		.cfi_def_cfa_offset 24
  51 0004 00AF     		add	r7, sp, #0
  52              	.LCFI2:
  53              		.cfi_def_cfa_register 7
  51:pca9532.c     ****   tU8 initCommand[] = {0x12, 0x97, 0x80, 0x4B, 0xC0, 0x00, 0x00, 0x00, 0x00};
  54              		.loc 1 51 0
  55 0006 3B1D     		adds	r3, r7, #4
  56 0008 0F4A     		ldr	r2, .L4
  57 000a 03CA     		ldmia	r2!, {r0, r1}
  58 000c 03C3     		stmia	r3!, {r0, r1}
  59 000e 1278     		ldrb	r2, [r2]
  60 0010 1A70     		strb	r2, [r3]
  52:pca9532.c     ****   //                                                         04 = LCD_RST# low
  53:pca9532.c     ****   //                                                         10 = BT_RST# low
  54:pca9532.c     **** 
ARM GAS  C:\Users\embedded\AppData\Local\Temp\ccTxkvwQ.s 			page 3


  55:pca9532.c     ****   //initialize PCA9532
  56:pca9532.c     ****   tU8 returnedValue = FALSE;
  61              		.loc 1 56 0
  62 0012 0F23     		movs	r3, #15
  63 0014 FB18     		adds	r3, r7, r3
  64 0016 0022     		movs	r2, #0
  65 0018 1A70     		strb	r2, [r3]
  57:pca9532.c     ****   if (I2C_CODE_OK == pca9532(initCommand, sizeof(initCommand), NULL, 0))
  66              		.loc 1 57 0
  67 001a 381D     		adds	r0, r7, #4
  68 001c 0023     		movs	r3, #0
  69 001e 0022     		movs	r2, #0
  70 0020 0921     		movs	r1, #9
  71 0022 FFF7FEFF 		bl	pca9532
  72 0026 0300     		movs	r3, r0
  73 0028 012B     		cmp	r3, #1
  74 002a 03D1     		bne	.L2
  58:pca9532.c     ****   {
  59:pca9532.c     ****     returnedValue = TRUE;
  75              		.loc 1 59 0
  76 002c 0F23     		movs	r3, #15
  77 002e FB18     		adds	r3, r7, r3
  78 0030 0122     		movs	r2, #1
  79 0032 1A70     		strb	r2, [r3]
  80              	.L2:
  60:pca9532.c     ****   }
  61:pca9532.c     ****   return returnedValue;
  81              		.loc 1 61 0
  82 0034 0F23     		movs	r3, #15
  83 0036 FB18     		adds	r3, r7, r3
  84 0038 1B78     		ldrb	r3, [r3]
  62:pca9532.c     **** }
  85              		.loc 1 62 0
  86 003a 1800     		movs	r0, r3
  87 003c BD46     		mov	sp, r7
  88 003e 04B0     		add	sp, sp, #16
  89              		@ sp needed
  90 0040 80BC     		pop	{r7}
  91 0042 02BC     		pop	{r1}
  92 0044 0847     		bx	r1
  93              	.L5:
  94 0046 C046     		.align	2
  95              	.L4:
  96 0048 00000000 		.word	.LC0
  97              		.cfi_endproc
  98              	.LFE0:
  99              		.size	pca9532Init, .-pca9532Init
 100              		.align	1
 101              		.global	setPca9532Pin
 102              		.syntax unified
 103              		.code	16
 104              		.thumb_func
 105              		.fpu softvfp
 106              		.type	setPca9532Pin, %function
 107              	setPca9532Pin:
 108              	.LFB1:
  63:pca9532.c     **** 
ARM GAS  C:\Users\embedded\AppData\Local\Temp\ccTxkvwQ.s 			page 4


  64:pca9532.c     **** 
  65:pca9532.c     **** /*****************************************************************************
  66:pca9532.c     ****  *
  67:pca9532.c     ****  * Description:
  68:pca9532.c     ****  *
  69:pca9532.c     ****  ****************************************************************************/
  70:pca9532.c     **** void
  71:pca9532.c     **** setPca9532Pin(tU8 pinNum, tU8 value)
  72:pca9532.c     **** {
 109              		.loc 1 72 0
 110              		.cfi_startproc
 111              		@ Function supports interworking.
 112              		@ args = 0, pretend = 0, frame = 16
 113              		@ frame_needed = 1, uses_anonymous_args = 0
 114 004c 90B5     		push	{r4, r7, lr}
 115              	.LCFI3:
 116              		.cfi_def_cfa_offset 12
 117              		.cfi_offset 4, -12
 118              		.cfi_offset 7, -8
 119              		.cfi_offset 14, -4
 120 004e 85B0     		sub	sp, sp, #20
 121              	.LCFI4:
 122              		.cfi_def_cfa_offset 32
 123 0050 00AF     		add	r7, sp, #0
 124              	.LCFI5:
 125              		.cfi_def_cfa_register 7
 126 0052 0200     		movs	r2, r0
 127 0054 FB1D     		adds	r3, r7, #7
 128 0056 1A70     		strb	r2, [r3]
 129 0058 BB1D     		adds	r3, r7, #6
 130 005a 0A1C     		adds	r2, r1, #0
 131 005c 1A70     		strb	r2, [r3]
  73:pca9532.c     ****   tU8 command[] = {0x00, 0x00};
 132              		.loc 1 73 0
 133 005e 0C21     		movs	r1, #12
 134 0060 7B18     		adds	r3, r7, r1
 135 0062 0022     		movs	r2, #0
 136 0064 1A70     		strb	r2, [r3]
 137 0066 7B18     		adds	r3, r7, r1
 138 0068 0022     		movs	r2, #0
 139 006a 5A70     		strb	r2, [r3, #1]
  74:pca9532.c     ****   tU8 regValue;
  75:pca9532.c     ****   tU8 mask;
  76:pca9532.c     ****   
  77:pca9532.c     ****   if (pinNum < (tU8)4) 
 140              		.loc 1 77 0
 141 006c FB1D     		adds	r3, r7, #7
 142 006e 1B78     		ldrb	r3, [r3]
 143 0070 032B     		cmp	r3, #3
 144 0072 04D8     		bhi	.L7
  78:pca9532.c     ****   {
  79:pca9532.c     ****     command[0] = 0x06;
 145              		.loc 1 79 0
 146 0074 0C23     		movs	r3, #12
 147 0076 FB18     		adds	r3, r7, r3
 148 0078 0622     		movs	r2, #6
 149 007a 1A70     		strb	r2, [r3]
ARM GAS  C:\Users\embedded\AppData\Local\Temp\ccTxkvwQ.s 			page 5


 150 007c 15E0     		b	.L8
 151              	.L7:
  80:pca9532.c     ****   }
  81:pca9532.c     ****   else if (pinNum < (tU8)8) 
 152              		.loc 1 81 0
 153 007e FB1D     		adds	r3, r7, #7
 154 0080 1B78     		ldrb	r3, [r3]
 155 0082 072B     		cmp	r3, #7
 156 0084 04D8     		bhi	.L9
  82:pca9532.c     ****   {
  83:pca9532.c     ****     command[0] = 0x07;
 157              		.loc 1 83 0
 158 0086 0C23     		movs	r3, #12
 159 0088 FB18     		adds	r3, r7, r3
 160 008a 0722     		movs	r2, #7
 161 008c 1A70     		strb	r2, [r3]
 162 008e 0CE0     		b	.L8
 163              	.L9:
  84:pca9532.c     ****   }
  85:pca9532.c     ****   else if (pinNum < (tU8)12) 
 164              		.loc 1 85 0
 165 0090 FB1D     		adds	r3, r7, #7
 166 0092 1B78     		ldrb	r3, [r3]
 167 0094 0B2B     		cmp	r3, #11
 168 0096 04D8     		bhi	.L10
  86:pca9532.c     ****   {
  87:pca9532.c     ****     command[0] = 0x08;
 169              		.loc 1 87 0
 170 0098 0C23     		movs	r3, #12
 171 009a FB18     		adds	r3, r7, r3
 172 009c 0822     		movs	r2, #8
 173 009e 1A70     		strb	r2, [r3]
 174 00a0 03E0     		b	.L8
 175              	.L10:
  88:pca9532.c     ****   }
  89:pca9532.c     ****   else
  90:pca9532.c     ****   {
  91:pca9532.c     ****     command[0] = 0x09;
 176              		.loc 1 91 0
 177 00a2 0C23     		movs	r3, #12
 178 00a4 FB18     		adds	r3, r7, r3
 179 00a6 0922     		movs	r2, #9
 180 00a8 1A70     		strb	r2, [r3]
 181              	.L8:
  92:pca9532.c     ****   }
  93:pca9532.c     ****     
  94:pca9532.c     ****   pca9532(command, 1, &regValue, 1);
 182              		.loc 1 94 0
 183 00aa 0B24     		movs	r4, #11
 184 00ac 3A19     		adds	r2, r7, r4
 185 00ae 0C23     		movs	r3, #12
 186 00b0 F818     		adds	r0, r7, r3
 187 00b2 0123     		movs	r3, #1
 188 00b4 0121     		movs	r1, #1
 189 00b6 FFF7FEFF 		bl	pca9532
  95:pca9532.c     ****   
  96:pca9532.c     ****   mask = ((tU8)3 << ((tU8)2 * (tU8)(pinNum % (tU8)4)));
ARM GAS  C:\Users\embedded\AppData\Local\Temp\ccTxkvwQ.s 			page 6


 190              		.loc 1 96 0
 191 00ba FB1D     		adds	r3, r7, #7
 192 00bc 1B78     		ldrb	r3, [r3]
 193 00be 0322     		movs	r2, #3
 194 00c0 1340     		ands	r3, r2
 195 00c2 5B00     		lsls	r3, r3, #1
 196 00c4 0322     		movs	r2, #3
 197 00c6 9A40     		lsls	r2, r2, r3
 198 00c8 0F21     		movs	r1, #15
 199 00ca 7B18     		adds	r3, r7, r1
 200 00cc 1A70     		strb	r2, [r3]
  97:pca9532.c     ****   
  98:pca9532.c     ****   regValue &= ~mask;
 201              		.loc 1 98 0
 202 00ce 7B18     		adds	r3, r7, r1
 203 00d0 1B78     		ldrb	r3, [r3]
 204 00d2 1B06     		lsls	r3, r3, #24
 205 00d4 1B16     		asrs	r3, r3, #24
 206 00d6 DB43     		mvns	r3, r3
 207 00d8 1B06     		lsls	r3, r3, #24
 208 00da 1B16     		asrs	r3, r3, #24
 209 00dc 3A19     		adds	r2, r7, r4
 210 00de 1278     		ldrb	r2, [r2]
 211 00e0 1206     		lsls	r2, r2, #24
 212 00e2 1216     		asrs	r2, r2, #24
 213 00e4 1340     		ands	r3, r2
 214 00e6 1B06     		lsls	r3, r3, #24
 215 00e8 1B16     		asrs	r3, r3, #24
 216 00ea 1B06     		lsls	r3, r3, #24
 217 00ec 1A0E     		lsrs	r2, r3, #24
 218 00ee 3B19     		adds	r3, r7, r4
 219 00f0 1A70     		strb	r2, [r3]
  99:pca9532.c     ****   
 100:pca9532.c     ****   if (value == (tU8)0)
 220              		.loc 1 100 0
 221 00f2 BB1D     		adds	r3, r7, #6
 222 00f4 1B78     		ldrb	r3, [r3]
 223 00f6 002B     		cmp	r3, #0
 224 00f8 04D1     		bne	.L11
 101:pca9532.c     ****   {
 102:pca9532.c     ****     // gdy wartość = 0 - wyłączamy diodę
 103:pca9532.c     ****     command[1] = 0x00;
 225              		.loc 1 103 0
 226 00fa 0C23     		movs	r3, #12
 227 00fc FB18     		adds	r3, r7, r3
 228 00fe 0022     		movs	r2, #0
 229 0100 5A70     		strb	r2, [r3, #1]
 230 0102 15E0     		b	.L12
 231              	.L11:
 104:pca9532.c     ****   }
 105:pca9532.c     ****   else if (value == (tU8)1)
 232              		.loc 1 105 0
 233 0104 BB1D     		adds	r3, r7, #6
 234 0106 1B78     		ldrb	r3, [r3]
 235 0108 012B     		cmp	r3, #1
 236 010a 04D1     		bne	.L13
 106:pca9532.c     ****   {
ARM GAS  C:\Users\embedded\AppData\Local\Temp\ccTxkvwQ.s 			page 7


 107:pca9532.c     ****     // gdy wartość = 1 - włączamy diodę, która używa szybkość mrugania PWM0 
 108:pca9532.c     ****     command[1] = 0x02;
 237              		.loc 1 108 0
 238 010c 0C23     		movs	r3, #12
 239 010e FB18     		adds	r3, r7, r3
 240 0110 0222     		movs	r2, #2
 241 0112 5A70     		strb	r2, [r3, #1]
 242 0114 0CE0     		b	.L12
 243              	.L13:
 109:pca9532.c     ****   }
 110:pca9532.c     ****     else if (value == (tU8)2)
 244              		.loc 1 110 0
 245 0116 BB1D     		adds	r3, r7, #6
 246 0118 1B78     		ldrb	r3, [r3]
 247 011a 022B     		cmp	r3, #2
 248 011c 04D1     		bne	.L14
 111:pca9532.c     ****   {
 112:pca9532.c     ****     //gdy wartość = 2 - włączamy diodę, która używa szybkość mrugania PWM1 
 113:pca9532.c     ****     command[1] = 0x03;
 249              		.loc 1 113 0
 250 011e 0C23     		movs	r3, #12
 251 0120 FB18     		adds	r3, r7, r3
 252 0122 0322     		movs	r2, #3
 253 0124 5A70     		strb	r2, [r3, #1]
 254 0126 03E0     		b	.L12
 255              	.L14:
 114:pca9532.c     ****   }
 115:pca9532.c     ****   else
 116:pca9532.c     ****   {
 117:pca9532.c     ****     // gdy inna wartość =  włączamy diodę, która po prostu się świeci
 118:pca9532.c     ****     command[1] = 0x01; 
 256              		.loc 1 118 0
 257 0128 0C23     		movs	r3, #12
 258 012a FB18     		adds	r3, r7, r3
 259 012c 0122     		movs	r2, #1
 260 012e 5A70     		strb	r2, [r3, #1]
 261              	.L12:
 119:pca9532.c     ****   }
 120:pca9532.c     ****     
 121:pca9532.c     ****   command[1] = (command[1] << ((tU8)2 * (pinNum % (tU8)4)));
 262              		.loc 1 121 0
 263 0130 0C20     		movs	r0, #12
 264 0132 3B18     		adds	r3, r7, r0
 265 0134 5B78     		ldrb	r3, [r3, #1]
 266 0136 1900     		movs	r1, r3
 267 0138 FB1D     		adds	r3, r7, #7
 268 013a 1B78     		ldrb	r3, [r3]
 269 013c 0322     		movs	r2, #3
 270 013e 1340     		ands	r3, r2
 271 0140 5B00     		lsls	r3, r3, #1
 272 0142 9940     		lsls	r1, r1, r3
 273 0144 0B00     		movs	r3, r1
 274 0146 1B06     		lsls	r3, r3, #24
 275 0148 1A0E     		lsrs	r2, r3, #24
 276 014a 3B18     		adds	r3, r7, r0
 277 014c 5A70     		strb	r2, [r3, #1]
 122:pca9532.c     ****   
ARM GAS  C:\Users\embedded\AppData\Local\Temp\ccTxkvwQ.s 			page 8


 123:pca9532.c     ****   command[1] |= regValue;
 278              		.loc 1 123 0
 279 014e 3B18     		adds	r3, r7, r0
 280 0150 5A78     		ldrb	r2, [r3, #1]
 281 0152 0B23     		movs	r3, #11
 282 0154 FB18     		adds	r3, r7, r3
 283 0156 1B78     		ldrb	r3, [r3]
 284 0158 1343     		orrs	r3, r2
 285 015a 1B06     		lsls	r3, r3, #24
 286 015c 1A0E     		lsrs	r2, r3, #24
 287 015e 3B18     		adds	r3, r7, r0
 288 0160 5A70     		strb	r2, [r3, #1]
 124:pca9532.c     **** 
 125:pca9532.c     ****   pca9532(command, sizeof(command), NULL, 0);
 289              		.loc 1 125 0
 290 0162 3818     		adds	r0, r7, r0
 291 0164 0023     		movs	r3, #0
 292 0166 0022     		movs	r2, #0
 293 0168 0221     		movs	r1, #2
 294 016a FFF7FEFF 		bl	pca9532
 126:pca9532.c     **** }
 295              		.loc 1 126 0
 296 016e C046     		nop
 297 0170 BD46     		mov	sp, r7
 298 0172 05B0     		add	sp, sp, #20
 299              		@ sp needed
 300 0174 90BC     		pop	{r4, r7}
 301 0176 01BC     		pop	{r0}
 302 0178 0047     		bx	r0
 303              		.cfi_endproc
 304              	.LFE1:
 305              		.size	setPca9532Pin, .-setPca9532Pin
 306              		.align	1
 307              		.global	getPca9532Pin
 308              		.syntax unified
 309              		.code	16
 310              		.thumb_func
 311              		.fpu softvfp
 312              		.type	getPca9532Pin, %function
 313              	getPca9532Pin:
 314              	.LFB2:
 127:pca9532.c     **** 
 128:pca9532.c     **** 
 129:pca9532.c     **** /*****************************************************************************
 130:pca9532.c     ****  *
 131:pca9532.c     ****  * Description:
 132:pca9532.c     ****  *
 133:pca9532.c     ****  ****************************************************************************/
 134:pca9532.c     **** tU16
 135:pca9532.c     **** getPca9532Pin(void)
 136:pca9532.c     **** {
 315              		.loc 1 136 0
 316              		.cfi_startproc
 317              		@ Function supports interworking.
 318              		@ args = 0, pretend = 0, frame = 8
 319              		@ frame_needed = 1, uses_anonymous_args = 0
 320 017a 80B5     		push	{r7, lr}
ARM GAS  C:\Users\embedded\AppData\Local\Temp\ccTxkvwQ.s 			page 9


 321              	.LCFI6:
 322              		.cfi_def_cfa_offset 8
 323              		.cfi_offset 7, -8
 324              		.cfi_offset 14, -4
 325 017c 82B0     		sub	sp, sp, #8
 326              	.LCFI7:
 327              		.cfi_def_cfa_offset 16
 328 017e 00AF     		add	r7, sp, #0
 329              	.LCFI8:
 330              		.cfi_def_cfa_register 7
 137:pca9532.c     ****   tU8 command[] = {0x19};
 331              		.loc 1 137 0
 332 0180 3B1D     		adds	r3, r7, #4
 333 0182 1922     		movs	r2, #25
 334 0184 1A70     		strb	r2, [r3]
 138:pca9532.c     ****   tU8 regValue[3];
 139:pca9532.c     ****   
 140:pca9532.c     ****   pca9532(command, 1, regValue, 3);
 335              		.loc 1 140 0
 336 0186 3A00     		movs	r2, r7
 337 0188 381D     		adds	r0, r7, #4
 338 018a 0323     		movs	r3, #3
 339 018c 0121     		movs	r1, #1
 340 018e FFF7FEFF 		bl	pca9532
 141:pca9532.c     ****   
 142:pca9532.c     ****   return (tU16)regValue[1] | ((tU16)regValue[2] << 8);
 341              		.loc 1 142 0
 342 0192 3B00     		movs	r3, r7
 343 0194 5B78     		ldrb	r3, [r3, #1]
 344 0196 1A04     		lsls	r2, r3, #16
 345 0198 1214     		asrs	r2, r2, #16
 346 019a 3B00     		movs	r3, r7
 347 019c 9B78     		ldrb	r3, [r3, #2]
 348 019e 1B02     		lsls	r3, r3, #8
 349 01a0 1B04     		lsls	r3, r3, #16
 350 01a2 1B14     		asrs	r3, r3, #16
 351 01a4 1343     		orrs	r3, r2
 352 01a6 1B04     		lsls	r3, r3, #16
 353 01a8 1B14     		asrs	r3, r3, #16
 354 01aa 1B04     		lsls	r3, r3, #16
 355 01ac 1B0C     		lsrs	r3, r3, #16
 143:pca9532.c     **** }
 356              		.loc 1 143 0
 357 01ae 1800     		movs	r0, r3
 358 01b0 BD46     		mov	sp, r7
 359 01b2 02B0     		add	sp, sp, #8
 360              		@ sp needed
 361 01b4 80BC     		pop	{r7}
 362 01b6 02BC     		pop	{r1}
 363 01b8 0847     		bx	r1
 364              		.cfi_endproc
 365              	.LFE2:
 366              		.size	getPca9532Pin, .-getPca9532Pin
 367              		.align	1
 368              		.global	blinkLeds
 369              		.syntax unified
 370              		.code	16
ARM GAS  C:\Users\embedded\AppData\Local\Temp\ccTxkvwQ.s 			page 10


 371              		.thumb_func
 372              		.fpu softvfp
 373              		.type	blinkLeds, %function
 374              	blinkLeds:
 375              	.LFB3:
 144:pca9532.c     **** 
 145:pca9532.c     **** 
 146:pca9532.c     **** /*
 147:pca9532.c     ****  * @brief   Funckja blinkLeds wykorzystywana jest do kontrolwoania 16 LED-ów 0 - 15 (o numerach od
 148:pca9532.c     ****  *			przy wartości parametru value == 1 polega na ustawieniu zewnętrznych LED-ów, tj. LED numer 
 149:pca9532.c     ****  *			na mruganie z szybkością PWM0 - diody te mrugają co 1 sekunde z mniejszą jasnością niż 
 150:pca9532.c     ****  *			które mrugają z szybkością PWM1 co 0.5 sekundy. Gdy parametr value == 0, wyłączamy wszys
 151:pca9532.c     ****  *
 152:pca9532.c     ****  * @param   value 
 153:pca9532.c     ****  *          Zmienna mówiąca czy włączyć czy wyłączyc diody
 154:pca9532.c     ****  * 
 155:pca9532.c     ****  * @param   pca9532Present 
 156:pca9532.c     ****  *          Zmienna sprawdzająca czy PCA9532 zostało zainicjalizowane.
 157:pca9532.c     ****  * @returns
 158:pca9532.c     ****  *          void
 159:pca9532.c     ****  * 
 160:pca9532.c     ****  * @side effects: 
 161:pca9532.c     ****  *          !!!!!!!!!!!!!!!!!!!!!!!!!!!!!!!!!!!!!!!!!!!!!!!!!!!!!!!!!!!!!!!!!!!!!!!!!!!!!!!!!!!!!!!
 162:pca9532.c     ****  */
 163:pca9532.c     **** void 
 164:pca9532.c     **** blinkLeds(tU8 value, tU8 pca9532Present)
 165:pca9532.c     **** {
 376              		.loc 1 165 0
 377              		.cfi_startproc
 378              		@ Function supports interworking.
 379              		@ args = 0, pretend = 0, frame = 16
 380              		@ frame_needed = 1, uses_anonymous_args = 0
 381 01ba 90B5     		push	{r4, r7, lr}
 382              	.LCFI9:
 383              		.cfi_def_cfa_offset 12
 384              		.cfi_offset 4, -12
 385              		.cfi_offset 7, -8
 386              		.cfi_offset 14, -4
 387 01bc 85B0     		sub	sp, sp, #20
 388              	.LCFI10:
 389              		.cfi_def_cfa_offset 32
 390 01be 00AF     		add	r7, sp, #0
 391              	.LCFI11:
 392              		.cfi_def_cfa_register 7
 393 01c0 0200     		movs	r2, r0
 394 01c2 FB1D     		adds	r3, r7, #7
 395 01c4 1A70     		strb	r2, [r3]
 396 01c6 BB1D     		adds	r3, r7, #6
 397 01c8 0A1C     		adds	r2, r1, #0
 398 01ca 1A70     		strb	r2, [r3]
 166:pca9532.c     ****   if ((tU8)TRUE == pca9532Present)
 399              		.loc 1 166 0
 400 01cc BB1D     		adds	r3, r7, #6
 401 01ce 1B78     		ldrb	r3, [r3]
 402 01d0 012B     		cmp	r3, #1
 403 01d2 55D1     		bne	.L27
 404              	.LBB2:
ARM GAS  C:\Users\embedded\AppData\Local\Temp\ccTxkvwQ.s 			page 11


 167:pca9532.c     ****   {
 168:pca9532.c     **** 	tU8 i = 0;
 405              		.loc 1 168 0
 406 01d4 0F23     		movs	r3, #15
 407 01d6 FB18     		adds	r3, r7, r3
 408 01d8 0022     		movs	r2, #0
 409 01da 1A70     		strb	r2, [r3]
 169:pca9532.c     ****     tU8 j = 0;
 410              		.loc 1 169 0
 411 01dc 0E23     		movs	r3, #14
 412 01de FB18     		adds	r3, r7, r3
 413 01e0 0022     		movs	r2, #0
 414 01e2 1A70     		strb	r2, [r3]
 170:pca9532.c     ****     if (value == (tU8)1)
 415              		.loc 1 170 0
 416 01e4 FB1D     		adds	r3, r7, #7
 417 01e6 1B78     		ldrb	r3, [r3]
 418 01e8 012B     		cmp	r3, #1
 419 01ea 33D1     		bne	.L19
 171:pca9532.c     ****     {
 172:pca9532.c     ****     	for (i = (tU8)0; i < (tU8)16; i = i + (tU8)1)
 420              		.loc 1 172 0
 421 01ec 0F23     		movs	r3, #15
 422 01ee FB18     		adds	r3, r7, r3
 423 01f0 0022     		movs	r2, #0
 424 01f2 1A70     		strb	r2, [r3]
 425 01f4 28E0     		b	.L20
 426              	.L24:
 173:pca9532.c     ****     	{
 174:pca9532.c     **** 			if(i == (tU8)0 || i == (tU8)7 || i == (tU8)8 || i == (tU8)15)
 427              		.loc 1 174 0
 428 01f6 0F23     		movs	r3, #15
 429 01f8 FB18     		adds	r3, r7, r3
 430 01fa 1B78     		ldrb	r3, [r3]
 431 01fc 002B     		cmp	r3, #0
 432 01fe 0ED0     		beq	.L21
 433              		.loc 1 174 0 is_stmt 0 discriminator 1
 434 0200 0F23     		movs	r3, #15
 435 0202 FB18     		adds	r3, r7, r3
 436 0204 1B78     		ldrb	r3, [r3]
 437 0206 072B     		cmp	r3, #7
 438 0208 09D0     		beq	.L21
 439              		.loc 1 174 0 discriminator 2
 440 020a 0F23     		movs	r3, #15
 441 020c FB18     		adds	r3, r7, r3
 442 020e 1B78     		ldrb	r3, [r3]
 443 0210 082B     		cmp	r3, #8
 444 0212 04D0     		beq	.L21
 445              		.loc 1 174 0 discriminator 3
 446 0214 0F23     		movs	r3, #15
 447 0216 FB18     		adds	r3, r7, r3
 448 0218 1B78     		ldrb	r3, [r3]
 449 021a 0F2B     		cmp	r3, #15
 450 021c 07D1     		bne	.L22
 451              	.L21:
 175:pca9532.c     **** 			{
 176:pca9532.c     **** 			setPca9532Pin(i, 1);
ARM GAS  C:\Users\embedded\AppData\Local\Temp\ccTxkvwQ.s 			page 12


 452              		.loc 1 176 0 is_stmt 1
 453 021e 0F23     		movs	r3, #15
 454 0220 FB18     		adds	r3, r7, r3
 455 0222 1B78     		ldrb	r3, [r3]
 456 0224 0121     		movs	r1, #1
 457 0226 1800     		movs	r0, r3
 458 0228 FFF7FEFF 		bl	setPca9532Pin
 459 022c 06E0     		b	.L23
 460              	.L22:
 177:pca9532.c     **** 			}
 178:pca9532.c     **** 			else 
 179:pca9532.c     **** 			{
 180:pca9532.c     **** 			setPca9532Pin(i, 2);
 461              		.loc 1 180 0
 462 022e 0F23     		movs	r3, #15
 463 0230 FB18     		adds	r3, r7, r3
 464 0232 1B78     		ldrb	r3, [r3]
 465 0234 0221     		movs	r1, #2
 466 0236 1800     		movs	r0, r3
 467 0238 FFF7FEFF 		bl	setPca9532Pin
 468              	.L23:
 172:pca9532.c     ****     	{
 469              		.loc 1 172 0 discriminator 2
 470 023c 0F22     		movs	r2, #15
 471 023e BB18     		adds	r3, r7, r2
 472 0240 BA18     		adds	r2, r7, r2
 473 0242 1278     		ldrb	r2, [r2]
 474 0244 0132     		adds	r2, r2, #1
 475 0246 1A70     		strb	r2, [r3]
 476              	.L20:
 172:pca9532.c     ****     	{
 477              		.loc 1 172 0 is_stmt 0 discriminator 1
 478 0248 0F23     		movs	r3, #15
 479 024a FB18     		adds	r3, r7, r3
 480 024c 1B78     		ldrb	r3, [r3]
 481 024e 0F2B     		cmp	r3, #15
 482 0250 D1D9     		bls	.L24
 483              	.LBE2:
 181:pca9532.c     **** 			}
 182:pca9532.c     ****     	}
 183:pca9532.c     ****     }
 184:pca9532.c     ****     else 
 185:pca9532.c     ****     {
 186:pca9532.c     **** 		for (i = (tU8)0; i < (tU8)16; i = i + (tU8)1)
 187:pca9532.c     **** 		{
 188:pca9532.c     **** 			setPca9532Pin(i, 0);
 189:pca9532.c     **** 		}
 190:pca9532.c     ****     }
 191:pca9532.c     ****   }
 192:pca9532.c     **** }
 484              		.loc 1 192 0 is_stmt 1
 485 0252 15E0     		b	.L27
 486              	.L19:
 487              	.LBB3:
 186:pca9532.c     **** 		{
 488              		.loc 1 186 0
 489 0254 0F23     		movs	r3, #15
ARM GAS  C:\Users\embedded\AppData\Local\Temp\ccTxkvwQ.s 			page 13


 490 0256 FB18     		adds	r3, r7, r3
 491 0258 0022     		movs	r2, #0
 492 025a 1A70     		strb	r2, [r3]
 493 025c 0BE0     		b	.L25
 494              	.L26:
 188:pca9532.c     **** 		}
 495              		.loc 1 188 0 discriminator 3
 496 025e 0F24     		movs	r4, #15
 497 0260 3B19     		adds	r3, r7, r4
 498 0262 1B78     		ldrb	r3, [r3]
 499 0264 0021     		movs	r1, #0
 500 0266 1800     		movs	r0, r3
 501 0268 FFF7FEFF 		bl	setPca9532Pin
 186:pca9532.c     **** 		{
 502              		.loc 1 186 0 discriminator 3
 503 026c 3B19     		adds	r3, r7, r4
 504 026e 3A19     		adds	r2, r7, r4
 505 0270 1278     		ldrb	r2, [r2]
 506 0272 0132     		adds	r2, r2, #1
 507 0274 1A70     		strb	r2, [r3]
 508              	.L25:
 186:pca9532.c     **** 		{
 509              		.loc 1 186 0 is_stmt 0 discriminator 1
 510 0276 0F23     		movs	r3, #15
 511 0278 FB18     		adds	r3, r7, r3
 512 027a 1B78     		ldrb	r3, [r3]
 513 027c 0F2B     		cmp	r3, #15
 514 027e EED9     		bls	.L26
 515              	.L27:
 516              	.LBE3:
 517              		.loc 1 192 0 is_stmt 1
 518 0280 C046     		nop
 519 0282 BD46     		mov	sp, r7
 520 0284 05B0     		add	sp, sp, #20
 521              		@ sp needed
 522 0286 90BC     		pop	{r4, r7}
 523 0288 01BC     		pop	{r0}
 524 028a 0047     		bx	r0
 525              		.cfi_endproc
 526              	.LFE3:
 527              		.size	blinkLeds, .-blinkLeds
 528              	.Letext0:
 529              		.file 2 "general.h"
 530              		.section	.debug_info,"",%progbits
 531              	.Ldebug_info0:
 532 0000 FD010000 		.4byte	0x1fd
 533 0004 0200     		.2byte	0x2
 534 0006 00000000 		.4byte	.Ldebug_abbrev0
 535 000a 04       		.byte	0x4
 536 000b 01       		.uleb128 0x1
 537 000c 9E000000 		.4byte	.LASF23
 538 0010 0C       		.byte	0xc
 539 0011 60010000 		.4byte	.LASF24
 540 0015 2F010000 		.4byte	.LASF25
 541 0019 00000000 		.4byte	.Ltext0
 542 001d 8C020000 		.4byte	.Letext0
 543 0021 00000000 		.4byte	.Ldebug_line0
ARM GAS  C:\Users\embedded\AppData\Local\Temp\ccTxkvwQ.s 			page 14


 544 0025 02       		.uleb128 0x2
 545 0026 74553800 		.ascii	"tU8\000"
 546 002a 02       		.byte	0x2
 547 002b 18       		.byte	0x18
 548 002c 30000000 		.4byte	0x30
 549 0030 03       		.uleb128 0x3
 550 0031 01       		.byte	0x1
 551 0032 08       		.byte	0x8
 552 0033 7C000000 		.4byte	.LASF1
 553 0037 04       		.uleb128 0x4
 554 0038 7E010000 		.4byte	.LASF0
 555 003c 02       		.byte	0x2
 556 003d 19       		.byte	0x19
 557 003e 42000000 		.4byte	0x42
 558 0042 03       		.uleb128 0x3
 559 0043 02       		.byte	0x2
 560 0044 07       		.byte	0x7
 561 0045 4D010000 		.4byte	.LASF2
 562 0049 03       		.uleb128 0x3
 563 004a 04       		.byte	0x4
 564 004b 07       		.byte	0x7
 565 004c 0E000000 		.4byte	.LASF3
 566 0050 03       		.uleb128 0x3
 567 0051 08       		.byte	0x8
 568 0052 07       		.byte	0x7
 569 0053 46000000 		.4byte	.LASF4
 570 0057 03       		.uleb128 0x3
 571 0058 01       		.byte	0x1
 572 0059 06       		.byte	0x6
 573 005a 99010000 		.4byte	.LASF5
 574 005e 03       		.uleb128 0x3
 575 005f 02       		.byte	0x2
 576 0060 05       		.byte	0x5
 577 0061 89010000 		.4byte	.LASF6
 578 0065 05       		.uleb128 0x5
 579 0066 04       		.byte	0x4
 580 0067 05       		.byte	0x5
 581 0068 696E7400 		.ascii	"int\000"
 582 006c 03       		.uleb128 0x3
 583 006d 08       		.byte	0x8
 584 006e 05       		.byte	0x5
 585 006f 00000000 		.4byte	.LASF7
 586 0073 06       		.uleb128 0x6
 587 0074 07       		.byte	0x7
 588 0075 01       		.byte	0x1
 589 0076 30000000 		.4byte	0x30
 590 007a 02       		.byte	0x2
 591 007b 20       		.byte	0x20
 592 007c 8D000000 		.4byte	0x8d
 593 0080 07       		.uleb128 0x7
 594 0081 93010000 		.4byte	.LASF8
 595 0085 00       		.byte	0
 596 0086 07       		.uleb128 0x7
 597 0087 8A000000 		.4byte	.LASF9
 598 008b 01       		.byte	0x1
 599 008c 00       		.byte	0
 600 008d 04       		.uleb128 0x4
ARM GAS  C:\Users\embedded\AppData\Local\Temp\ccTxkvwQ.s 			page 15


 601 008e 83010000 		.4byte	.LASF10
 602 0092 02       		.byte	0x2
 603 0093 21       		.byte	0x21
 604 0094 73000000 		.4byte	0x73
 605 0098 08       		.uleb128 0x8
 606 0099 01       		.byte	0x1
 607 009a 30000000 		.4byte	.LASF15
 608 009e 01       		.byte	0x1
 609 009f A4       		.byte	0xa4
 610 00a0 01       		.byte	0x1
 611 00a1 BA010000 		.4byte	.LFB3
 612 00a5 8C020000 		.4byte	.LFE3
 613 00a9 00000000 		.4byte	.LLST3
 614 00ad 01       		.byte	0x1
 615 00ae ED000000 		.4byte	0xed
 616 00b2 09       		.uleb128 0x9
 617 00b3 78010000 		.4byte	.LASF11
 618 00b7 01       		.byte	0x1
 619 00b8 A4       		.byte	0xa4
 620 00b9 25000000 		.4byte	0x25
 621 00bd 02       		.byte	0x2
 622 00be 91       		.byte	0x91
 623 00bf 67       		.sleb128 -25
 624 00c0 09       		.uleb128 0x9
 625 00c1 8F000000 		.4byte	.LASF12
 626 00c5 01       		.byte	0x1
 627 00c6 A4       		.byte	0xa4
 628 00c7 25000000 		.4byte	0x25
 629 00cb 02       		.byte	0x2
 630 00cc 91       		.byte	0x91
 631 00cd 66       		.sleb128 -26
 632 00ce 0A       		.uleb128 0xa
 633 00cf 00000000 		.4byte	.Ldebug_ranges0+0
 634 00d3 0B       		.uleb128 0xb
 635 00d4 6900     		.ascii	"i\000"
 636 00d6 01       		.byte	0x1
 637 00d7 A8       		.byte	0xa8
 638 00d8 25000000 		.4byte	0x25
 639 00dc 02       		.byte	0x2
 640 00dd 91       		.byte	0x91
 641 00de 6F       		.sleb128 -17
 642 00df 0B       		.uleb128 0xb
 643 00e0 6A00     		.ascii	"j\000"
 644 00e2 01       		.byte	0x1
 645 00e3 A9       		.byte	0xa9
 646 00e4 25000000 		.4byte	0x25
 647 00e8 02       		.byte	0x2
 648 00e9 91       		.byte	0x91
 649 00ea 6E       		.sleb128 -18
 650 00eb 00       		.byte	0
 651 00ec 00       		.byte	0
 652 00ed 0C       		.uleb128 0xc
 653 00ee 01       		.byte	0x1
 654 00ef 1B000000 		.4byte	.LASF19
 655 00f3 01       		.byte	0x1
 656 00f4 87       		.byte	0x87
 657 00f5 01       		.byte	0x1
ARM GAS  C:\Users\embedded\AppData\Local\Temp\ccTxkvwQ.s 			page 16


 658 00f6 37000000 		.4byte	0x37
 659 00fa 7A010000 		.4byte	.LFB2
 660 00fe BA010000 		.4byte	.LFE2
 661 0102 38000000 		.4byte	.LLST2
 662 0106 01       		.byte	0x1
 663 0107 28010000 		.4byte	0x128
 664 010b 0D       		.uleb128 0xd
 665 010c 1E010000 		.4byte	.LASF13
 666 0110 01       		.byte	0x1
 667 0111 89       		.byte	0x89
 668 0112 28010000 		.4byte	0x128
 669 0116 02       		.byte	0x2
 670 0117 91       		.byte	0x91
 671 0118 74       		.sleb128 -12
 672 0119 0D       		.uleb128 0xd
 673 011a 26010000 		.4byte	.LASF14
 674 011e 01       		.byte	0x1
 675 011f 8A       		.byte	0x8a
 676 0120 38010000 		.4byte	0x138
 677 0124 02       		.byte	0x2
 678 0125 91       		.byte	0x91
 679 0126 70       		.sleb128 -16
 680 0127 00       		.byte	0
 681 0128 0E       		.uleb128 0xe
 682 0129 25000000 		.4byte	0x25
 683 012d 38010000 		.4byte	0x138
 684 0131 0F       		.uleb128 0xf
 685 0132 49000000 		.4byte	0x49
 686 0136 00       		.byte	0
 687 0137 00       		.byte	0
 688 0138 0E       		.uleb128 0xe
 689 0139 25000000 		.4byte	0x25
 690 013d 48010000 		.4byte	0x148
 691 0141 0F       		.uleb128 0xf
 692 0142 49000000 		.4byte	0x49
 693 0146 02       		.byte	0x2
 694 0147 00       		.byte	0
 695 0148 08       		.uleb128 0x8
 696 0149 01       		.byte	0x1
 697 014a 6A010000 		.4byte	.LASF16
 698 014e 01       		.byte	0x1
 699 014f 47       		.byte	0x47
 700 0150 01       		.byte	0x1
 701 0151 4C000000 		.4byte	.LFB1
 702 0155 7A010000 		.4byte	.LFE1
 703 0159 70000000 		.4byte	.LLST1
 704 015d 01       		.byte	0x1
 705 015e A9010000 		.4byte	0x1a9
 706 0162 09       		.uleb128 0x9
 707 0163 29000000 		.4byte	.LASF17
 708 0167 01       		.byte	0x1
 709 0168 47       		.byte	0x47
 710 0169 25000000 		.4byte	0x25
 711 016d 02       		.byte	0x2
 712 016e 91       		.byte	0x91
 713 016f 67       		.sleb128 -25
 714 0170 09       		.uleb128 0x9
ARM GAS  C:\Users\embedded\AppData\Local\Temp\ccTxkvwQ.s 			page 17


 715 0171 78010000 		.4byte	.LASF11
 716 0175 01       		.byte	0x1
 717 0176 47       		.byte	0x47
 718 0177 25000000 		.4byte	0x25
 719 017b 02       		.byte	0x2
 720 017c 91       		.byte	0x91
 721 017d 66       		.sleb128 -26
 722 017e 0D       		.uleb128 0xd
 723 017f 1E010000 		.4byte	.LASF13
 724 0183 01       		.byte	0x1
 725 0184 49       		.byte	0x49
 726 0185 A9010000 		.4byte	0x1a9
 727 0189 02       		.byte	0x2
 728 018a 91       		.byte	0x91
 729 018b 6C       		.sleb128 -20
 730 018c 0D       		.uleb128 0xd
 731 018d 26010000 		.4byte	.LASF14
 732 0191 01       		.byte	0x1
 733 0192 4A       		.byte	0x4a
 734 0193 25000000 		.4byte	0x25
 735 0197 02       		.byte	0x2
 736 0198 91       		.byte	0x91
 737 0199 6B       		.sleb128 -21
 738 019a 0D       		.uleb128 0xd
 739 019b 77000000 		.4byte	.LASF18
 740 019f 01       		.byte	0x1
 741 01a0 4B       		.byte	0x4b
 742 01a1 25000000 		.4byte	0x25
 743 01a5 02       		.byte	0x2
 744 01a6 91       		.byte	0x91
 745 01a7 6F       		.sleb128 -17
 746 01a8 00       		.byte	0
 747 01a9 0E       		.uleb128 0xe
 748 01aa 25000000 		.4byte	0x25
 749 01ae B9010000 		.4byte	0x1b9
 750 01b2 0F       		.uleb128 0xf
 751 01b3 49000000 		.4byte	0x49
 752 01b7 01       		.byte	0x1
 753 01b8 00       		.byte	0
 754 01b9 0C       		.uleb128 0xc
 755 01ba 01       		.byte	0x1
 756 01bb 3A000000 		.4byte	.LASF20
 757 01bf 01       		.byte	0x1
 758 01c0 31       		.byte	0x31
 759 01c1 01       		.byte	0x1
 760 01c2 8D000000 		.4byte	0x8d
 761 01c6 00000000 		.4byte	.LFB0
 762 01ca 4C000000 		.4byte	.LFE0
 763 01ce A8000000 		.4byte	.LLST0
 764 01d2 01       		.byte	0x1
 765 01d3 F4010000 		.4byte	0x1f4
 766 01d7 0D       		.uleb128 0xd
 767 01d8 6B000000 		.4byte	.LASF21
 768 01dc 01       		.byte	0x1
 769 01dd 33       		.byte	0x33
 770 01de F4010000 		.4byte	0x1f4
 771 01e2 02       		.byte	0x2
ARM GAS  C:\Users\embedded\AppData\Local\Temp\ccTxkvwQ.s 			page 18


 772 01e3 91       		.byte	0x91
 773 01e4 6C       		.sleb128 -20
 774 01e5 0D       		.uleb128 0xd
 775 01e6 5D000000 		.4byte	.LASF22
 776 01ea 01       		.byte	0x1
 777 01eb 38       		.byte	0x38
 778 01ec 25000000 		.4byte	0x25
 779 01f0 02       		.byte	0x2
 780 01f1 91       		.byte	0x91
 781 01f2 77       		.sleb128 -9
 782 01f3 00       		.byte	0
 783 01f4 10       		.uleb128 0x10
 784 01f5 25000000 		.4byte	0x25
 785 01f9 0F       		.uleb128 0xf
 786 01fa 49000000 		.4byte	0x49
 787 01fe 08       		.byte	0x8
 788 01ff 00       		.byte	0
 789 0200 00       		.byte	0
 790              		.section	.debug_abbrev,"",%progbits
 791              	.Ldebug_abbrev0:
 792 0000 01       		.uleb128 0x1
 793 0001 11       		.uleb128 0x11
 794 0002 01       		.byte	0x1
 795 0003 25       		.uleb128 0x25
 796 0004 0E       		.uleb128 0xe
 797 0005 13       		.uleb128 0x13
 798 0006 0B       		.uleb128 0xb
 799 0007 03       		.uleb128 0x3
 800 0008 0E       		.uleb128 0xe
 801 0009 1B       		.uleb128 0x1b
 802 000a 0E       		.uleb128 0xe
 803 000b 11       		.uleb128 0x11
 804 000c 01       		.uleb128 0x1
 805 000d 12       		.uleb128 0x12
 806 000e 01       		.uleb128 0x1
 807 000f 10       		.uleb128 0x10
 808 0010 06       		.uleb128 0x6
 809 0011 00       		.byte	0
 810 0012 00       		.byte	0
 811 0013 02       		.uleb128 0x2
 812 0014 16       		.uleb128 0x16
 813 0015 00       		.byte	0
 814 0016 03       		.uleb128 0x3
 815 0017 08       		.uleb128 0x8
 816 0018 3A       		.uleb128 0x3a
 817 0019 0B       		.uleb128 0xb
 818 001a 3B       		.uleb128 0x3b
 819 001b 0B       		.uleb128 0xb
 820 001c 49       		.uleb128 0x49
 821 001d 13       		.uleb128 0x13
 822 001e 00       		.byte	0
 823 001f 00       		.byte	0
 824 0020 03       		.uleb128 0x3
 825 0021 24       		.uleb128 0x24
 826 0022 00       		.byte	0
 827 0023 0B       		.uleb128 0xb
 828 0024 0B       		.uleb128 0xb
ARM GAS  C:\Users\embedded\AppData\Local\Temp\ccTxkvwQ.s 			page 19


 829 0025 3E       		.uleb128 0x3e
 830 0026 0B       		.uleb128 0xb
 831 0027 03       		.uleb128 0x3
 832 0028 0E       		.uleb128 0xe
 833 0029 00       		.byte	0
 834 002a 00       		.byte	0
 835 002b 04       		.uleb128 0x4
 836 002c 16       		.uleb128 0x16
 837 002d 00       		.byte	0
 838 002e 03       		.uleb128 0x3
 839 002f 0E       		.uleb128 0xe
 840 0030 3A       		.uleb128 0x3a
 841 0031 0B       		.uleb128 0xb
 842 0032 3B       		.uleb128 0x3b
 843 0033 0B       		.uleb128 0xb
 844 0034 49       		.uleb128 0x49
 845 0035 13       		.uleb128 0x13
 846 0036 00       		.byte	0
 847 0037 00       		.byte	0
 848 0038 05       		.uleb128 0x5
 849 0039 24       		.uleb128 0x24
 850 003a 00       		.byte	0
 851 003b 0B       		.uleb128 0xb
 852 003c 0B       		.uleb128 0xb
 853 003d 3E       		.uleb128 0x3e
 854 003e 0B       		.uleb128 0xb
 855 003f 03       		.uleb128 0x3
 856 0040 08       		.uleb128 0x8
 857 0041 00       		.byte	0
 858 0042 00       		.byte	0
 859 0043 06       		.uleb128 0x6
 860 0044 04       		.uleb128 0x4
 861 0045 01       		.byte	0x1
 862 0046 3E       		.uleb128 0x3e
 863 0047 0B       		.uleb128 0xb
 864 0048 0B       		.uleb128 0xb
 865 0049 0B       		.uleb128 0xb
 866 004a 49       		.uleb128 0x49
 867 004b 13       		.uleb128 0x13
 868 004c 3A       		.uleb128 0x3a
 869 004d 0B       		.uleb128 0xb
 870 004e 3B       		.uleb128 0x3b
 871 004f 0B       		.uleb128 0xb
 872 0050 01       		.uleb128 0x1
 873 0051 13       		.uleb128 0x13
 874 0052 00       		.byte	0
 875 0053 00       		.byte	0
 876 0054 07       		.uleb128 0x7
 877 0055 28       		.uleb128 0x28
 878 0056 00       		.byte	0
 879 0057 03       		.uleb128 0x3
 880 0058 0E       		.uleb128 0xe
 881 0059 1C       		.uleb128 0x1c
 882 005a 0B       		.uleb128 0xb
 883 005b 00       		.byte	0
 884 005c 00       		.byte	0
 885 005d 08       		.uleb128 0x8
ARM GAS  C:\Users\embedded\AppData\Local\Temp\ccTxkvwQ.s 			page 20


 886 005e 2E       		.uleb128 0x2e
 887 005f 01       		.byte	0x1
 888 0060 3F       		.uleb128 0x3f
 889 0061 0C       		.uleb128 0xc
 890 0062 03       		.uleb128 0x3
 891 0063 0E       		.uleb128 0xe
 892 0064 3A       		.uleb128 0x3a
 893 0065 0B       		.uleb128 0xb
 894 0066 3B       		.uleb128 0x3b
 895 0067 0B       		.uleb128 0xb
 896 0068 27       		.uleb128 0x27
 897 0069 0C       		.uleb128 0xc
 898 006a 11       		.uleb128 0x11
 899 006b 01       		.uleb128 0x1
 900 006c 12       		.uleb128 0x12
 901 006d 01       		.uleb128 0x1
 902 006e 40       		.uleb128 0x40
 903 006f 06       		.uleb128 0x6
 904 0070 9642     		.uleb128 0x2116
 905 0072 0C       		.uleb128 0xc
 906 0073 01       		.uleb128 0x1
 907 0074 13       		.uleb128 0x13
 908 0075 00       		.byte	0
 909 0076 00       		.byte	0
 910 0077 09       		.uleb128 0x9
 911 0078 05       		.uleb128 0x5
 912 0079 00       		.byte	0
 913 007a 03       		.uleb128 0x3
 914 007b 0E       		.uleb128 0xe
 915 007c 3A       		.uleb128 0x3a
 916 007d 0B       		.uleb128 0xb
 917 007e 3B       		.uleb128 0x3b
 918 007f 0B       		.uleb128 0xb
 919 0080 49       		.uleb128 0x49
 920 0081 13       		.uleb128 0x13
 921 0082 02       		.uleb128 0x2
 922 0083 0A       		.uleb128 0xa
 923 0084 00       		.byte	0
 924 0085 00       		.byte	0
 925 0086 0A       		.uleb128 0xa
 926 0087 0B       		.uleb128 0xb
 927 0088 01       		.byte	0x1
 928 0089 55       		.uleb128 0x55
 929 008a 06       		.uleb128 0x6
 930 008b 00       		.byte	0
 931 008c 00       		.byte	0
 932 008d 0B       		.uleb128 0xb
 933 008e 34       		.uleb128 0x34
 934 008f 00       		.byte	0
 935 0090 03       		.uleb128 0x3
 936 0091 08       		.uleb128 0x8
 937 0092 3A       		.uleb128 0x3a
 938 0093 0B       		.uleb128 0xb
 939 0094 3B       		.uleb128 0x3b
 940 0095 0B       		.uleb128 0xb
 941 0096 49       		.uleb128 0x49
 942 0097 13       		.uleb128 0x13
ARM GAS  C:\Users\embedded\AppData\Local\Temp\ccTxkvwQ.s 			page 21


 943 0098 02       		.uleb128 0x2
 944 0099 0A       		.uleb128 0xa
 945 009a 00       		.byte	0
 946 009b 00       		.byte	0
 947 009c 0C       		.uleb128 0xc
 948 009d 2E       		.uleb128 0x2e
 949 009e 01       		.byte	0x1
 950 009f 3F       		.uleb128 0x3f
 951 00a0 0C       		.uleb128 0xc
 952 00a1 03       		.uleb128 0x3
 953 00a2 0E       		.uleb128 0xe
 954 00a3 3A       		.uleb128 0x3a
 955 00a4 0B       		.uleb128 0xb
 956 00a5 3B       		.uleb128 0x3b
 957 00a6 0B       		.uleb128 0xb
 958 00a7 27       		.uleb128 0x27
 959 00a8 0C       		.uleb128 0xc
 960 00a9 49       		.uleb128 0x49
 961 00aa 13       		.uleb128 0x13
 962 00ab 11       		.uleb128 0x11
 963 00ac 01       		.uleb128 0x1
 964 00ad 12       		.uleb128 0x12
 965 00ae 01       		.uleb128 0x1
 966 00af 40       		.uleb128 0x40
 967 00b0 06       		.uleb128 0x6
 968 00b1 9642     		.uleb128 0x2116
 969 00b3 0C       		.uleb128 0xc
 970 00b4 01       		.uleb128 0x1
 971 00b5 13       		.uleb128 0x13
 972 00b6 00       		.byte	0
 973 00b7 00       		.byte	0
 974 00b8 0D       		.uleb128 0xd
 975 00b9 34       		.uleb128 0x34
 976 00ba 00       		.byte	0
 977 00bb 03       		.uleb128 0x3
 978 00bc 0E       		.uleb128 0xe
 979 00bd 3A       		.uleb128 0x3a
 980 00be 0B       		.uleb128 0xb
 981 00bf 3B       		.uleb128 0x3b
 982 00c0 0B       		.uleb128 0xb
 983 00c1 49       		.uleb128 0x49
 984 00c2 13       		.uleb128 0x13
 985 00c3 02       		.uleb128 0x2
 986 00c4 0A       		.uleb128 0xa
 987 00c5 00       		.byte	0
 988 00c6 00       		.byte	0
 989 00c7 0E       		.uleb128 0xe
 990 00c8 01       		.uleb128 0x1
 991 00c9 01       		.byte	0x1
 992 00ca 49       		.uleb128 0x49
 993 00cb 13       		.uleb128 0x13
 994 00cc 01       		.uleb128 0x1
 995 00cd 13       		.uleb128 0x13
 996 00ce 00       		.byte	0
 997 00cf 00       		.byte	0
 998 00d0 0F       		.uleb128 0xf
 999 00d1 21       		.uleb128 0x21
ARM GAS  C:\Users\embedded\AppData\Local\Temp\ccTxkvwQ.s 			page 22


 1000 00d2 00       		.byte	0
 1001 00d3 49       		.uleb128 0x49
 1002 00d4 13       		.uleb128 0x13
 1003 00d5 2F       		.uleb128 0x2f
 1004 00d6 0B       		.uleb128 0xb
 1005 00d7 00       		.byte	0
 1006 00d8 00       		.byte	0
 1007 00d9 10       		.uleb128 0x10
 1008 00da 01       		.uleb128 0x1
 1009 00db 01       		.byte	0x1
 1010 00dc 49       		.uleb128 0x49
 1011 00dd 13       		.uleb128 0x13
 1012 00de 00       		.byte	0
 1013 00df 00       		.byte	0
 1014 00e0 00       		.byte	0
 1015              		.section	.debug_loc,"",%progbits
 1016              	.Ldebug_loc0:
 1017              	.LLST3:
 1018 0000 BA010000 		.4byte	.LFB3-.Ltext0
 1019 0004 BC010000 		.4byte	.LCFI9-.Ltext0
 1020 0008 0200     		.2byte	0x2
 1021 000a 7D       		.byte	0x7d
 1022 000b 00       		.sleb128 0
 1023 000c BC010000 		.4byte	.LCFI9-.Ltext0
 1024 0010 BE010000 		.4byte	.LCFI10-.Ltext0
 1025 0014 0200     		.2byte	0x2
 1026 0016 7D       		.byte	0x7d
 1027 0017 0C       		.sleb128 12
 1028 0018 BE010000 		.4byte	.LCFI10-.Ltext0
 1029 001c C0010000 		.4byte	.LCFI11-.Ltext0
 1030 0020 0200     		.2byte	0x2
 1031 0022 7D       		.byte	0x7d
 1032 0023 20       		.sleb128 32
 1033 0024 C0010000 		.4byte	.LCFI11-.Ltext0
 1034 0028 8C020000 		.4byte	.LFE3-.Ltext0
 1035 002c 0200     		.2byte	0x2
 1036 002e 77       		.byte	0x77
 1037 002f 20       		.sleb128 32
 1038 0030 00000000 		.4byte	0
 1039 0034 00000000 		.4byte	0
 1040              	.LLST2:
 1041 0038 7A010000 		.4byte	.LFB2-.Ltext0
 1042 003c 7C010000 		.4byte	.LCFI6-.Ltext0
 1043 0040 0200     		.2byte	0x2
 1044 0042 7D       		.byte	0x7d
 1045 0043 00       		.sleb128 0
 1046 0044 7C010000 		.4byte	.LCFI6-.Ltext0
 1047 0048 7E010000 		.4byte	.LCFI7-.Ltext0
 1048 004c 0200     		.2byte	0x2
 1049 004e 7D       		.byte	0x7d
 1050 004f 08       		.sleb128 8
 1051 0050 7E010000 		.4byte	.LCFI7-.Ltext0
 1052 0054 80010000 		.4byte	.LCFI8-.Ltext0
 1053 0058 0200     		.2byte	0x2
 1054 005a 7D       		.byte	0x7d
 1055 005b 10       		.sleb128 16
 1056 005c 80010000 		.4byte	.LCFI8-.Ltext0
ARM GAS  C:\Users\embedded\AppData\Local\Temp\ccTxkvwQ.s 			page 23


 1057 0060 BA010000 		.4byte	.LFE2-.Ltext0
 1058 0064 0200     		.2byte	0x2
 1059 0066 77       		.byte	0x77
 1060 0067 10       		.sleb128 16
 1061 0068 00000000 		.4byte	0
 1062 006c 00000000 		.4byte	0
 1063              	.LLST1:
 1064 0070 4C000000 		.4byte	.LFB1-.Ltext0
 1065 0074 4E000000 		.4byte	.LCFI3-.Ltext0
 1066 0078 0200     		.2byte	0x2
 1067 007a 7D       		.byte	0x7d
 1068 007b 00       		.sleb128 0
 1069 007c 4E000000 		.4byte	.LCFI3-.Ltext0
 1070 0080 50000000 		.4byte	.LCFI4-.Ltext0
 1071 0084 0200     		.2byte	0x2
 1072 0086 7D       		.byte	0x7d
 1073 0087 0C       		.sleb128 12
 1074 0088 50000000 		.4byte	.LCFI4-.Ltext0
 1075 008c 52000000 		.4byte	.LCFI5-.Ltext0
 1076 0090 0200     		.2byte	0x2
 1077 0092 7D       		.byte	0x7d
 1078 0093 20       		.sleb128 32
 1079 0094 52000000 		.4byte	.LCFI5-.Ltext0
 1080 0098 7A010000 		.4byte	.LFE1-.Ltext0
 1081 009c 0200     		.2byte	0x2
 1082 009e 77       		.byte	0x77
 1083 009f 20       		.sleb128 32
 1084 00a0 00000000 		.4byte	0
 1085 00a4 00000000 		.4byte	0
 1086              	.LLST0:
 1087 00a8 00000000 		.4byte	.LFB0-.Ltext0
 1088 00ac 02000000 		.4byte	.LCFI0-.Ltext0
 1089 00b0 0200     		.2byte	0x2
 1090 00b2 7D       		.byte	0x7d
 1091 00b3 00       		.sleb128 0
 1092 00b4 02000000 		.4byte	.LCFI0-.Ltext0
 1093 00b8 04000000 		.4byte	.LCFI1-.Ltext0
 1094 00bc 0200     		.2byte	0x2
 1095 00be 7D       		.byte	0x7d
 1096 00bf 08       		.sleb128 8
 1097 00c0 04000000 		.4byte	.LCFI1-.Ltext0
 1098 00c4 06000000 		.4byte	.LCFI2-.Ltext0
 1099 00c8 0200     		.2byte	0x2
 1100 00ca 7D       		.byte	0x7d
 1101 00cb 18       		.sleb128 24
 1102 00cc 06000000 		.4byte	.LCFI2-.Ltext0
 1103 00d0 4C000000 		.4byte	.LFE0-.Ltext0
 1104 00d4 0200     		.2byte	0x2
 1105 00d6 77       		.byte	0x77
 1106 00d7 18       		.sleb128 24
 1107 00d8 00000000 		.4byte	0
 1108 00dc 00000000 		.4byte	0
 1109              		.section	.debug_aranges,"",%progbits
 1110 0000 1C000000 		.4byte	0x1c
 1111 0004 0200     		.2byte	0x2
 1112 0006 00000000 		.4byte	.Ldebug_info0
 1113 000a 04       		.byte	0x4
ARM GAS  C:\Users\embedded\AppData\Local\Temp\ccTxkvwQ.s 			page 24


 1114 000b 00       		.byte	0
 1115 000c 0000     		.2byte	0
 1116 000e 0000     		.2byte	0
 1117 0010 00000000 		.4byte	.Ltext0
 1118 0014 8C020000 		.4byte	.Letext0-.Ltext0
 1119 0018 00000000 		.4byte	0
 1120 001c 00000000 		.4byte	0
 1121              		.section	.debug_ranges,"",%progbits
 1122              	.Ldebug_ranges0:
 1123 0000 D4010000 		.4byte	.LBB2-.Ltext0
 1124 0004 52020000 		.4byte	.LBE2-.Ltext0
 1125 0008 54020000 		.4byte	.LBB3-.Ltext0
 1126 000c 80020000 		.4byte	.LBE3-.Ltext0
 1127 0010 00000000 		.4byte	0
 1128 0014 00000000 		.4byte	0
 1129              		.section	.debug_line,"",%progbits
 1130              	.Ldebug_line0:
 1131 0000 AB000000 		.section	.debug_str,"MS",%progbits,1
 1131      02002D00 
 1131      00000201 
 1131      FB0E0D00 
 1131      01010101 
 1132              	.LASF7:
 1133 0000 6C6F6E67 		.ascii	"long long int\000"
 1133      206C6F6E 
 1133      6720696E 
 1133      7400
 1134              	.LASF3:
 1135 000e 756E7369 		.ascii	"unsigned int\000"
 1135      676E6564 
 1135      20696E74 
 1135      00
 1136              	.LASF19:
 1137 001b 67657450 		.ascii	"getPca9532Pin\000"
 1137      63613935 
 1137      33325069 
 1137      6E00
 1138              	.LASF17:
 1139 0029 70696E4E 		.ascii	"pinNum\000"
 1139      756D00
 1140              	.LASF15:
 1141 0030 626C696E 		.ascii	"blinkLeds\000"
 1141      6B4C6564 
 1141      7300
 1142              	.LASF20:
 1143 003a 70636139 		.ascii	"pca9532Init\000"
 1143      35333249 
 1143      6E697400 
 1144              	.LASF4:
 1145 0046 6C6F6E67 		.ascii	"long long unsigned int\000"
 1145      206C6F6E 
 1145      6720756E 
 1145      7369676E 
 1145      65642069 
 1146              	.LASF22:
 1147 005d 72657475 		.ascii	"returnedValue\000"
 1147      726E6564 
ARM GAS  C:\Users\embedded\AppData\Local\Temp\ccTxkvwQ.s 			page 25


 1147      56616C75 
 1147      6500
 1148              	.LASF21:
 1149 006b 696E6974 		.ascii	"initCommand\000"
 1149      436F6D6D 
 1149      616E6400 
 1150              	.LASF18:
 1151 0077 6D61736B 		.ascii	"mask\000"
 1151      00
 1152              	.LASF1:
 1153 007c 756E7369 		.ascii	"unsigned char\000"
 1153      676E6564 
 1153      20636861 
 1153      7200
 1154              	.LASF9:
 1155 008a 54525545 		.ascii	"TRUE\000"
 1155      00
 1156              	.LASF12:
 1157 008f 70636139 		.ascii	"pca9532Present\000"
 1157      35333250 
 1157      72657365 
 1157      6E7400
 1158              	.LASF23:
 1159 009e 474E5520 		.ascii	"GNU C11 7.3.1 20180622 (release) [ARM/embedded-7-br"
 1159      43313120 
 1159      372E332E 
 1159      31203230 
 1159      31383036 
 1160 00d1 616E6368 		.ascii	"anch revision 261907] -mcpu=arm7tdmi -mthumb -mthum"
 1160      20726576 
 1160      6973696F 
 1160      6E203236 
 1160      31393037 
 1161 0104 622D696E 		.ascii	"b-interwork -gdwarf-2 -O0\000"
 1161      74657277 
 1161      6F726B20 
 1161      2D676477 
 1161      6172662D 
 1162              	.LASF13:
 1163 011e 636F6D6D 		.ascii	"command\000"
 1163      616E6400 
 1164              	.LASF14:
 1165 0126 72656756 		.ascii	"regValue\000"
 1165      616C7565 
 1165      00
 1166              	.LASF25:
 1167 012f 433A5C45 		.ascii	"C:\\Embedded\\2138MiniDemo\\2138\000"
 1167      6D626564 
 1167      6465645C 
 1167      32313338 
 1167      4D696E69 
 1168              	.LASF2:
 1169 014d 73686F72 		.ascii	"short unsigned int\000"
 1169      7420756E 
 1169      7369676E 
 1169      65642069 
 1169      6E7400
ARM GAS  C:\Users\embedded\AppData\Local\Temp\ccTxkvwQ.s 			page 26


 1170              	.LASF24:
 1171 0160 70636139 		.ascii	"pca9532.c\000"
 1171      3533322E 
 1171      6300
 1172              	.LASF16:
 1173 016a 73657450 		.ascii	"setPca9532Pin\000"
 1173      63613935 
 1173      33325069 
 1173      6E00
 1174              	.LASF11:
 1175 0178 76616C75 		.ascii	"value\000"
 1175      6500
 1176              	.LASF0:
 1177 017e 74553136 		.ascii	"tU16\000"
 1177      00
 1178              	.LASF10:
 1179 0183 74426F6F 		.ascii	"tBool\000"
 1179      6C00
 1180              	.LASF6:
 1181 0189 73686F72 		.ascii	"short int\000"
 1181      7420696E 
 1181      7400
 1182              	.LASF8:
 1183 0193 46414C53 		.ascii	"FALSE\000"
 1183      4500
 1184              	.LASF5:
 1185 0199 7369676E 		.ascii	"signed char\000"
 1185      65642063 
 1185      68617200 
 1186              		.ident	"GCC: (GNU Tools for Arm Embedded Processors 7-2018-q2-update) 7.3.1 20180622 (release) [AR
ARM GAS  C:\Users\embedded\AppData\Local\Temp\ccTxkvwQ.s 			page 27


DEFINED SYMBOLS
                            *ABS*:00000000 pca9532.c
C:\Users\embedded\AppData\Local\Temp\ccTxkvwQ.s:16     .rodata:00000000 $d
C:\Users\embedded\AppData\Local\Temp\ccTxkvwQ.s:35     .text:00000000 pca9532Init
C:\Users\embedded\AppData\Local\Temp\ccTxkvwQ.s:43     .text:00000000 $t
C:\Users\embedded\AppData\Local\Temp\ccTxkvwQ.s:96     .text:00000048 $d
C:\Users\embedded\AppData\Local\Temp\ccTxkvwQ.s:100    .text:0000004c $t
C:\Users\embedded\AppData\Local\Temp\ccTxkvwQ.s:107    .text:0000004c setPca9532Pin
C:\Users\embedded\AppData\Local\Temp\ccTxkvwQ.s:313    .text:0000017a getPca9532Pin
C:\Users\embedded\AppData\Local\Temp\ccTxkvwQ.s:374    .text:000001ba blinkLeds

UNDEFINED SYMBOLS
pca9532
