ARM GAS  C:\Users\embedded\AppData\Local\Temp\ccS96Ca3.s 			page 1


   1              		.cpu arm7tdmi
   2              		.eabi_attribute 20, 1
   3              		.eabi_attribute 21, 1
   4              		.eabi_attribute 23, 3
   5              		.eabi_attribute 24, 1
   6              		.eabi_attribute 25, 1
   7              		.eabi_attribute 26, 1
   8              		.eabi_attribute 30, 6
   9              		.eabi_attribute 34, 0
  10              		.eabi_attribute 18, 4
  11              		.file	"rtc.c"
  12              		.text
  13              	.Ltext0:
  14              		.cfi_sections	.debug_frame
  15              		.section	.rodata
  16              		.align	2
  17              	.LC0:
  18 0000 256400   		.ascii	"%d\000"
  19 0003 00       		.align	2
  20              	.LC2:
  21 0004 3A00     		.ascii	":\000"
  22              		.text
  23              		.align	1
  24              		.global	showTime
  25              		.syntax unified
  26              		.code	16
  27              		.thumb_func
  28              		.fpu softvfp
  29              		.type	showTime, %function
  30              	showTime:
  31              	.LFB0:
  32              		.file 1 "rtc.c"
   1:rtc.c         **** #include "rtc.h"
   2:rtc.c         **** 
   3:rtc.c         **** void showTime(tU8 sec,tU8 min,tU8 hour, tU8 highlight){
  33              		.loc 1 3 0
  34              		.cfi_startproc
  35              		@ Function supports interworking.
  36              		@ args = 0, pretend = 0, frame = 24
  37              		@ frame_needed = 1, uses_anonymous_args = 0
  38 0000 F0B5     		push	{r4, r5, r6, r7, lr}
  39              	.LCFI0:
  40              		.cfi_def_cfa_offset 20
  41              		.cfi_offset 4, -20
  42              		.cfi_offset 5, -16
  43              		.cfi_offset 6, -12
  44              		.cfi_offset 7, -8
  45              		.cfi_offset 14, -4
  46 0002 87B0     		sub	sp, sp, #28
  47              	.LCFI1:
  48              		.cfi_def_cfa_offset 48
  49 0004 00AF     		add	r7, sp, #0
  50              	.LCFI2:
  51              		.cfi_def_cfa_register 7
  52 0006 0500     		movs	r5, r0
  53 0008 0C00     		movs	r4, r1
  54 000a 1000     		movs	r0, r2
ARM GAS  C:\Users\embedded\AppData\Local\Temp\ccS96Ca3.s 			page 2


  55 000c 1900     		movs	r1, r3
  56 000e FB1D     		adds	r3, r7, #7
  57 0010 2A1C     		adds	r2, r5, #0
  58 0012 1A70     		strb	r2, [r3]
  59 0014 BB1D     		adds	r3, r7, #6
  60 0016 221C     		adds	r2, r4, #0
  61 0018 1A70     		strb	r2, [r3]
  62 001a 7B1D     		adds	r3, r7, #5
  63 001c 021C     		adds	r2, r0, #0
  64 001e 1A70     		strb	r2, [r3]
  65 0020 3B1D     		adds	r3, r7, #4
  66 0022 0A1C     		adds	r2, r1, #0
  67 0024 1A70     		strb	r2, [r3]
   4:rtc.c         **** 	tU8 sprintfHolder;
   5:rtc.c         **** 	tU8 tabS[3];
   6:rtc.c         **** 	sprintfHolder = sprintf(tabS, "%d", sec);
  68              		.loc 1 6 0
  69 0026 FB1D     		adds	r3, r7, #7
  70 0028 1A78     		ldrb	r2, [r3]
  71 002a 5949     		ldr	r1, .L8
  72 002c 1025     		movs	r5, #16
  73 002e 7B19     		adds	r3, r7, r5
  74 0030 1800     		movs	r0, r3
  75 0032 FFF7FEFF 		bl	sprintf
  76 0036 0200     		movs	r2, r0
  77 0038 1724     		movs	r4, #23
  78 003a 3B19     		adds	r3, r7, r4
  79 003c 1A70     		strb	r2, [r3]
   7:rtc.c         ****     tU8 tabMin[3];
   8:rtc.c         ****     sprintfHolder = sprintf(tabMin, "%d", min);
  80              		.loc 1 8 0
  81 003e BB1D     		adds	r3, r7, #6
  82 0040 1A78     		ldrb	r2, [r3]
  83 0042 5349     		ldr	r1, .L8
  84 0044 0C26     		movs	r6, #12
  85 0046 BB19     		adds	r3, r7, r6
  86 0048 1800     		movs	r0, r3
  87 004a FFF7FEFF 		bl	sprintf
  88 004e 0200     		movs	r2, r0
  89 0050 3B19     		adds	r3, r7, r4
  90 0052 1A70     		strb	r2, [r3]
   9:rtc.c         ****     tU8 tabHr[3];
  10:rtc.c         ****     sprintfHolder = sprintf(tabHr, "%d", hour);
  91              		.loc 1 10 0
  92 0054 7B1D     		adds	r3, r7, #5
  93 0056 1A78     		ldrb	r2, [r3]
  94 0058 4D49     		ldr	r1, .L8
  95 005a 0823     		movs	r3, #8
  96 005c FB18     		adds	r3, r7, r3
  97 005e 1800     		movs	r0, r3
  98 0060 FFF7FEFF 		bl	sprintf
  99 0064 0200     		movs	r2, r0
 100 0066 3B19     		adds	r3, r7, r4
 101 0068 1A70     		strb	r2, [r3]
  11:rtc.c         **** 
  12:rtc.c         ****     tabS[2] = '\0';
 102              		.loc 1 12 0
ARM GAS  C:\Users\embedded\AppData\Local\Temp\ccS96Ca3.s 			page 3


 103 006a 7B19     		adds	r3, r7, r5
 104 006c 0022     		movs	r2, #0
 105 006e 9A70     		strb	r2, [r3, #2]
  13:rtc.c         ****     tabMin[2] = '\0';
 106              		.loc 1 13 0
 107 0070 BB19     		adds	r3, r7, r6
 108 0072 0022     		movs	r2, #0
 109 0074 9A70     		strb	r2, [r3, #2]
  14:rtc.c         ****     tabHr[2] = '\0';
 110              		.loc 1 14 0
 111 0076 0823     		movs	r3, #8
 112 0078 FB18     		adds	r3, r7, r3
 113 007a 0022     		movs	r2, #0
 114 007c 9A70     		strb	r2, [r3, #2]
  15:rtc.c         **** 
  16:rtc.c         ****     if (sec < (tU8)10) {
 115              		.loc 1 16 0
 116 007e FB1D     		adds	r3, r7, #7
 117 0080 1B78     		ldrb	r3, [r3]
 118 0082 092B     		cmp	r3, #9
 119 0084 0CD8     		bhi	.L2
 120              	.LBB2:
  17:rtc.c         ****         tU8 temp1 = tabS[0];
 121              		.loc 1 17 0
 122 0086 1620     		movs	r0, #22
 123 0088 3B18     		adds	r3, r7, r0
 124 008a 1021     		movs	r1, #16
 125 008c 7A18     		adds	r2, r7, r1
 126 008e 1278     		ldrb	r2, [r2]
 127 0090 1A70     		strb	r2, [r3]
  18:rtc.c         ****         tabS[1] = temp1;
 128              		.loc 1 18 0
 129 0092 7B18     		adds	r3, r7, r1
 130 0094 3A18     		adds	r2, r7, r0
 131 0096 1278     		ldrb	r2, [r2]
 132 0098 5A70     		strb	r2, [r3, #1]
  19:rtc.c         ****         tabS[0] = '0';
 133              		.loc 1 19 0
 134 009a 7B18     		adds	r3, r7, r1
 135 009c 3022     		movs	r2, #48
 136 009e 1A70     		strb	r2, [r3]
 137              	.L2:
 138              	.LBE2:
  20:rtc.c         ****     }
  21:rtc.c         ****     if (min < (tU8)10) {
 139              		.loc 1 21 0
 140 00a0 BB1D     		adds	r3, r7, #6
 141 00a2 1B78     		ldrb	r3, [r3]
 142 00a4 092B     		cmp	r3, #9
 143 00a6 0CD8     		bhi	.L3
 144              	.LBB3:
  22:rtc.c         ****         tU8 temp2 = tabMin[0];
 145              		.loc 1 22 0
 146 00a8 1520     		movs	r0, #21
 147 00aa 3B18     		adds	r3, r7, r0
 148 00ac 0C21     		movs	r1, #12
 149 00ae 7A18     		adds	r2, r7, r1
ARM GAS  C:\Users\embedded\AppData\Local\Temp\ccS96Ca3.s 			page 4


 150 00b0 1278     		ldrb	r2, [r2]
 151 00b2 1A70     		strb	r2, [r3]
  23:rtc.c         ****         tabMin[1] = temp2;
 152              		.loc 1 23 0
 153 00b4 7B18     		adds	r3, r7, r1
 154 00b6 3A18     		adds	r2, r7, r0
 155 00b8 1278     		ldrb	r2, [r2]
 156 00ba 5A70     		strb	r2, [r3, #1]
  24:rtc.c         ****         tabMin[0] = '0';
 157              		.loc 1 24 0
 158 00bc 7B18     		adds	r3, r7, r1
 159 00be 3022     		movs	r2, #48
 160 00c0 1A70     		strb	r2, [r3]
 161              	.L3:
 162              	.LBE3:
  25:rtc.c         ****     }
  26:rtc.c         ****     if (hour < (tU8)10) {
 163              		.loc 1 26 0
 164 00c2 7B1D     		adds	r3, r7, #5
 165 00c4 1B78     		ldrb	r3, [r3]
 166 00c6 092B     		cmp	r3, #9
 167 00c8 0CD8     		bhi	.L4
 168              	.LBB4:
  27:rtc.c         ****         tU8 temp3 = tabHr[0];
 169              		.loc 1 27 0
 170 00ca 1420     		movs	r0, #20
 171 00cc 3B18     		adds	r3, r7, r0
 172 00ce 0821     		movs	r1, #8
 173 00d0 7A18     		adds	r2, r7, r1
 174 00d2 1278     		ldrb	r2, [r2]
 175 00d4 1A70     		strb	r2, [r3]
  28:rtc.c         ****         tabHr[1] = temp3;
 176              		.loc 1 28 0
 177 00d6 7B18     		adds	r3, r7, r1
 178 00d8 3A18     		adds	r2, r7, r0
 179 00da 1278     		ldrb	r2, [r2]
 180 00dc 5A70     		strb	r2, [r3, #1]
  29:rtc.c         ****         tabHr[0] = '0';
 181              		.loc 1 29 0
 182 00de 7B18     		adds	r3, r7, r1
 183 00e0 3022     		movs	r2, #48
 184 00e2 1A70     		strb	r2, [r3]
 185              	.L4:
 186              	.LBE4:
  30:rtc.c         ****     }
  31:rtc.c         **** 
  32:rtc.c         ****     if(highlight == (tU8)0){
 187              		.loc 1 32 0
 188 00e4 3B1D     		adds	r3, r7, #4
 189 00e6 1B78     		ldrb	r3, [r3]
 190 00e8 002B     		cmp	r3, #0
 191 00ea 03D1     		bne	.L5
 192              	.LBB5:
  33:rtc.c         ****     	lcdColor(0x00, 0xff);
 193              		.loc 1 33 0
 194 00ec FF21     		movs	r1, #255
 195 00ee 0020     		movs	r0, #0
ARM GAS  C:\Users\embedded\AppData\Local\Temp\ccS96Ca3.s 			page 5


 196 00f0 FFF7FEFF 		bl	lcdColor
 197              	.L5:
 198              	.LBE5:
  34:rtc.c         ****     }
  35:rtc.c         ****     lcdGotoxy(10, 70);
 199              		.loc 1 35 0
 200 00f4 4621     		movs	r1, #70
 201 00f6 0A20     		movs	r0, #10
 202 00f8 FFF7FEFF 		bl	lcdGotoxy
  36:rtc.c         ****     lcdPuts(tabHr);
 203              		.loc 1 36 0
 204 00fc 0823     		movs	r3, #8
 205 00fe FB18     		adds	r3, r7, r3
 206 0100 1800     		movs	r0, r3
 207 0102 FFF7FEFF 		bl	lcdPuts
  37:rtc.c         ****     lcdColor(0xff, 0x00);
 208              		.loc 1 37 0
 209 0106 0021     		movs	r1, #0
 210 0108 FF20     		movs	r0, #255
 211 010a FFF7FEFF 		bl	lcdColor
  38:rtc.c         **** 
  39:rtc.c         ****     lcdGotoxy(30, 70);
 212              		.loc 1 39 0
 213 010e 4621     		movs	r1, #70
 214 0110 1E20     		movs	r0, #30
 215 0112 FFF7FEFF 		bl	lcdGotoxy
  40:rtc.c         ****     lcdPuts(":");
 216              		.loc 1 40 0
 217 0116 1F4B     		ldr	r3, .L8+4
 218 0118 1800     		movs	r0, r3
 219 011a FFF7FEFF 		bl	lcdPuts
  41:rtc.c         **** 
  42:rtc.c         ****     if(highlight == (tU8)1){
 220              		.loc 1 42 0
 221 011e 3B1D     		adds	r3, r7, #4
 222 0120 1B78     		ldrb	r3, [r3]
 223 0122 012B     		cmp	r3, #1
 224 0124 03D1     		bne	.L6
  43:rtc.c         ****         lcdColor(0x00, 0xff);
 225              		.loc 1 43 0
 226 0126 FF21     		movs	r1, #255
 227 0128 0020     		movs	r0, #0
 228 012a FFF7FEFF 		bl	lcdColor
 229              	.L6:
  44:rtc.c         ****     }
  45:rtc.c         ****     lcdGotoxy(50, 70);
 230              		.loc 1 45 0
 231 012e 4621     		movs	r1, #70
 232 0130 3220     		movs	r0, #50
 233 0132 FFF7FEFF 		bl	lcdGotoxy
  46:rtc.c         ****     lcdPuts(tabMin);
 234              		.loc 1 46 0
 235 0136 0C23     		movs	r3, #12
 236 0138 FB18     		adds	r3, r7, r3
 237 013a 1800     		movs	r0, r3
 238 013c FFF7FEFF 		bl	lcdPuts
  47:rtc.c         ****     lcdColor(0xff, 0x00);
ARM GAS  C:\Users\embedded\AppData\Local\Temp\ccS96Ca3.s 			page 6


 239              		.loc 1 47 0
 240 0140 0021     		movs	r1, #0
 241 0142 FF20     		movs	r0, #255
 242 0144 FFF7FEFF 		bl	lcdColor
  48:rtc.c         **** 
  49:rtc.c         **** 
  50:rtc.c         ****     lcdGotoxy(70, 70);
 243              		.loc 1 50 0
 244 0148 4621     		movs	r1, #70
 245 014a 4620     		movs	r0, #70
 246 014c FFF7FEFF 		bl	lcdGotoxy
  51:rtc.c         ****     lcdPuts(":");
 247              		.loc 1 51 0
 248 0150 104B     		ldr	r3, .L8+4
 249 0152 1800     		movs	r0, r3
 250 0154 FFF7FEFF 		bl	lcdPuts
  52:rtc.c         ****     if(highlight == (tU8)2){
 251              		.loc 1 52 0
 252 0158 3B1D     		adds	r3, r7, #4
 253 015a 1B78     		ldrb	r3, [r3]
 254 015c 022B     		cmp	r3, #2
 255 015e 03D1     		bne	.L7
  53:rtc.c         ****     	lcdColor(0x00, 0xff);
 256              		.loc 1 53 0
 257 0160 FF21     		movs	r1, #255
 258 0162 0020     		movs	r0, #0
 259 0164 FFF7FEFF 		bl	lcdColor
 260              	.L7:
  54:rtc.c         ****     }
  55:rtc.c         ****     lcdGotoxy(90, 70);
 261              		.loc 1 55 0
 262 0168 4621     		movs	r1, #70
 263 016a 5A20     		movs	r0, #90
 264 016c FFF7FEFF 		bl	lcdGotoxy
  56:rtc.c         ****     lcdPuts(tabS);
 265              		.loc 1 56 0
 266 0170 1023     		movs	r3, #16
 267 0172 FB18     		adds	r3, r7, r3
 268 0174 1800     		movs	r0, r3
 269 0176 FFF7FEFF 		bl	lcdPuts
  57:rtc.c         ****     lcdColor(0xff, 0x00);
 270              		.loc 1 57 0
 271 017a 0021     		movs	r1, #0
 272 017c FF20     		movs	r0, #255
 273 017e FFF7FEFF 		bl	lcdColor
  58:rtc.c         **** }
 274              		.loc 1 58 0
 275 0182 C046     		nop
 276 0184 BD46     		mov	sp, r7
 277 0186 07B0     		add	sp, sp, #28
 278              		@ sp needed
 279 0188 F0BC     		pop	{r4, r5, r6, r7}
 280 018a 01BC     		pop	{r0}
 281 018c 0047     		bx	r0
 282              	.L9:
 283 018e C046     		.align	2
 284              	.L8:
ARM GAS  C:\Users\embedded\AppData\Local\Temp\ccS96Ca3.s 			page 7


 285 0190 00000000 		.word	.LC0
 286 0194 04000000 		.word	.LC2
 287              		.cfi_endproc
 288              	.LFE0:
 289              		.size	showTime, .-showTime
 290              		.align	1
 291              		.global	setAlarm
 292              		.syntax unified
 293              		.code	16
 294              		.thumb_func
 295              		.fpu softvfp
 296              		.type	setAlarm, %function
 297              	setAlarm:
 298              	.LFB1:
  59:rtc.c         **** 
  60:rtc.c         **** 
  61:rtc.c         **** void setAlarm(tU8 sec, tU8 min, tU8 hour){
 299              		.loc 1 61 0
 300              		.cfi_startproc
 301              		@ Function supports interworking.
 302              		@ args = 0, pretend = 0, frame = 8
 303              		@ frame_needed = 1, uses_anonymous_args = 0
 304 0198 90B5     		push	{r4, r7, lr}
 305              	.LCFI3:
 306              		.cfi_def_cfa_offset 12
 307              		.cfi_offset 4, -12
 308              		.cfi_offset 7, -8
 309              		.cfi_offset 14, -4
 310 019a 83B0     		sub	sp, sp, #12
 311              	.LCFI4:
 312              		.cfi_def_cfa_offset 24
 313 019c 00AF     		add	r7, sp, #0
 314              	.LCFI5:
 315              		.cfi_def_cfa_register 7
 316 019e 0400     		movs	r4, r0
 317 01a0 0800     		movs	r0, r1
 318 01a2 1100     		movs	r1, r2
 319 01a4 FB1D     		adds	r3, r7, #7
 320 01a6 221C     		adds	r2, r4, #0
 321 01a8 1A70     		strb	r2, [r3]
 322 01aa BB1D     		adds	r3, r7, #6
 323 01ac 021C     		adds	r2, r0, #0
 324 01ae 1A70     		strb	r2, [r3]
 325 01b0 7B1D     		adds	r3, r7, #5
 326 01b2 0A1C     		adds	r2, r1, #0
 327 01b4 1A70     		strb	r2, [r3]
  62:rtc.c         **** 	RTC_ALSEC = sec;
 328              		.loc 1 62 0
 329 01b6 0A4B     		ldr	r3, .L11
 330 01b8 FA1D     		adds	r2, r7, #7
 331 01ba 1278     		ldrb	r2, [r2]
 332 01bc 1A60     		str	r2, [r3]
  63:rtc.c         **** 	RTC_ALMIN = min;
 333              		.loc 1 63 0
 334 01be 094B     		ldr	r3, .L11+4
 335 01c0 BA1D     		adds	r2, r7, #6
 336 01c2 1278     		ldrb	r2, [r2]
ARM GAS  C:\Users\embedded\AppData\Local\Temp\ccS96Ca3.s 			page 8


 337 01c4 1A60     		str	r2, [r3]
  64:rtc.c         **** 	RTC_ALHOUR = hour;
 338              		.loc 1 64 0
 339 01c6 084B     		ldr	r3, .L11+8
 340 01c8 7A1D     		adds	r2, r7, #5
 341 01ca 1278     		ldrb	r2, [r2]
 342 01cc 1A60     		str	r2, [r3]
  65:rtc.c         **** 	RTC_AMR = 0xF8;
 343              		.loc 1 65 0
 344 01ce 074B     		ldr	r3, .L11+12
 345 01d0 F822     		movs	r2, #248
 346 01d2 1A60     		str	r2, [r3]
  66:rtc.c         **** }
 347              		.loc 1 66 0
 348 01d4 C046     		nop
 349 01d6 BD46     		mov	sp, r7
 350 01d8 03B0     		add	sp, sp, #12
 351              		@ sp needed
 352 01da 90BC     		pop	{r4, r7}
 353 01dc 01BC     		pop	{r0}
 354 01de 0047     		bx	r0
 355              	.L12:
 356              		.align	2
 357              	.L11:
 358 01e0 604002E0 		.word	-536723360
 359 01e4 644002E0 		.word	-536723356
 360 01e8 684002E0 		.word	-536723352
 361 01ec 104002E0 		.word	-536723440
 362              		.cfi_endproc
 363              	.LFE1:
 364              		.size	setAlarm, .-setAlarm
 365              	.Letext0:
 366              		.file 2 "general.h"
 367              		.file 3 "<built-in>"
 368              		.section	.debug_info,"",%progbits
 369              	.Ldebug_info0:
 370 0000 21020000 		.4byte	0x221
 371 0004 0200     		.2byte	0x2
 372 0006 00000000 		.4byte	.Ldebug_abbrev0
 373 000a 04       		.byte	0x4
 374 000b 01       		.uleb128 0x1
 375 000c 9C000000 		.4byte	.LASF22
 376 0010 0C       		.byte	0xc
 377 0011 6D010000 		.4byte	.LASF23
 378 0015 2A010000 		.4byte	.LASF24
 379 0019 00000000 		.4byte	.Ltext0
 380 001d F0010000 		.4byte	.Letext0
 381 0021 00000000 		.4byte	.Ldebug_line0
 382 0025 02       		.uleb128 0x2
 383 0026 74553800 		.ascii	"tU8\000"
 384 002a 02       		.byte	0x2
 385 002b 18       		.byte	0x18
 386 002c 30000000 		.4byte	0x30
 387 0030 03       		.uleb128 0x3
 388 0031 01       		.byte	0x1
 389 0032 08       		.byte	0x8
 390 0033 6F000000 		.4byte	.LASF0
ARM GAS  C:\Users\embedded\AppData\Local\Temp\ccS96Ca3.s 			page 9


 391 0037 03       		.uleb128 0x3
 392 0038 02       		.byte	0x2
 393 0039 07       		.byte	0x7
 394 003a 48010000 		.4byte	.LASF1
 395 003e 03       		.uleb128 0x3
 396 003f 04       		.byte	0x4
 397 0040 07       		.byte	0x7
 398 0041 21000000 		.4byte	.LASF2
 399 0045 03       		.uleb128 0x3
 400 0046 08       		.byte	0x8
 401 0047 07       		.byte	0x7
 402 0048 3B000000 		.4byte	.LASF3
 403 004c 03       		.uleb128 0x3
 404 004d 01       		.byte	0x1
 405 004e 06       		.byte	0x6
 406 004f 5B010000 		.4byte	.LASF4
 407 0053 03       		.uleb128 0x3
 408 0054 02       		.byte	0x2
 409 0055 05       		.byte	0x5
 410 0056 79010000 		.4byte	.LASF5
 411 005a 04       		.uleb128 0x4
 412 005b 04       		.byte	0x4
 413 005c 05       		.byte	0x5
 414 005d 696E7400 		.ascii	"int\000"
 415 0061 03       		.uleb128 0x3
 416 0062 08       		.byte	0x8
 417 0063 05       		.byte	0x5
 418 0064 00000000 		.4byte	.LASF6
 419 0068 05       		.uleb128 0x5
 420 0069 01       		.byte	0x1
 421 006a 18000000 		.4byte	.LASF8
 422 006e 01       		.byte	0x1
 423 006f 3D       		.byte	0x3d
 424 0070 01       		.byte	0x1
 425 0071 98010000 		.4byte	.LFB1
 426 0075 F0010000 		.4byte	.LFE1
 427 0079 00000000 		.4byte	.LLST1
 428 007d 01       		.byte	0x1
 429 007e AD000000 		.4byte	0xad
 430 0082 06       		.uleb128 0x6
 431 0083 73656300 		.ascii	"sec\000"
 432 0087 01       		.byte	0x1
 433 0088 3D       		.byte	0x3d
 434 0089 25000000 		.4byte	0x25
 435 008d 02       		.byte	0x2
 436 008e 91       		.byte	0x91
 437 008f 6F       		.sleb128 -17
 438 0090 06       		.uleb128 0x6
 439 0091 6D696E00 		.ascii	"min\000"
 440 0095 01       		.byte	0x1
 441 0096 3D       		.byte	0x3d
 442 0097 25000000 		.4byte	0x25
 443 009b 02       		.byte	0x2
 444 009c 91       		.byte	0x91
 445 009d 6E       		.sleb128 -18
 446 009e 07       		.uleb128 0x7
 447 009f 1C010000 		.4byte	.LASF7
ARM GAS  C:\Users\embedded\AppData\Local\Temp\ccS96Ca3.s 			page 10


 448 00a3 01       		.byte	0x1
 449 00a4 3D       		.byte	0x3d
 450 00a5 25000000 		.4byte	0x25
 451 00a9 02       		.byte	0x2
 452 00aa 91       		.byte	0x91
 453 00ab 6D       		.sleb128 -19
 454 00ac 00       		.byte	0
 455 00ad 08       		.uleb128 0x8
 456 00ae 01       		.byte	0x1
 457 00af 21010000 		.4byte	.LASF9
 458 00b3 01       		.byte	0x1
 459 00b4 03       		.byte	0x3
 460 00b5 01       		.byte	0x1
 461 00b6 00000000 		.4byte	.LFB0
 462 00ba 98010000 		.4byte	.LFE0
 463 00be 38000000 		.4byte	.LLST0
 464 00c2 01       		.byte	0x1
 465 00c3 FC010000 		.4byte	0x1fc
 466 00c7 06       		.uleb128 0x6
 467 00c8 73656300 		.ascii	"sec\000"
 468 00cc 01       		.byte	0x1
 469 00cd 03       		.byte	0x3
 470 00ce 25000000 		.4byte	0x25
 471 00d2 02       		.byte	0x2
 472 00d3 91       		.byte	0x91
 473 00d4 57       		.sleb128 -41
 474 00d5 06       		.uleb128 0x6
 475 00d6 6D696E00 		.ascii	"min\000"
 476 00da 01       		.byte	0x1
 477 00db 03       		.byte	0x3
 478 00dc 25000000 		.4byte	0x25
 479 00e0 02       		.byte	0x2
 480 00e1 91       		.byte	0x91
 481 00e2 56       		.sleb128 -42
 482 00e3 07       		.uleb128 0x7
 483 00e4 1C010000 		.4byte	.LASF7
 484 00e8 01       		.byte	0x1
 485 00e9 03       		.byte	0x3
 486 00ea 25000000 		.4byte	0x25
 487 00ee 02       		.byte	0x2
 488 00ef 91       		.byte	0x91
 489 00f0 55       		.sleb128 -43
 490 00f1 07       		.uleb128 0x7
 491 00f2 65000000 		.4byte	.LASF10
 492 00f6 01       		.byte	0x1
 493 00f7 03       		.byte	0x3
 494 00f8 25000000 		.4byte	0x25
 495 00fc 02       		.byte	0x2
 496 00fd 91       		.byte	0x91
 497 00fe 54       		.sleb128 -44
 498 00ff 09       		.uleb128 0x9
 499 0100 8E000000 		.4byte	.LASF11
 500 0104 01       		.byte	0x1
 501 0105 04       		.byte	0x4
 502 0106 25000000 		.4byte	0x25
 503 010a 02       		.byte	0x2
 504 010b 91       		.byte	0x91
ARM GAS  C:\Users\embedded\AppData\Local\Temp\ccS96Ca3.s 			page 11


 505 010c 67       		.sleb128 -25
 506 010d 09       		.uleb128 0x9
 507 010e 36000000 		.4byte	.LASF12
 508 0112 01       		.byte	0x1
 509 0113 05       		.byte	0x5
 510 0114 FC010000 		.4byte	0x1fc
 511 0118 02       		.byte	0x2
 512 0119 91       		.byte	0x91
 513 011a 60       		.sleb128 -32
 514 011b 0A       		.uleb128 0xa
 515 011c 01       		.byte	0x1
 516 011d 2E000000 		.4byte	.LASF25
 517 0121 03       		.byte	0x3
 518 0122 00       		.byte	0
 519 0123 01       		.byte	0x1
 520 0124 5A000000 		.4byte	0x5a
 521 0128 01       		.byte	0x1
 522 0129 39010000 		.4byte	0x139
 523 012d 0B       		.uleb128 0xb
 524 012e 0C020000 		.4byte	0x20c
 525 0132 0B       		.uleb128 0xb
 526 0133 1E020000 		.4byte	0x21e
 527 0137 0C       		.uleb128 0xc
 528 0138 00       		.byte	0
 529 0139 09       		.uleb128 0x9
 530 013a 58000000 		.4byte	.LASF13
 531 013e 01       		.byte	0x1
 532 013f 07       		.byte	0x7
 533 0140 FC010000 		.4byte	0x1fc
 534 0144 02       		.byte	0x2
 535 0145 91       		.byte	0x91
 536 0146 5C       		.sleb128 -36
 537 0147 09       		.uleb128 0x9
 538 0148 73010000 		.4byte	.LASF14
 539 014c 01       		.byte	0x1
 540 014d 09       		.byte	0x9
 541 014e FC010000 		.4byte	0x1fc
 542 0152 02       		.byte	0x2
 543 0153 91       		.byte	0x91
 544 0154 58       		.sleb128 -40
 545 0155 0D       		.uleb128 0xd
 546 0156 01       		.byte	0x1
 547 0157 0E000000 		.4byte	.LASF15
 548 015b 01       		.byte	0x1
 549 015c 23       		.byte	0x23
 550 015d 5A000000 		.4byte	0x5a
 551 0161 01       		.byte	0x1
 552 0162 68010000 		.4byte	0x168
 553 0166 0C       		.uleb128 0xc
 554 0167 00       		.byte	0
 555 0168 0D       		.uleb128 0xd
 556 0169 01       		.byte	0x1
 557 016a 86000000 		.4byte	.LASF16
 558 016e 01       		.byte	0x1
 559 016f 24       		.byte	0x24
 560 0170 5A000000 		.4byte	0x5a
 561 0174 01       		.byte	0x1
ARM GAS  C:\Users\embedded\AppData\Local\Temp\ccS96Ca3.s 			page 12


 562 0175 7B010000 		.4byte	0x17b
 563 0179 0C       		.uleb128 0xc
 564 017a 00       		.byte	0
 565 017b 0D       		.uleb128 0xd
 566 017c 01       		.byte	0x1
 567 017d 7D000000 		.4byte	.LASF17
 568 0181 01       		.byte	0x1
 569 0182 21       		.byte	0x21
 570 0183 5A000000 		.4byte	0x5a
 571 0187 01       		.byte	0x1
 572 0188 8E010000 		.4byte	0x18e
 573 018c 0C       		.uleb128 0xc
 574 018d 00       		.byte	0
 575 018e 0E       		.uleb128 0xe
 576 018f 86000000 		.4byte	.LBB2
 577 0193 A0000000 		.4byte	.LBE2
 578 0197 AA010000 		.4byte	0x1aa
 579 019b 09       		.uleb128 0x9
 580 019c 52000000 		.4byte	.LASF18
 581 01a0 01       		.byte	0x1
 582 01a1 11       		.byte	0x11
 583 01a2 25000000 		.4byte	0x25
 584 01a6 02       		.byte	0x2
 585 01a7 91       		.byte	0x91
 586 01a8 66       		.sleb128 -26
 587 01a9 00       		.byte	0
 588 01aa 0E       		.uleb128 0xe
 589 01ab A8000000 		.4byte	.LBB3
 590 01af C2000000 		.4byte	.LBE3
 591 01b3 C6010000 		.4byte	0x1c6
 592 01b7 09       		.uleb128 0x9
 593 01b8 67010000 		.4byte	.LASF19
 594 01bc 01       		.byte	0x1
 595 01bd 16       		.byte	0x16
 596 01be 25000000 		.4byte	0x25
 597 01c2 02       		.byte	0x2
 598 01c3 91       		.byte	0x91
 599 01c4 65       		.sleb128 -27
 600 01c5 00       		.byte	0
 601 01c6 0E       		.uleb128 0xe
 602 01c7 CA000000 		.4byte	.LBB4
 603 01cb E4000000 		.4byte	.LBE4
 604 01cf E2010000 		.4byte	0x1e2
 605 01d3 09       		.uleb128 0x9
 606 01d4 5F000000 		.4byte	.LASF20
 607 01d8 01       		.byte	0x1
 608 01d9 1B       		.byte	0x1b
 609 01da 25000000 		.4byte	0x25
 610 01de 02       		.byte	0x2
 611 01df 91       		.byte	0x91
 612 01e0 64       		.sleb128 -28
 613 01e1 00       		.byte	0
 614 01e2 0F       		.uleb128 0xf
 615 01e3 EC000000 		.4byte	.LBB5
 616 01e7 F4000000 		.4byte	.LBE5
 617 01eb 10       		.uleb128 0x10
 618 01ec 01       		.byte	0x1
ARM GAS  C:\Users\embedded\AppData\Local\Temp\ccS96Ca3.s 			page 13


 619 01ed 7D000000 		.4byte	.LASF17
 620 01f1 01       		.byte	0x1
 621 01f2 21       		.byte	0x21
 622 01f3 5A000000 		.4byte	0x5a
 623 01f7 01       		.byte	0x1
 624 01f8 0C       		.uleb128 0xc
 625 01f9 00       		.byte	0
 626 01fa 00       		.byte	0
 627 01fb 00       		.byte	0
 628 01fc 11       		.uleb128 0x11
 629 01fd 25000000 		.4byte	0x25
 630 0201 0C020000 		.4byte	0x20c
 631 0205 12       		.uleb128 0x12
 632 0206 3E000000 		.4byte	0x3e
 633 020a 02       		.byte	0x2
 634 020b 00       		.byte	0
 635 020c 13       		.uleb128 0x13
 636 020d 04       		.byte	0x4
 637 020e 12020000 		.4byte	0x212
 638 0212 03       		.uleb128 0x3
 639 0213 01       		.byte	0x1
 640 0214 08       		.byte	0x8
 641 0215 83010000 		.4byte	.LASF21
 642 0219 14       		.uleb128 0x14
 643 021a 12020000 		.4byte	0x212
 644 021e 13       		.uleb128 0x13
 645 021f 04       		.byte	0x4
 646 0220 19020000 		.4byte	0x219
 647 0224 00       		.byte	0
 648              		.section	.debug_abbrev,"",%progbits
 649              	.Ldebug_abbrev0:
 650 0000 01       		.uleb128 0x1
 651 0001 11       		.uleb128 0x11
 652 0002 01       		.byte	0x1
 653 0003 25       		.uleb128 0x25
 654 0004 0E       		.uleb128 0xe
 655 0005 13       		.uleb128 0x13
 656 0006 0B       		.uleb128 0xb
 657 0007 03       		.uleb128 0x3
 658 0008 0E       		.uleb128 0xe
 659 0009 1B       		.uleb128 0x1b
 660 000a 0E       		.uleb128 0xe
 661 000b 11       		.uleb128 0x11
 662 000c 01       		.uleb128 0x1
 663 000d 12       		.uleb128 0x12
 664 000e 01       		.uleb128 0x1
 665 000f 10       		.uleb128 0x10
 666 0010 06       		.uleb128 0x6
 667 0011 00       		.byte	0
 668 0012 00       		.byte	0
 669 0013 02       		.uleb128 0x2
 670 0014 16       		.uleb128 0x16
 671 0015 00       		.byte	0
 672 0016 03       		.uleb128 0x3
 673 0017 08       		.uleb128 0x8
 674 0018 3A       		.uleb128 0x3a
 675 0019 0B       		.uleb128 0xb
ARM GAS  C:\Users\embedded\AppData\Local\Temp\ccS96Ca3.s 			page 14


 676 001a 3B       		.uleb128 0x3b
 677 001b 0B       		.uleb128 0xb
 678 001c 49       		.uleb128 0x49
 679 001d 13       		.uleb128 0x13
 680 001e 00       		.byte	0
 681 001f 00       		.byte	0
 682 0020 03       		.uleb128 0x3
 683 0021 24       		.uleb128 0x24
 684 0022 00       		.byte	0
 685 0023 0B       		.uleb128 0xb
 686 0024 0B       		.uleb128 0xb
 687 0025 3E       		.uleb128 0x3e
 688 0026 0B       		.uleb128 0xb
 689 0027 03       		.uleb128 0x3
 690 0028 0E       		.uleb128 0xe
 691 0029 00       		.byte	0
 692 002a 00       		.byte	0
 693 002b 04       		.uleb128 0x4
 694 002c 24       		.uleb128 0x24
 695 002d 00       		.byte	0
 696 002e 0B       		.uleb128 0xb
 697 002f 0B       		.uleb128 0xb
 698 0030 3E       		.uleb128 0x3e
 699 0031 0B       		.uleb128 0xb
 700 0032 03       		.uleb128 0x3
 701 0033 08       		.uleb128 0x8
 702 0034 00       		.byte	0
 703 0035 00       		.byte	0
 704 0036 05       		.uleb128 0x5
 705 0037 2E       		.uleb128 0x2e
 706 0038 01       		.byte	0x1
 707 0039 3F       		.uleb128 0x3f
 708 003a 0C       		.uleb128 0xc
 709 003b 03       		.uleb128 0x3
 710 003c 0E       		.uleb128 0xe
 711 003d 3A       		.uleb128 0x3a
 712 003e 0B       		.uleb128 0xb
 713 003f 3B       		.uleb128 0x3b
 714 0040 0B       		.uleb128 0xb
 715 0041 27       		.uleb128 0x27
 716 0042 0C       		.uleb128 0xc
 717 0043 11       		.uleb128 0x11
 718 0044 01       		.uleb128 0x1
 719 0045 12       		.uleb128 0x12
 720 0046 01       		.uleb128 0x1
 721 0047 40       		.uleb128 0x40
 722 0048 06       		.uleb128 0x6
 723 0049 9742     		.uleb128 0x2117
 724 004b 0C       		.uleb128 0xc
 725 004c 01       		.uleb128 0x1
 726 004d 13       		.uleb128 0x13
 727 004e 00       		.byte	0
 728 004f 00       		.byte	0
 729 0050 06       		.uleb128 0x6
 730 0051 05       		.uleb128 0x5
 731 0052 00       		.byte	0
 732 0053 03       		.uleb128 0x3
ARM GAS  C:\Users\embedded\AppData\Local\Temp\ccS96Ca3.s 			page 15


 733 0054 08       		.uleb128 0x8
 734 0055 3A       		.uleb128 0x3a
 735 0056 0B       		.uleb128 0xb
 736 0057 3B       		.uleb128 0x3b
 737 0058 0B       		.uleb128 0xb
 738 0059 49       		.uleb128 0x49
 739 005a 13       		.uleb128 0x13
 740 005b 02       		.uleb128 0x2
 741 005c 0A       		.uleb128 0xa
 742 005d 00       		.byte	0
 743 005e 00       		.byte	0
 744 005f 07       		.uleb128 0x7
 745 0060 05       		.uleb128 0x5
 746 0061 00       		.byte	0
 747 0062 03       		.uleb128 0x3
 748 0063 0E       		.uleb128 0xe
 749 0064 3A       		.uleb128 0x3a
 750 0065 0B       		.uleb128 0xb
 751 0066 3B       		.uleb128 0x3b
 752 0067 0B       		.uleb128 0xb
 753 0068 49       		.uleb128 0x49
 754 0069 13       		.uleb128 0x13
 755 006a 02       		.uleb128 0x2
 756 006b 0A       		.uleb128 0xa
 757 006c 00       		.byte	0
 758 006d 00       		.byte	0
 759 006e 08       		.uleb128 0x8
 760 006f 2E       		.uleb128 0x2e
 761 0070 01       		.byte	0x1
 762 0071 3F       		.uleb128 0x3f
 763 0072 0C       		.uleb128 0xc
 764 0073 03       		.uleb128 0x3
 765 0074 0E       		.uleb128 0xe
 766 0075 3A       		.uleb128 0x3a
 767 0076 0B       		.uleb128 0xb
 768 0077 3B       		.uleb128 0x3b
 769 0078 0B       		.uleb128 0xb
 770 0079 27       		.uleb128 0x27
 771 007a 0C       		.uleb128 0xc
 772 007b 11       		.uleb128 0x11
 773 007c 01       		.uleb128 0x1
 774 007d 12       		.uleb128 0x12
 775 007e 01       		.uleb128 0x1
 776 007f 40       		.uleb128 0x40
 777 0080 06       		.uleb128 0x6
 778 0081 9642     		.uleb128 0x2116
 779 0083 0C       		.uleb128 0xc
 780 0084 01       		.uleb128 0x1
 781 0085 13       		.uleb128 0x13
 782 0086 00       		.byte	0
 783 0087 00       		.byte	0
 784 0088 09       		.uleb128 0x9
 785 0089 34       		.uleb128 0x34
 786 008a 00       		.byte	0
 787 008b 03       		.uleb128 0x3
 788 008c 0E       		.uleb128 0xe
 789 008d 3A       		.uleb128 0x3a
ARM GAS  C:\Users\embedded\AppData\Local\Temp\ccS96Ca3.s 			page 16


 790 008e 0B       		.uleb128 0xb
 791 008f 3B       		.uleb128 0x3b
 792 0090 0B       		.uleb128 0xb
 793 0091 49       		.uleb128 0x49
 794 0092 13       		.uleb128 0x13
 795 0093 02       		.uleb128 0x2
 796 0094 0A       		.uleb128 0xa
 797 0095 00       		.byte	0
 798 0096 00       		.byte	0
 799 0097 0A       		.uleb128 0xa
 800 0098 2E       		.uleb128 0x2e
 801 0099 01       		.byte	0x1
 802 009a 3F       		.uleb128 0x3f
 803 009b 0C       		.uleb128 0xc
 804 009c 03       		.uleb128 0x3
 805 009d 0E       		.uleb128 0xe
 806 009e 3A       		.uleb128 0x3a
 807 009f 0B       		.uleb128 0xb
 808 00a0 3B       		.uleb128 0x3b
 809 00a1 0B       		.uleb128 0xb
 810 00a2 27       		.uleb128 0x27
 811 00a3 0C       		.uleb128 0xc
 812 00a4 49       		.uleb128 0x49
 813 00a5 13       		.uleb128 0x13
 814 00a6 3C       		.uleb128 0x3c
 815 00a7 0C       		.uleb128 0xc
 816 00a8 01       		.uleb128 0x1
 817 00a9 13       		.uleb128 0x13
 818 00aa 00       		.byte	0
 819 00ab 00       		.byte	0
 820 00ac 0B       		.uleb128 0xb
 821 00ad 05       		.uleb128 0x5
 822 00ae 00       		.byte	0
 823 00af 49       		.uleb128 0x49
 824 00b0 13       		.uleb128 0x13
 825 00b1 00       		.byte	0
 826 00b2 00       		.byte	0
 827 00b3 0C       		.uleb128 0xc
 828 00b4 18       		.uleb128 0x18
 829 00b5 00       		.byte	0
 830 00b6 00       		.byte	0
 831 00b7 00       		.byte	0
 832 00b8 0D       		.uleb128 0xd
 833 00b9 2E       		.uleb128 0x2e
 834 00ba 01       		.byte	0x1
 835 00bb 3F       		.uleb128 0x3f
 836 00bc 0C       		.uleb128 0xc
 837 00bd 03       		.uleb128 0x3
 838 00be 0E       		.uleb128 0xe
 839 00bf 3A       		.uleb128 0x3a
 840 00c0 0B       		.uleb128 0xb
 841 00c1 3B       		.uleb128 0x3b
 842 00c2 0B       		.uleb128 0xb
 843 00c3 49       		.uleb128 0x49
 844 00c4 13       		.uleb128 0x13
 845 00c5 3C       		.uleb128 0x3c
 846 00c6 0C       		.uleb128 0xc
ARM GAS  C:\Users\embedded\AppData\Local\Temp\ccS96Ca3.s 			page 17


 847 00c7 01       		.uleb128 0x1
 848 00c8 13       		.uleb128 0x13
 849 00c9 00       		.byte	0
 850 00ca 00       		.byte	0
 851 00cb 0E       		.uleb128 0xe
 852 00cc 0B       		.uleb128 0xb
 853 00cd 01       		.byte	0x1
 854 00ce 11       		.uleb128 0x11
 855 00cf 01       		.uleb128 0x1
 856 00d0 12       		.uleb128 0x12
 857 00d1 01       		.uleb128 0x1
 858 00d2 01       		.uleb128 0x1
 859 00d3 13       		.uleb128 0x13
 860 00d4 00       		.byte	0
 861 00d5 00       		.byte	0
 862 00d6 0F       		.uleb128 0xf
 863 00d7 0B       		.uleb128 0xb
 864 00d8 01       		.byte	0x1
 865 00d9 11       		.uleb128 0x11
 866 00da 01       		.uleb128 0x1
 867 00db 12       		.uleb128 0x12
 868 00dc 01       		.uleb128 0x1
 869 00dd 00       		.byte	0
 870 00de 00       		.byte	0
 871 00df 10       		.uleb128 0x10
 872 00e0 2E       		.uleb128 0x2e
 873 00e1 01       		.byte	0x1
 874 00e2 3F       		.uleb128 0x3f
 875 00e3 0C       		.uleb128 0xc
 876 00e4 03       		.uleb128 0x3
 877 00e5 0E       		.uleb128 0xe
 878 00e6 3A       		.uleb128 0x3a
 879 00e7 0B       		.uleb128 0xb
 880 00e8 3B       		.uleb128 0x3b
 881 00e9 0B       		.uleb128 0xb
 882 00ea 49       		.uleb128 0x49
 883 00eb 13       		.uleb128 0x13
 884 00ec 3C       		.uleb128 0x3c
 885 00ed 0C       		.uleb128 0xc
 886 00ee 00       		.byte	0
 887 00ef 00       		.byte	0
 888 00f0 11       		.uleb128 0x11
 889 00f1 01       		.uleb128 0x1
 890 00f2 01       		.byte	0x1
 891 00f3 49       		.uleb128 0x49
 892 00f4 13       		.uleb128 0x13
 893 00f5 01       		.uleb128 0x1
 894 00f6 13       		.uleb128 0x13
 895 00f7 00       		.byte	0
 896 00f8 00       		.byte	0
 897 00f9 12       		.uleb128 0x12
 898 00fa 21       		.uleb128 0x21
 899 00fb 00       		.byte	0
 900 00fc 49       		.uleb128 0x49
 901 00fd 13       		.uleb128 0x13
 902 00fe 2F       		.uleb128 0x2f
 903 00ff 0B       		.uleb128 0xb
ARM GAS  C:\Users\embedded\AppData\Local\Temp\ccS96Ca3.s 			page 18


 904 0100 00       		.byte	0
 905 0101 00       		.byte	0
 906 0102 13       		.uleb128 0x13
 907 0103 0F       		.uleb128 0xf
 908 0104 00       		.byte	0
 909 0105 0B       		.uleb128 0xb
 910 0106 0B       		.uleb128 0xb
 911 0107 49       		.uleb128 0x49
 912 0108 13       		.uleb128 0x13
 913 0109 00       		.byte	0
 914 010a 00       		.byte	0
 915 010b 14       		.uleb128 0x14
 916 010c 26       		.uleb128 0x26
 917 010d 00       		.byte	0
 918 010e 49       		.uleb128 0x49
 919 010f 13       		.uleb128 0x13
 920 0110 00       		.byte	0
 921 0111 00       		.byte	0
 922 0112 00       		.byte	0
 923              		.section	.debug_loc,"",%progbits
 924              	.Ldebug_loc0:
 925              	.LLST1:
 926 0000 98010000 		.4byte	.LFB1-.Ltext0
 927 0004 9A010000 		.4byte	.LCFI3-.Ltext0
 928 0008 0200     		.2byte	0x2
 929 000a 7D       		.byte	0x7d
 930 000b 00       		.sleb128 0
 931 000c 9A010000 		.4byte	.LCFI3-.Ltext0
 932 0010 9C010000 		.4byte	.LCFI4-.Ltext0
 933 0014 0200     		.2byte	0x2
 934 0016 7D       		.byte	0x7d
 935 0017 0C       		.sleb128 12
 936 0018 9C010000 		.4byte	.LCFI4-.Ltext0
 937 001c 9E010000 		.4byte	.LCFI5-.Ltext0
 938 0020 0200     		.2byte	0x2
 939 0022 7D       		.byte	0x7d
 940 0023 18       		.sleb128 24
 941 0024 9E010000 		.4byte	.LCFI5-.Ltext0
 942 0028 F0010000 		.4byte	.LFE1-.Ltext0
 943 002c 0200     		.2byte	0x2
 944 002e 77       		.byte	0x77
 945 002f 18       		.sleb128 24
 946 0030 00000000 		.4byte	0
 947 0034 00000000 		.4byte	0
 948              	.LLST0:
 949 0038 00000000 		.4byte	.LFB0-.Ltext0
 950 003c 02000000 		.4byte	.LCFI0-.Ltext0
 951 0040 0200     		.2byte	0x2
 952 0042 7D       		.byte	0x7d
 953 0043 00       		.sleb128 0
 954 0044 02000000 		.4byte	.LCFI0-.Ltext0
 955 0048 04000000 		.4byte	.LCFI1-.Ltext0
 956 004c 0200     		.2byte	0x2
 957 004e 7D       		.byte	0x7d
 958 004f 14       		.sleb128 20
 959 0050 04000000 		.4byte	.LCFI1-.Ltext0
 960 0054 06000000 		.4byte	.LCFI2-.Ltext0
ARM GAS  C:\Users\embedded\AppData\Local\Temp\ccS96Ca3.s 			page 19


 961 0058 0200     		.2byte	0x2
 962 005a 7D       		.byte	0x7d
 963 005b 30       		.sleb128 48
 964 005c 06000000 		.4byte	.LCFI2-.Ltext0
 965 0060 98010000 		.4byte	.LFE0-.Ltext0
 966 0064 0200     		.2byte	0x2
 967 0066 77       		.byte	0x77
 968 0067 30       		.sleb128 48
 969 0068 00000000 		.4byte	0
 970 006c 00000000 		.4byte	0
 971              		.section	.debug_aranges,"",%progbits
 972 0000 1C000000 		.4byte	0x1c
 973 0004 0200     		.2byte	0x2
 974 0006 00000000 		.4byte	.Ldebug_info0
 975 000a 04       		.byte	0x4
 976 000b 00       		.byte	0
 977 000c 0000     		.2byte	0
 978 000e 0000     		.2byte	0
 979 0010 00000000 		.4byte	.Ltext0
 980 0014 F0010000 		.4byte	.Letext0-.Ltext0
 981 0018 00000000 		.4byte	0
 982 001c 00000000 		.4byte	0
 983              		.section	.debug_line,"",%progbits
 984              	.Ldebug_line0:
 985 0000 77000000 		.section	.debug_str,"MS",%progbits,1
 985      02003700 
 985      00000201 
 985      FB0E0D00 
 985      01010101 
 986              	.LASF6:
 987 0000 6C6F6E67 		.ascii	"long long int\000"
 987      206C6F6E 
 987      6720696E 
 987      7400
 988              	.LASF15:
 989 000e 6C636447 		.ascii	"lcdGotoxy\000"
 989      6F746F78 
 989      7900
 990              	.LASF8:
 991 0018 73657441 		.ascii	"setAlarm\000"
 991      6C61726D 
 991      00
 992              	.LASF2:
 993 0021 756E7369 		.ascii	"unsigned int\000"
 993      676E6564 
 993      20696E74 
 993      00
 994              	.LASF25:
 995 002e 73707269 		.ascii	"sprintf\000"
 995      6E746600 
 996              	.LASF12:
 997 0036 74616253 		.ascii	"tabS\000"
 997      00
 998              	.LASF3:
 999 003b 6C6F6E67 		.ascii	"long long unsigned int\000"
 999      206C6F6E 
 999      6720756E 
ARM GAS  C:\Users\embedded\AppData\Local\Temp\ccS96Ca3.s 			page 20


 999      7369676E 
 999      65642069 
 1000              	.LASF18:
 1001 0052 74656D70 		.ascii	"temp1\000"
 1001      3100
 1002              	.LASF13:
 1003 0058 7461624D 		.ascii	"tabMin\000"
 1003      696E00
 1004              	.LASF20:
 1005 005f 74656D70 		.ascii	"temp3\000"
 1005      3300
 1006              	.LASF10:
 1007 0065 68696768 		.ascii	"highlight\000"
 1007      6C696768 
 1007      7400
 1008              	.LASF0:
 1009 006f 756E7369 		.ascii	"unsigned char\000"
 1009      676E6564 
 1009      20636861 
 1009      7200
 1010              	.LASF17:
 1011 007d 6C636443 		.ascii	"lcdColor\000"
 1011      6F6C6F72 
 1011      00
 1012              	.LASF16:
 1013 0086 6C636450 		.ascii	"lcdPuts\000"
 1013      75747300 
 1014              	.LASF11:
 1015 008e 73707269 		.ascii	"sprintfHolder\000"
 1015      6E746648 
 1015      6F6C6465 
 1015      7200
 1016              	.LASF22:
 1017 009c 474E5520 		.ascii	"GNU C11 7.3.1 20180622 (release) [ARM/embedded-7-br"
 1017      43313120 
 1017      372E332E 
 1017      31203230 
 1017      31383036 
 1018 00cf 616E6368 		.ascii	"anch revision 261907] -mcpu=arm7tdmi -mthumb -mthum"
 1018      20726576 
 1018      6973696F 
 1018      6E203236 
 1018      31393037 
 1019 0102 622D696E 		.ascii	"b-interwork -gdwarf-2 -O0\000"
 1019      74657277 
 1019      6F726B20 
 1019      2D676477 
 1019      6172662D 
 1020              	.LASF7:
 1021 011c 686F7572 		.ascii	"hour\000"
 1021      00
 1022              	.LASF9:
 1023 0121 73686F77 		.ascii	"showTime\000"
 1023      54696D65 
 1023      00
 1024              	.LASF24:
 1025 012a 433A5C45 		.ascii	"C:\\Embedded\\2138MiniDemo\\2138\000"
ARM GAS  C:\Users\embedded\AppData\Local\Temp\ccS96Ca3.s 			page 21


 1025      6D626564 
 1025      6465645C 
 1025      32313338 
 1025      4D696E69 
 1026              	.LASF1:
 1027 0148 73686F72 		.ascii	"short unsigned int\000"
 1027      7420756E 
 1027      7369676E 
 1027      65642069 
 1027      6E7400
 1028              	.LASF4:
 1029 015b 7369676E 		.ascii	"signed char\000"
 1029      65642063 
 1029      68617200 
 1030              	.LASF19:
 1031 0167 74656D70 		.ascii	"temp2\000"
 1031      3200
 1032              	.LASF23:
 1033 016d 7274632E 		.ascii	"rtc.c\000"
 1033      6300
 1034              	.LASF14:
 1035 0173 74616248 		.ascii	"tabHr\000"
 1035      7200
 1036              	.LASF5:
 1037 0179 73686F72 		.ascii	"short int\000"
 1037      7420696E 
 1037      7400
 1038              	.LASF21:
 1039 0183 63686172 		.ascii	"char\000"
 1039      00
 1040              		.ident	"GCC: (GNU Tools for Arm Embedded Processors 7-2018-q2-update) 7.3.1 20180622 (release) [AR
ARM GAS  C:\Users\embedded\AppData\Local\Temp\ccS96Ca3.s 			page 22


DEFINED SYMBOLS
                            *ABS*:00000000 rtc.c
C:\Users\embedded\AppData\Local\Temp\ccS96Ca3.s:16     .rodata:00000000 $d
C:\Users\embedded\AppData\Local\Temp\ccS96Ca3.s:30     .text:00000000 showTime
C:\Users\embedded\AppData\Local\Temp\ccS96Ca3.s:38     .text:00000000 $t
C:\Users\embedded\AppData\Local\Temp\ccS96Ca3.s:285    .text:00000190 $d
C:\Users\embedded\AppData\Local\Temp\ccS96Ca3.s:290    .text:00000198 $t
C:\Users\embedded\AppData\Local\Temp\ccS96Ca3.s:297    .text:00000198 setAlarm
C:\Users\embedded\AppData\Local\Temp\ccS96Ca3.s:358    .text:000001e0 $d

UNDEFINED SYMBOLS
sprintf
lcdColor
lcdGotoxy
lcdPuts
